

================================================================
== Vivado HLS Report for 'hls_video_block'
================================================================
* Date:           Sun Dec 16 17:14:02 2018

* Version:        2018.2 (Build 2258646 on Thu Jun 14 20:25:20 MDT 2018)
* Project:        hls_video_block
* Solution:       solution1
* Product family: zynquplus
* Target device:  xczu7ev-ffvc1156-2-e


================================================================
== Performance Estimates
================================================================
+ Timing (ns): 
    * Summary: 
    +--------+-------+----------+------------+
    |  Clock | Target| Estimated| Uncertainty|
    +--------+-------+----------+------------+
    |ap_clk  |   3.00|     2.700|        0.30|
    +--------+-------+----------+------------+

+ Latency (clock cycles): 
    * Summary: 
    +--------+--------+--------+--------+----------+
    |     Latency     |     Interval    | Pipeline |
    |   min  |   max  |   min  |   max  |   Type   |
    +--------+--------+--------+--------+----------+
    |  925930|  926645|  925922|  926644| dataflow |
    +--------+--------+--------+--------+----------+

    + Detail: 
        * Instance: 
        +-----------------+--------------+--------+--------+--------+--------+---------+
        |                 |              |     Latency     |     Interval    | Pipeline|
        |     Instance    |    Module    |   min  |   max  |   min  |   max  |   Type  |
        +-----------------+--------------+--------+--------+--------+--------+---------+
        |hls_2DFilter_U0  |hls_2DFilter  |  925921|  925921|  925921|  925921|   none  |
        |AXIvideo2Mat_U0  |AXIvideo2Mat  |       3|  926643|       3|  926643|   none  |
        |CvtColor_U0      |CvtColor      |       1|  926641|       1|  926641|   none  |
        |Mat2AXIvideo_U0  |Mat2AXIvideo  |  924481|  924481|  924481|  924481|   none  |
        |CvtColor_1_U0    |CvtColor_1    |  923761|  923761|  923761|  923761|   none  |
        |Block_proc_U0    |Block_proc    |       0|       0|       0|       0|   none  |
        +-----------------+--------------+--------+--------+--------+--------+---------+

        * Loop: 
        N/A



================================================================
== Utilization Estimates
================================================================
* Summary: 
+-----------------+---------+-------+--------+--------+-----+
|       Name      | BRAM_18K| DSP48E|   FF   |   LUT  | URAM|
+-----------------+---------+-------+--------+--------+-----+
|DSP              |        -|      -|       -|       -|    -|
|Expression       |        -|      -|       -|       -|    -|
|FIFO             |        0|      -|      60|     254|    -|
|Instance         |        2|      3|    1024|    1948|    -|
|Memory           |        -|      -|       -|       -|    -|
|Multiplexer      |        -|      -|       -|       -|    -|
|Register         |        -|      -|       -|       -|    -|
+-----------------+---------+-------+--------+--------+-----+
|Total            |        2|      3|    1084|    2202|    0|
+-----------------+---------+-------+--------+--------+-----+
|Available        |      624|   1728|  460800|  230400|   96|
+-----------------+---------+-------+--------+--------+-----+
|Utilization (%)  |    ~0   |   ~0  |   ~0   |   ~0   |    0|
+-----------------+---------+-------+--------+--------+-----+

+ Detail: 
    * Instance: 
    +-----------------+--------------+---------+-------+-----+-----+
    |     Instance    |    Module    | BRAM_18K| DSP48E|  FF | LUT |
    +-----------------+--------------+---------+-------+-----+-----+
    |AXIvideo2Mat_U0  |AXIvideo2Mat  |        0|      0|  239|  494|
    |Block_proc_U0    |Block_proc    |        0|      0|    2|   29|
    |CvtColor_U0      |CvtColor      |        0|      3|  324|  299|
    |CvtColor_1_U0    |CvtColor_1    |        0|      0|   40|  185|
    |Mat2AXIvideo_U0  |Mat2AXIvideo  |        0|      0|  119|  368|
    |hls_2DFilter_U0  |hls_2DFilter  |        2|      0|  300|  573|
    +-----------------+--------------+---------+-------+-----+-----+
    |Total            |              |        2|      3| 1024| 1948|
    +-----------------+--------------+---------+-------+-----+-----+

    * DSP48: 
    N/A

    * Memory: 
    N/A

    * FIFO: 
    +--------------------------+---------+---+----+------+-----+---------+
    |           Name           | BRAM_18K| FF| LUT| Depth| Bits| Size:D*B|
    +--------------------------+---------+---+----+------+-----+---------+
    |im_1_data_stream_0_s_U    |        0|  5|  20|     2|    8|       16|
    |im_2_data_stream_0_s_U    |        0|  5|  20|     2|    8|       16|
    |input_mat_cols_V_c11_U    |        0|  5|  24|     2|   12|       24|
    |input_mat_cols_V_c_U      |        0|  5|  24|     2|   12|       24|
    |input_mat_data_strea_1_U  |        0|  5|  20|     2|    8|       16|
    |input_mat_data_strea_2_U  |        0|  5|  20|     2|    8|       16|
    |input_mat_data_strea_U    |        0|  5|  20|     2|    8|       16|
    |input_mat_rows_V_c10_U    |        0|  5|  23|     2|   11|       22|
    |input_mat_rows_V_c_U      |        0|  5|  23|     2|   11|       22|
    |output_mat_data_stre_1_U  |        0|  5|  20|     2|    8|       16|
    |output_mat_data_stre_2_U  |        0|  5|  20|     2|    8|       16|
    |output_mat_data_stre_U    |        0|  5|  20|     2|    8|       16|
    +--------------------------+---------+---+----+------+-----+---------+
    |Total                     |        0| 60| 254|    24|  110|      220|
    +--------------------------+---------+---+----+------+-----+---------+

    * Expression: 
    N/A

    * Multiplexer: 
    N/A

    * Register: 
    N/A



================================================================
== Interface
================================================================
* Summary: 
+----------------------+-----+-----+--------------+--------------------+--------------+
|       RTL Ports      | Dir | Bits|   Protocol   |    Source Object   |    C Type    |
+----------------------+-----+-----+--------------+--------------------+--------------+
|INPUT_STREAM_TDATA    |  in |   24|     axis     |  VIDEO_IN_V_data_V |    pointer   |
|INPUT_STREAM_TKEEP    |  in |    3|     axis     |  VIDEO_IN_V_keep_V |    pointer   |
|INPUT_STREAM_TSTRB    |  in |    3|     axis     |  VIDEO_IN_V_strb_V |    pointer   |
|INPUT_STREAM_TUSER    |  in |    1|     axis     |  VIDEO_IN_V_user_V |    pointer   |
|INPUT_STREAM_TLAST    |  in |    1|     axis     |  VIDEO_IN_V_last_V |    pointer   |
|INPUT_STREAM_TID      |  in |    1|     axis     |   VIDEO_IN_V_id_V  |    pointer   |
|INPUT_STREAM_TDEST    |  in |    1|     axis     |  VIDEO_IN_V_dest_V |    pointer   |
|INPUT_STREAM_TVALID   |  in |    1|     axis     |  VIDEO_IN_V_dest_V |    pointer   |
|INPUT_STREAM_TREADY   | out |    1|     axis     |  VIDEO_IN_V_dest_V |    pointer   |
|OUTPUT_STREAM_TDATA   | out |   24|     axis     | VIDEO_OUT_V_data_V |    pointer   |
|OUTPUT_STREAM_TKEEP   | out |    3|     axis     | VIDEO_OUT_V_keep_V |    pointer   |
|OUTPUT_STREAM_TSTRB   | out |    3|     axis     | VIDEO_OUT_V_strb_V |    pointer   |
|OUTPUT_STREAM_TUSER   | out |    1|     axis     | VIDEO_OUT_V_user_V |    pointer   |
|OUTPUT_STREAM_TLAST   | out |    1|     axis     | VIDEO_OUT_V_last_V |    pointer   |
|OUTPUT_STREAM_TID     | out |    1|     axis     |  VIDEO_OUT_V_id_V  |    pointer   |
|OUTPUT_STREAM_TDEST   | out |    1|     axis     | VIDEO_OUT_V_dest_V |    pointer   |
|OUTPUT_STREAM_TVALID  | out |    1|     axis     | VIDEO_OUT_V_dest_V |    pointer   |
|OUTPUT_STREAM_TREADY  |  in |    1|     axis     | VIDEO_OUT_V_dest_V |    pointer   |
|ap_clk                |  in |    1| ap_ctrl_none |   hls_video_block  | return value |
|ap_rst_n              |  in |    1| ap_ctrl_none |   hls_video_block  | return value |
+----------------------+-----+-----+--------------+--------------------+--------------+

