

================================================================
== Vivado HLS Report for 'CvtColor'
================================================================
* Date:           Sun Dec 16 17:13:57 2018

* Version:        2018.2 (Build 2258646 on Thu Jun 14 20:25:20 MDT 2018)
* Project:        hls_video_block
* Solution:       solution1
* Product family: zynquplus
* Target device:  xczu7ev-ffvc1156-2-e


================================================================
== Performance Estimates
================================================================
+ Timing (ns): 
    * Summary: 
    +--------+-------+----------+------------+
    |  Clock | Target| Estimated| Uncertainty|
    +--------+-------+----------+------------+
    |ap_clk  |   3.00|     2.533|        0.30|
    +--------+-------+----------+------------+

+ Latency (clock cycles): 
    * Summary: 
    +-----+--------+-----+--------+---------+
    |    Latency   |   Interval   | Pipeline|
    | min |   max  | min |   max  |   Type  |
    +-----+--------+-----+--------+---------+
    |    1|  926641|    1|  926641|   none  |
    +-----+--------+-----+--------+---------+

    + Detail: 
        * Instance: 
        N/A

        * Loop: 
        +---------------+-----+--------+----------+-----------+-----------+----------+----------+
        |               |    Latency   | Iteration|  Initiation Interval  |   Trip   |          |
        |   Loop Name   | min |   max  |  Latency |  achieved |   target  |   Count  | Pipelined|
        +---------------+-----+--------+----------+-----------+-----------+----------+----------+
        |- loop_height  |    0|  926640| 3 ~ 1287 |          -|          -|  0 ~ 720 |    no    |
        | + loop_width  |    0|    1284|         6|          1|          1| 0 ~ 1280 |    yes   |
        +---------------+-----+--------+----------+-----------+-----------+----------+----------+

============================================================
+ Verbose Summary: Synthesis Manager
============================================================
InlineROM: 1
ExposeGlobal: 0
============================================================
+ Verbose Summary: CDFG Model
============================================================
IsTopModel: 0
ResetActiveHigh: 1
IsCombinational: 2
IsDatapathOnly: 0
HasWiredReturn: 1
HasMFsm: 0
HasVarLatency: 1
IsPipeline: 0
IsRtlPipelined: 0
IsInstanceOverlapped: 0
IsDontTouch: 0
HasImplIP: 0
IsGatedGlobalClock: 0

+ Individual pipeline summary: 
  * Pipeline-0: initiation interval (II) = 1, depth = 6


============================================================
+ Verbose Summary: Schedule
============================================================
* Number of FSM states : 9
* Pipeline : 1
  Pipeline-0 : II = 1, D = 6, States = { 3 4 5 6 7 8 }
* Dataflow Pipeline: 0

* FSM state transitions: 
1 --> 
	2  / true
2 --> 
	3  / (tmp_i)
3 --> 
	9  / (!tmp_25_i)
	4  / (tmp_25_i)
4 --> 
	5  / true
5 --> 
	6  / true
6 --> 
	7  / true
7 --> 
	8  / true
8 --> 
	3  / true
9 --> 
	2  / true

* FSM state operations: 

State 1 <SV = 0> <Delay = 1.35>
ST_1 : Operation 10 [1/1] (0.00ns)   --->   "call void (...)* @_ssdm_op_SpecInterface(i8* %p_dst_data_stream_V, [8 x i8]* @ap_fifo_str, i32 0, i32 0, [1 x i8]* @p_str, i32 0, i32 0, [1 x i8]* @p_str, [1 x i8]* @p_str, [1 x i8]* @p_str, i32 2, i32 2, i32 16, i32 16, [1 x i8]* @p_str, [1 x i8]* @p_str)"   --->   Operation 10 'specinterface' <Predicate = true> <Delay = 0.00>
ST_1 : Operation 11 [1/1] (0.00ns)   --->   "call void (...)* @_ssdm_op_SpecInterface(i8* %p_src_data_stream_2_V, [8 x i8]* @ap_fifo_str, i32 0, i32 0, [1 x i8]* @p_str, i32 0, i32 0, [1 x i8]* @p_str, [1 x i8]* @p_str, [1 x i8]* @p_str, i32 2, i32 2, i32 16, i32 16, [1 x i8]* @p_str, [1 x i8]* @p_str)"   --->   Operation 11 'specinterface' <Predicate = true> <Delay = 0.00>
ST_1 : Operation 12 [1/1] (0.00ns)   --->   "call void (...)* @_ssdm_op_SpecInterface(i8* %p_src_data_stream_1_V, [8 x i8]* @ap_fifo_str, i32 0, i32 0, [1 x i8]* @p_str, i32 0, i32 0, [1 x i8]* @p_str, [1 x i8]* @p_str, [1 x i8]* @p_str, i32 2, i32 2, i32 16, i32 16, [1 x i8]* @p_str, [1 x i8]* @p_str)"   --->   Operation 12 'specinterface' <Predicate = true> <Delay = 0.00>
ST_1 : Operation 13 [1/1] (0.00ns)   --->   "call void (...)* @_ssdm_op_SpecInterface(i8* %p_src_data_stream_0_V, [8 x i8]* @ap_fifo_str, i32 0, i32 0, [1 x i8]* @p_str, i32 0, i32 0, [1 x i8]* @p_str, [1 x i8]* @p_str, [1 x i8]* @p_str, i32 2, i32 2, i32 16, i32 16, [1 x i8]* @p_str, [1 x i8]* @p_str)"   --->   Operation 13 'specinterface' <Predicate = true> <Delay = 0.00>
ST_1 : Operation 14 [1/1] (0.00ns)   --->   "call void (...)* @_ssdm_op_SpecInterface(i11* %p_src_rows_V, [8 x i8]* @ap_fifo_str, i32 0, i32 0, [1 x i8]* @p_str, i32 0, i32 0, [1 x i8]* @p_str, [1 x i8]* @p_str, [1 x i8]* @p_str, i32 2, i32 2, i32 16, i32 16, [1 x i8]* @p_str, [1 x i8]* @p_str)"   --->   Operation 14 'specinterface' <Predicate = true> <Delay = 0.00>
ST_1 : Operation 15 [1/1] (0.00ns)   --->   "call void (...)* @_ssdm_op_SpecInterface(i12* %p_src_cols_V, [8 x i8]* @ap_fifo_str, i32 0, i32 0, [1 x i8]* @p_str, i32 0, i32 0, [1 x i8]* @p_str, [1 x i8]* @p_str, [1 x i8]* @p_str, i32 2, i32 2, i32 16, i32 16, [1 x i8]* @p_str, [1 x i8]* @p_str)"   --->   Operation 15 'specinterface' <Predicate = true> <Delay = 0.00>
ST_1 : Operation 16 [1/1] (1.35ns)   --->   "%p_src_cols_V_read = call i12 @_ssdm_op_Read.ap_fifo.i12P(i12* %p_src_cols_V)"   --->   Operation 16 'read' 'p_src_cols_V_read' <Predicate = true> <Delay = 1.35> <Core = "FIFO">   --->   Core 32 'FIFO' <Latency = 0> <II = 1> <Delay = 1.83> <Storage> <Opcode : 'read' 'write' 'nbread' 'nbwrite'> <Ports = 0> <Width = 11> <Depth = 2> <FIFO>
ST_1 : Operation 17 [1/1] (1.35ns)   --->   "%p_src_rows_V_read = call i11 @_ssdm_op_Read.ap_fifo.i11P(i11* %p_src_rows_V)"   --->   Operation 17 'read' 'p_src_rows_V_read' <Predicate = true> <Delay = 1.35> <Core = "FIFO">   --->   Core 32 'FIFO' <Latency = 0> <II = 1> <Delay = 1.83> <Storage> <Opcode : 'read' 'write' 'nbread' 'nbwrite'> <Ports = 0> <Width = 11> <Depth = 2> <FIFO>
ST_1 : Operation 18 [1/1] (0.65ns)   --->   "br label %0" [/proj/gsd/vivado/Vivado/2018.2/common/technology/autopilot/hls/hls_video_imgproc.h:1946]   --->   Operation 18 'br' <Predicate = true> <Delay = 0.65>

State 2 <SV = 1> <Delay = 1.23>
ST_2 : Operation 19 [1/1] (0.00ns)   --->   "%i_i = phi i10 [ 0, %entry ], [ %i, %3 ]"   --->   Operation 19 'phi' 'i_i' <Predicate = true> <Delay = 0.00>
ST_2 : Operation 20 [1/1] (0.00ns)   --->   "%i_cast_cast_i = zext i10 %i_i to i11" [/proj/gsd/vivado/Vivado/2018.2/common/technology/autopilot/hls/hls_video_imgproc.h:1946]   --->   Operation 20 'zext' 'i_cast_cast_i' <Predicate = true> <Delay = 0.00>
ST_2 : Operation 21 [1/1] (0.94ns)   --->   "%tmp_i = icmp slt i11 %i_cast_cast_i, %p_src_rows_V_read" [/proj/gsd/vivado/Vivado/2018.2/common/technology/autopilot/hls/hls_video_imgproc.h:1946]   --->   Operation 21 'icmp' 'tmp_i' <Predicate = true> <Delay = 0.94> <Core = "Cmp">   --->   Core 25 'Cmp' <Latency = 0> <II = 1> <Delay = 0.94> <FuncUnit> <Opcode : 'icmp'> <InPorts = 2> <OutPorts = 1>
ST_2 : Operation 22 [1/1] (0.00ns)   --->   "call void (...)* @_ssdm_op_SpecLoopTripCount(i64 0, i64 720, i64 0)"   --->   Operation 22 'speclooptripcount' <Predicate = true> <Delay = 0.00>
ST_2 : Operation 23 [1/1] (0.78ns)   --->   "%i = add i10 %i_i, 1" [/proj/gsd/vivado/Vivado/2018.2/common/technology/autopilot/hls/hls_video_imgproc.h:1946]   --->   Operation 23 'add' 'i' <Predicate = true> <Delay = 0.78> <Core = "AddSub">   --->   Core 14 'AddSub' <Latency = 0> <II = 1> <Delay = 0.78> <FuncUnit> <Opcode : 'add' 'sub'> <InPorts = 2> <OutPorts = 1>
ST_2 : Operation 24 [1/1] (0.00ns)   --->   "br i1 %tmp_i, label %1, label %.exit" [/proj/gsd/vivado/Vivado/2018.2/common/technology/autopilot/hls/hls_video_imgproc.h:1946]   --->   Operation 24 'br' <Predicate = true> <Delay = 0.00>
ST_2 : Operation 25 [1/1] (0.00ns)   --->   "call void (...)* @_ssdm_op_SpecLoopName([12 x i8]* @p_str19) nounwind" [/proj/gsd/vivado/Vivado/2018.2/common/technology/autopilot/hls/hls_video_imgproc.h:1946]   --->   Operation 25 'specloopname' <Predicate = (tmp_i)> <Delay = 0.00>
ST_2 : Operation 26 [1/1] (0.00ns)   --->   "%tmp_i_50 = call i32 (...)* @_ssdm_op_SpecRegionBegin([12 x i8]* @p_str19)" [/proj/gsd/vivado/Vivado/2018.2/common/technology/autopilot/hls/hls_video_imgproc.h:1946]   --->   Operation 26 'specregionbegin' 'tmp_i_50' <Predicate = (tmp_i)> <Delay = 0.00>
ST_2 : Operation 27 [1/1] (0.65ns)   --->   "br label %2" [/proj/gsd/vivado/Vivado/2018.2/common/technology/autopilot/hls/hls_video_imgproc.h:1947]   --->   Operation 27 'br' <Predicate = (tmp_i)> <Delay = 0.65>
ST_2 : Operation 28 [1/1] (0.00ns)   --->   "ret void"   --->   Operation 28 'ret' <Predicate = (!tmp_i)> <Delay = 0.00>

State 3 <SV = 2> <Delay = 0.97>
ST_3 : Operation 29 [1/1] (0.00ns)   --->   "%j_i = phi i11 [ 0, %1 ], [ %j, %"operator>>.exit.i_ifconv" ]"   --->   Operation 29 'phi' 'j_i' <Predicate = true> <Delay = 0.00>
ST_3 : Operation 30 [1/1] (0.00ns)   --->   "%j_cast_cast_i = zext i11 %j_i to i12" [/proj/gsd/vivado/Vivado/2018.2/common/technology/autopilot/hls/hls_video_imgproc.h:1947]   --->   Operation 30 'zext' 'j_cast_cast_i' <Predicate = true> <Delay = 0.00>
ST_3 : Operation 31 [1/1] (0.97ns)   --->   "%tmp_25_i = icmp slt i12 %j_cast_cast_i, %p_src_cols_V_read" [/proj/gsd/vivado/Vivado/2018.2/common/technology/autopilot/hls/hls_video_imgproc.h:1947]   --->   Operation 31 'icmp' 'tmp_25_i' <Predicate = true> <Delay = 0.97> <Core = "Cmp">   --->   Core 25 'Cmp' <Latency = 0> <II = 1> <Delay = 0.94> <FuncUnit> <Opcode : 'icmp'> <InPorts = 2> <OutPorts = 1>
ST_3 : Operation 32 [1/1] (0.00ns)   --->   "call void (...)* @_ssdm_op_SpecLoopTripCount(i64 0, i64 1280, i64 0)"   --->   Operation 32 'speclooptripcount' <Predicate = true> <Delay = 0.00>
ST_3 : Operation 33 [1/1] (0.79ns)   --->   "%j = add i11 %j_i, 1" [/proj/gsd/vivado/Vivado/2018.2/common/technology/autopilot/hls/hls_video_imgproc.h:1947]   --->   Operation 33 'add' 'j' <Predicate = true> <Delay = 0.79> <Core = "AddSub">   --->   Core 14 'AddSub' <Latency = 0> <II = 1> <Delay = 0.78> <FuncUnit> <Opcode : 'add' 'sub'> <InPorts = 2> <OutPorts = 1>
ST_3 : Operation 34 [1/1] (0.00ns)   --->   "br i1 %tmp_25_i, label %"operator>>.exit.i_ifconv", label %3" [/proj/gsd/vivado/Vivado/2018.2/common/technology/autopilot/hls/hls_video_imgproc.h:1947]   --->   Operation 34 'br' <Predicate = true> <Delay = 0.00>

State 4 <SV = 3> <Delay = 1.35>
ST_4 : Operation 35 [1/1] (0.00ns)   --->   "%tmp_26_i = call i32 (...)* @_ssdm_op_SpecRegionBegin([12 x i8]* @p_str24)" [/proj/gsd/vivado/Vivado/2018.2/common/technology/autopilot/hls/hls_video_core.h:617->/proj/gsd/vivado/Vivado/2018.2/common/technology/autopilot/hls/hls_video_core.h:656->/proj/gsd/vivado/Vivado/2018.2/common/technology/autopilot/hls/hls_video_imgproc.h:1950]   --->   Operation 35 'specregionbegin' 'tmp_26_i' <Predicate = (tmp_25_i)> <Delay = 0.00>
ST_4 : Operation 36 [1/1] (0.00ns)   --->   "call void (...)* @_ssdm_op_SpecProtocol(i32 0, [1 x i8]* @p_str2) nounwind" [/proj/gsd/vivado/Vivado/2018.2/common/technology/autopilot/hls/hls_video_core.h:621->/proj/gsd/vivado/Vivado/2018.2/common/technology/autopilot/hls/hls_video_core.h:656->/proj/gsd/vivado/Vivado/2018.2/common/technology/autopilot/hls/hls_video_imgproc.h:1950]   --->   Operation 36 'specprotocol' <Predicate = (tmp_25_i)> <Delay = 0.00>
ST_4 : Operation 37 [1/1] (1.35ns)   --->   "%tmp_23 = call i8 @_ssdm_op_Read.ap_fifo.volatile.i8P(i8* %p_src_data_stream_0_V)" [/proj/gsd/vivado/Vivado/2018.2/common/technology/autopilot/hls/hls_video_core.h:624->/proj/gsd/vivado/Vivado/2018.2/common/technology/autopilot/hls/hls_video_core.h:656->/proj/gsd/vivado/Vivado/2018.2/common/technology/autopilot/hls/hls_video_imgproc.h:1950]   --->   Operation 37 'read' 'tmp_23' <Predicate = (tmp_25_i)> <Delay = 1.35> <Core = "FIFO">   --->   Core 32 'FIFO' <Latency = 0> <II = 1> <Delay = 1.83> <Storage> <Opcode : 'read' 'write' 'nbread' 'nbwrite'> <Ports = 0> <Width = 11> <Depth = 2> <FIFO>
ST_4 : Operation 38 [1/1] (1.35ns)   --->   "%tmp_24 = call i8 @_ssdm_op_Read.ap_fifo.volatile.i8P(i8* %p_src_data_stream_1_V)" [/proj/gsd/vivado/Vivado/2018.2/common/technology/autopilot/hls/hls_video_core.h:624->/proj/gsd/vivado/Vivado/2018.2/common/technology/autopilot/hls/hls_video_core.h:656->/proj/gsd/vivado/Vivado/2018.2/common/technology/autopilot/hls/hls_video_imgproc.h:1950]   --->   Operation 38 'read' 'tmp_24' <Predicate = (tmp_25_i)> <Delay = 1.35> <Core = "FIFO">   --->   Core 32 'FIFO' <Latency = 0> <II = 1> <Delay = 1.83> <Storage> <Opcode : 'read' 'write' 'nbread' 'nbwrite'> <Ports = 0> <Width = 11> <Depth = 2> <FIFO>
ST_4 : Operation 39 [1/1] (1.35ns)   --->   "%tmp_25 = call i8 @_ssdm_op_Read.ap_fifo.volatile.i8P(i8* %p_src_data_stream_2_V)" [/proj/gsd/vivado/Vivado/2018.2/common/technology/autopilot/hls/hls_video_core.h:624->/proj/gsd/vivado/Vivado/2018.2/common/technology/autopilot/hls/hls_video_core.h:656->/proj/gsd/vivado/Vivado/2018.2/common/technology/autopilot/hls/hls_video_imgproc.h:1950]   --->   Operation 39 'read' 'tmp_25' <Predicate = (tmp_25_i)> <Delay = 1.35> <Core = "FIFO">   --->   Core 32 'FIFO' <Latency = 0> <II = 1> <Delay = 1.83> <Storage> <Opcode : 'read' 'write' 'nbread' 'nbwrite'> <Ports = 0> <Width = 11> <Depth = 2> <FIFO>
ST_4 : Operation 40 [1/1] (0.00ns)   --->   "%empty = call i32 (...)* @_ssdm_op_SpecRegionEnd([12 x i8]* @p_str24, i32 %tmp_26_i)" [/proj/gsd/vivado/Vivado/2018.2/common/technology/autopilot/hls/hls_video_core.h:626->/proj/gsd/vivado/Vivado/2018.2/common/technology/autopilot/hls/hls_video_core.h:656->/proj/gsd/vivado/Vivado/2018.2/common/technology/autopilot/hls/hls_video_imgproc.h:1950]   --->   Operation 40 'specregionend' 'empty' <Predicate = (tmp_25_i)> <Delay = 0.00>

State 5 <SV = 4> <Delay = 2.53>
ST_5 : Operation 41 [1/1] (0.00ns)   --->   "%OP2_V_i_cast_i = zext i8 %tmp_23 to i29" [/proj/gsd/vivado/Vivado/2018.2/common/technology/autopilot/hls/hls_video_imgproc.h:1477->/proj/gsd/vivado/Vivado/2018.2/common/technology/autopilot/hls/hls_video_imgproc.h:1525->/proj/gsd/vivado/Vivado/2018.2/common/technology/autopilot/hls/hls_video_imgproc.h:1951]   --->   Operation 41 'zext' 'OP2_V_i_cast_i' <Predicate = (tmp_25_i)> <Delay = 0.00>
ST_5 : Operation 42 [1/1] (2.53ns)   --->   "%r_V_i_i = mul i29 %OP2_V_i_cast_i, 1254096" [/proj/gsd/vivado/Vivado/2018.2/common/technology/autopilot/hls/hls_video_imgproc.h:1477->/proj/gsd/vivado/Vivado/2018.2/common/technology/autopilot/hls/hls_video_imgproc.h:1525->/proj/gsd/vivado/Vivado/2018.2/common/technology/autopilot/hls/hls_video_imgproc.h:1951]   --->   Operation 42 'mul' 'r_V_i_i' <Predicate = (tmp_25_i)> <Delay = 2.53> <Core = "DSP48">   --->   Core 61 'DSP48' <Latency = 0> <II = 1> <Delay = 2.53> <IPBlock> <Opcode : 'mul' 'add' 'sub' 'select'> <InPorts = 2> <OutPorts = 1> <Sync> <CReg>

State 6 <SV = 5> <Delay = 2.53>
ST_6 : Operation 43 [1/1] (0.00ns)   --->   "%OP2_V_2_i_cast_i = zext i8 %tmp_25 to i28" [/proj/gsd/vivado/Vivado/2018.2/common/technology/autopilot/hls/hls_video_imgproc.h:1475->/proj/gsd/vivado/Vivado/2018.2/common/technology/autopilot/hls/hls_video_imgproc.h:1525->/proj/gsd/vivado/Vivado/2018.2/common/technology/autopilot/hls/hls_video_imgproc.h:1951]   --->   Operation 43 'zext' 'OP2_V_2_i_cast_i' <Predicate = (tmp_25_i)> <Delay = 0.00>
ST_6 : Operation 44 [1/1] (0.49ns)   --->   "%r_V = mul i28 %OP2_V_2_i_cast_i, 478150" [/proj/gsd/vivado/Vivado/2018.2/common/technology/autopilot/hls/hls_video_imgproc.h:1475->/proj/gsd/vivado/Vivado/2018.2/common/technology/autopilot/hls/hls_video_imgproc.h:1525->/proj/gsd/vivado/Vivado/2018.2/common/technology/autopilot/hls/hls_video_imgproc.h:1951]   --->   Operation 44 'mul' 'r_V' <Predicate = (tmp_25_i)> <Delay = 0.49> <Core = "DSP48">   --->   Core 61 'DSP48' <Latency = 0> <II = 1> <Delay = 2.53> <IPBlock> <Opcode : 'mul' 'add' 'sub' 'select'> <InPorts = 2> <OutPorts = 1> <Sync> <CReg>
ST_6 : Operation 45 [1/1] (0.00ns)   --->   "%tmp_2_i_cast_i = zext i28 %r_V to i29" [/proj/gsd/vivado/Vivado/2018.2/common/technology/autopilot/hls/hls_video_imgproc.h:1477->/proj/gsd/vivado/Vivado/2018.2/common/technology/autopilot/hls/hls_video_imgproc.h:1525->/proj/gsd/vivado/Vivado/2018.2/common/technology/autopilot/hls/hls_video_imgproc.h:1951]   --->   Operation 45 'zext' 'tmp_2_i_cast_i' <Predicate = (tmp_25_i)> <Delay = 0.00>
ST_6 : Operation 46 [1/1] (2.03ns)   --->   "%p_Val2_1 = add i29 %r_V_i_i, %tmp_2_i_cast_i" [/proj/gsd/vivado/Vivado/2018.2/common/technology/autopilot/hls/hls_video_imgproc.h:1477->/proj/gsd/vivado/Vivado/2018.2/common/technology/autopilot/hls/hls_video_imgproc.h:1525->/proj/gsd/vivado/Vivado/2018.2/common/technology/autopilot/hls/hls_video_imgproc.h:1951]   --->   Operation 46 'add' 'p_Val2_1' <Predicate = (tmp_25_i)> <Delay = 2.03> <Core = "DSP48">   --->   Core 61 'DSP48' <Latency = 0> <II = 1> <Delay = 2.53> <IPBlock> <Opcode : 'mul' 'add' 'sub' 'select'> <InPorts = 2> <OutPorts = 1> <Sync> <CReg>

State 7 <SV = 6> <Delay = 2.53>
ST_7 : Operation 47 [1/1] (0.00ns)   --->   "%OP2_V_1_i_cast_i = zext i8 %tmp_24 to i30" [/proj/gsd/vivado/Vivado/2018.2/common/technology/autopilot/hls/hls_video_imgproc.h:1477->/proj/gsd/vivado/Vivado/2018.2/common/technology/autopilot/hls/hls_video_imgproc.h:1525->/proj/gsd/vivado/Vivado/2018.2/common/technology/autopilot/hls/hls_video_imgproc.h:1951]   --->   Operation 47 'zext' 'OP2_V_1_i_cast_i' <Predicate = (tmp_25_i)> <Delay = 0.00>
ST_7 : Operation 48 [1/1] (0.49ns)   --->   "%r_V_3_i_i = mul i30 %OP2_V_1_i_cast_i, 2462056" [/proj/gsd/vivado/Vivado/2018.2/common/technology/autopilot/hls/hls_video_imgproc.h:1477->/proj/gsd/vivado/Vivado/2018.2/common/technology/autopilot/hls/hls_video_imgproc.h:1525->/proj/gsd/vivado/Vivado/2018.2/common/technology/autopilot/hls/hls_video_imgproc.h:1951]   --->   Operation 48 'mul' 'r_V_3_i_i' <Predicate = (tmp_25_i)> <Delay = 0.49> <Core = "DSP48">   --->   Core 61 'DSP48' <Latency = 0> <II = 1> <Delay = 2.53> <IPBlock> <Opcode : 'mul' 'add' 'sub' 'select'> <InPorts = 2> <OutPorts = 1> <Sync> <CReg>
ST_7 : Operation 49 [1/1] (0.00ns)   --->   "%tmp_i_cast_i = zext i29 %p_Val2_1 to i30" [/proj/gsd/vivado/Vivado/2018.2/common/technology/autopilot/hls/hls_video_imgproc.h:1477->/proj/gsd/vivado/Vivado/2018.2/common/technology/autopilot/hls/hls_video_imgproc.h:1525->/proj/gsd/vivado/Vivado/2018.2/common/technology/autopilot/hls/hls_video_imgproc.h:1951]   --->   Operation 49 'zext' 'tmp_i_cast_i' <Predicate = (tmp_25_i)> <Delay = 0.00>
ST_7 : Operation 50 [1/1] (2.03ns)   --->   "%r_V_1 = add i30 %r_V_3_i_i, %tmp_i_cast_i" [/proj/gsd/vivado/Vivado/2018.2/common/technology/autopilot/hls/hls_video_imgproc.h:1477->/proj/gsd/vivado/Vivado/2018.2/common/technology/autopilot/hls/hls_video_imgproc.h:1525->/proj/gsd/vivado/Vivado/2018.2/common/technology/autopilot/hls/hls_video_imgproc.h:1951]   --->   Operation 50 'add' 'r_V_1' <Predicate = (tmp_25_i)> <Delay = 2.03> <Core = "DSP48">   --->   Core 61 'DSP48' <Latency = 0> <II = 1> <Delay = 2.53> <IPBlock> <Opcode : 'mul' 'add' 'sub' 'select'> <InPorts = 2> <OutPorts = 1> <Sync> <CReg>
ST_7 : Operation 51 [1/1] (0.00ns)   --->   "%p_Val2_3 = call i8 @_ssdm_op_PartSelect.i8.i30.i32.i32(i30 %r_V_1, i32 22, i32 29)" [/proj/gsd/vivado/Vivado/2018.2/common/technology/autopilot/hls/hls_video_types.h:409->/proj/gsd/vivado/Vivado/2018.2/common/technology/autopilot/hls/hls_video_types.h:500->/proj/gsd/vivado/Vivado/2018.2/common/technology/autopilot/hls/hls_video_imgproc.h:1478->/proj/gsd/vivado/Vivado/2018.2/common/technology/autopilot/hls/hls_video_imgproc.h:1525->/proj/gsd/vivado/Vivado/2018.2/common/technology/autopilot/hls/hls_video_imgproc.h:1951]   --->   Operation 51 'partselect' 'p_Val2_3' <Predicate = (tmp_25_i)> <Delay = 0.00>
ST_7 : Operation 52 [1/1] (0.00ns)   --->   "%tmp = call i1 @_ssdm_op_BitSelect.i1.i30.i32(i30 %r_V_1, i32 21)" [/proj/gsd/vivado/Vivado/2018.2/common/technology/autopilot/hls/hls_video_types.h:409->/proj/gsd/vivado/Vivado/2018.2/common/technology/autopilot/hls/hls_video_types.h:500->/proj/gsd/vivado/Vivado/2018.2/common/technology/autopilot/hls/hls_video_imgproc.h:1478->/proj/gsd/vivado/Vivado/2018.2/common/technology/autopilot/hls/hls_video_imgproc.h:1525->/proj/gsd/vivado/Vivado/2018.2/common/technology/autopilot/hls/hls_video_imgproc.h:1951]   --->   Operation 52 'bitselect' 'tmp' <Predicate = (tmp_25_i)> <Delay = 0.00>

State 8 <SV = 7> <Delay = 2.50>
ST_8 : Operation 53 [1/1] (0.00ns)   --->   "call void (...)* @_ssdm_op_SpecLoopName([11 x i8]* @p_str20) nounwind" [/proj/gsd/vivado/Vivado/2018.2/common/technology/autopilot/hls/hls_video_imgproc.h:1947]   --->   Operation 53 'specloopname' <Predicate = (tmp_25_i)> <Delay = 0.00>
ST_8 : Operation 54 [1/1] (0.00ns)   --->   "%tmp_24_i = call i32 (...)* @_ssdm_op_SpecRegionBegin([11 x i8]* @p_str20)" [/proj/gsd/vivado/Vivado/2018.2/common/technology/autopilot/hls/hls_video_imgproc.h:1947]   --->   Operation 54 'specregionbegin' 'tmp_24_i' <Predicate = (tmp_25_i)> <Delay = 0.00>
ST_8 : Operation 55 [1/1] (0.00ns)   --->   "call void (...)* @_ssdm_op_SpecPipeline(i32 -1, i32 1, i32 1, i32 0, [1 x i8]* @p_str2) nounwind" [/proj/gsd/vivado/Vivado/2018.2/common/technology/autopilot/hls/hls_video_imgproc.h:1949]   --->   Operation 55 'specpipeline' <Predicate = (tmp_25_i)> <Delay = 0.00>
ST_8 : Operation 56 [1/1] (0.00ns)   --->   "%tmp_21_i_i_i_i = zext i1 %tmp to i8" [/proj/gsd/vivado/Vivado/2018.2/common/technology/autopilot/hls/hls_video_types.h:409->/proj/gsd/vivado/Vivado/2018.2/common/technology/autopilot/hls/hls_video_types.h:500->/proj/gsd/vivado/Vivado/2018.2/common/technology/autopilot/hls/hls_video_imgproc.h:1478->/proj/gsd/vivado/Vivado/2018.2/common/technology/autopilot/hls/hls_video_imgproc.h:1525->/proj/gsd/vivado/Vivado/2018.2/common/technology/autopilot/hls/hls_video_imgproc.h:1951]   --->   Operation 56 'zext' 'tmp_21_i_i_i_i' <Predicate = (tmp_25_i)> <Delay = 0.00>
ST_8 : Operation 57 [1/1] (0.00ns) (grouped into LUT with out node p_Val2_s)   --->   "%tmp_20 = call i1 @_ssdm_op_BitSelect.i1.i30.i32(i30 %r_V_1, i32 29)" [/proj/gsd/vivado/Vivado/2018.2/common/technology/autopilot/hls/hls_video_types.h:409->/proj/gsd/vivado/Vivado/2018.2/common/technology/autopilot/hls/hls_video_types.h:500->/proj/gsd/vivado/Vivado/2018.2/common/technology/autopilot/hls/hls_video_imgproc.h:1478->/proj/gsd/vivado/Vivado/2018.2/common/technology/autopilot/hls/hls_video_imgproc.h:1525->/proj/gsd/vivado/Vivado/2018.2/common/technology/autopilot/hls/hls_video_imgproc.h:1951]   --->   Operation 57 'bitselect' 'tmp_20' <Predicate = (tmp_25_i)> <Delay = 0.00>
ST_8 : Operation 58 [1/1] (0.76ns)   --->   "%p_Val2_4 = add i8 %p_Val2_3, %tmp_21_i_i_i_i" [/proj/gsd/vivado/Vivado/2018.2/common/technology/autopilot/hls/hls_video_types.h:409->/proj/gsd/vivado/Vivado/2018.2/common/technology/autopilot/hls/hls_video_types.h:500->/proj/gsd/vivado/Vivado/2018.2/common/technology/autopilot/hls/hls_video_imgproc.h:1478->/proj/gsd/vivado/Vivado/2018.2/common/technology/autopilot/hls/hls_video_imgproc.h:1525->/proj/gsd/vivado/Vivado/2018.2/common/technology/autopilot/hls/hls_video_imgproc.h:1951]   --->   Operation 58 'add' 'p_Val2_4' <Predicate = (tmp_25_i)> <Delay = 0.76> <Core = "AddSub">   --->   Core 14 'AddSub' <Latency = 0> <II = 1> <Delay = 0.78> <FuncUnit> <Opcode : 'add' 'sub'> <InPorts = 2> <OutPorts = 1>
ST_8 : Operation 59 [1/1] (0.00ns) (grouped into LUT with out node p_Val2_s)   --->   "%tmp_21 = call i1 @_ssdm_op_BitSelect.i1.i8.i32(i8 %p_Val2_4, i32 7)" [/proj/gsd/vivado/Vivado/2018.2/common/technology/autopilot/hls/hls_video_types.h:409->/proj/gsd/vivado/Vivado/2018.2/common/technology/autopilot/hls/hls_video_types.h:500->/proj/gsd/vivado/Vivado/2018.2/common/technology/autopilot/hls/hls_video_imgproc.h:1478->/proj/gsd/vivado/Vivado/2018.2/common/technology/autopilot/hls/hls_video_imgproc.h:1525->/proj/gsd/vivado/Vivado/2018.2/common/technology/autopilot/hls/hls_video_imgproc.h:1951]   --->   Operation 59 'bitselect' 'tmp_21' <Predicate = (tmp_25_i)> <Delay = 0.00>
ST_8 : Operation 60 [1/1] (0.00ns) (grouped into LUT with out node p_Val2_s)   --->   "%p_Result_2_i_i_i_i_1 = xor i1 %tmp_20, true" [/proj/gsd/vivado/Vivado/2018.2/common/technology/autopilot/hls/hls_video_types.h:409->/proj/gsd/vivado/Vivado/2018.2/common/technology/autopilot/hls/hls_video_types.h:500->/proj/gsd/vivado/Vivado/2018.2/common/technology/autopilot/hls/hls_video_imgproc.h:1478->/proj/gsd/vivado/Vivado/2018.2/common/technology/autopilot/hls/hls_video_imgproc.h:1525->/proj/gsd/vivado/Vivado/2018.2/common/technology/autopilot/hls/hls_video_imgproc.h:1951]   --->   Operation 60 'xor' 'p_Result_2_i_i_i_i_1' <Predicate = (tmp_25_i)> <Delay = 0.00> <Core = "LogicGate">   --->   Core 27 'LogicGate' <Latency = 0> <II = 1> <Delay = 0.28> <FuncUnit> <Opcode : 'and' 'or' 'xor'> <InPorts = 2> <OutPorts = 1>
ST_8 : Operation 61 [1/1] (0.00ns) (grouped into LUT with out node p_Val2_s)   --->   "%not_carry = or i1 %tmp_21, %p_Result_2_i_i_i_i_1" [/proj/gsd/vivado/Vivado/2018.2/common/technology/autopilot/hls/hls_video_types.h:409->/proj/gsd/vivado/Vivado/2018.2/common/technology/autopilot/hls/hls_video_types.h:500->/proj/gsd/vivado/Vivado/2018.2/common/technology/autopilot/hls/hls_video_imgproc.h:1478->/proj/gsd/vivado/Vivado/2018.2/common/technology/autopilot/hls/hls_video_imgproc.h:1525->/proj/gsd/vivado/Vivado/2018.2/common/technology/autopilot/hls/hls_video_imgproc.h:1951]   --->   Operation 61 'or' 'not_carry' <Predicate = (tmp_25_i)> <Delay = 0.00> <Core = "LogicGate">   --->   Core 27 'LogicGate' <Latency = 0> <II = 1> <Delay = 0.28> <FuncUnit> <Opcode : 'and' 'or' 'xor'> <InPorts = 2> <OutPorts = 1>
ST_8 : Operation 62 [1/1] (0.39ns) (out node of the LUT)   --->   "%p_Val2_s = select i1 %not_carry, i8 %p_Val2_4, i8 -1" [/proj/gsd/vivado/Vivado/2018.2/common/technology/autopilot/hls/hls_video_types.h:409->/proj/gsd/vivado/Vivado/2018.2/common/technology/autopilot/hls/hls_video_types.h:500->/proj/gsd/vivado/Vivado/2018.2/common/technology/autopilot/hls/hls_video_imgproc.h:1478->/proj/gsd/vivado/Vivado/2018.2/common/technology/autopilot/hls/hls_video_imgproc.h:1525->/proj/gsd/vivado/Vivado/2018.2/common/technology/autopilot/hls/hls_video_imgproc.h:1951]   --->   Operation 62 'select' 'p_Val2_s' <Predicate = (tmp_25_i)> <Delay = 0.39> <Core = "Sel">   --->   Core 26 'Sel' <Latency = 0> <II = 1> <Delay = 0.39> <FuncUnit> <Opcode : 'select'> <InPorts = 3> <OutPorts = 1>
ST_8 : Operation 63 [1/1] (0.00ns)   --->   "%tmp_27_i = call i32 (...)* @_ssdm_op_SpecRegionBegin([12 x i8]* @p_str33)" [/proj/gsd/vivado/Vivado/2018.2/common/technology/autopilot/hls/hls_video_core.h:641->/proj/gsd/vivado/Vivado/2018.2/common/technology/autopilot/hls/hls_video_core.h:662->/proj/gsd/vivado/Vivado/2018.2/common/technology/autopilot/hls/hls_video_imgproc.h:1952]   --->   Operation 63 'specregionbegin' 'tmp_27_i' <Predicate = (tmp_25_i)> <Delay = 0.00>
ST_8 : Operation 64 [1/1] (0.00ns)   --->   "call void (...)* @_ssdm_op_SpecProtocol(i32 0, [1 x i8]* @p_str2) nounwind" [/proj/gsd/vivado/Vivado/2018.2/common/technology/autopilot/hls/hls_video_core.h:645->/proj/gsd/vivado/Vivado/2018.2/common/technology/autopilot/hls/hls_video_core.h:662->/proj/gsd/vivado/Vivado/2018.2/common/technology/autopilot/hls/hls_video_imgproc.h:1952]   --->   Operation 64 'specprotocol' <Predicate = (tmp_25_i)> <Delay = 0.00>
ST_8 : Operation 65 [1/1] (1.35ns)   --->   "call void @_ssdm_op_Write.ap_fifo.volatile.i8P(i8* %p_dst_data_stream_V, i8 %p_Val2_s)" [/proj/gsd/vivado/Vivado/2018.2/common/technology/autopilot/hls/hls_video_core.h:648->/proj/gsd/vivado/Vivado/2018.2/common/technology/autopilot/hls/hls_video_core.h:662->/proj/gsd/vivado/Vivado/2018.2/common/technology/autopilot/hls/hls_video_imgproc.h:1952]   --->   Operation 65 'write' <Predicate = (tmp_25_i)> <Delay = 1.35> <Core = "FIFO">   --->   Core 32 'FIFO' <Latency = 0> <II = 1> <Delay = 1.83> <Storage> <Opcode : 'read' 'write' 'nbread' 'nbwrite'> <Ports = 0> <Width = 11> <Depth = 2> <FIFO>
ST_8 : Operation 66 [1/1] (0.00ns)   --->   "%empty_51 = call i32 (...)* @_ssdm_op_SpecRegionEnd([12 x i8]* @p_str33, i32 %tmp_27_i)" [/proj/gsd/vivado/Vivado/2018.2/common/technology/autopilot/hls/hls_video_core.h:650->/proj/gsd/vivado/Vivado/2018.2/common/technology/autopilot/hls/hls_video_core.h:662->/proj/gsd/vivado/Vivado/2018.2/common/technology/autopilot/hls/hls_video_imgproc.h:1952]   --->   Operation 66 'specregionend' 'empty_51' <Predicate = (tmp_25_i)> <Delay = 0.00>
ST_8 : Operation 67 [1/1] (0.00ns)   --->   "%empty_52 = call i32 (...)* @_ssdm_op_SpecRegionEnd([11 x i8]* @p_str20, i32 %tmp_24_i)" [/proj/gsd/vivado/Vivado/2018.2/common/technology/autopilot/hls/hls_video_imgproc.h:1953]   --->   Operation 67 'specregionend' 'empty_52' <Predicate = (tmp_25_i)> <Delay = 0.00>
ST_8 : Operation 68 [1/1] (0.00ns)   --->   "br label %2" [/proj/gsd/vivado/Vivado/2018.2/common/technology/autopilot/hls/hls_video_imgproc.h:1947]   --->   Operation 68 'br' <Predicate = (tmp_25_i)> <Delay = 0.00>

State 9 <SV = 3> <Delay = 0.00>
ST_9 : Operation 69 [1/1] (0.00ns)   --->   "%empty_53 = call i32 (...)* @_ssdm_op_SpecRegionEnd([12 x i8]* @p_str19, i32 %tmp_i_50)" [/proj/gsd/vivado/Vivado/2018.2/common/technology/autopilot/hls/hls_video_imgproc.h:1954]   --->   Operation 69 'specregionend' 'empty_53' <Predicate = true> <Delay = 0.00>
ST_9 : Operation 70 [1/1] (0.00ns)   --->   "br label %0" [/proj/gsd/vivado/Vivado/2018.2/common/technology/autopilot/hls/hls_video_imgproc.h:1946]   --->   Operation 70 'br' <Predicate = true> <Delay = 0.00>


============================================================
+ Verbose Summary: Timing violations
============================================================
Target clock period: 3ns, clock uncertainty: 0.3ns.

 <State 1>: 1.35ns
The critical path consists of the following:
	fifo read on port 'p_src_cols_V' [13]  (1.35 ns)

 <State 2>: 1.23ns
The critical path consists of the following:
	'icmp' operation ('tmp_i', /proj/gsd/vivado/Vivado/2018.2/common/technology/autopilot/hls/hls_video_imgproc.h:1946) [19]  (0.944 ns)
	blocking operation 0.287 ns on control path)

 <State 3>: 0.976ns
The critical path consists of the following:
	'phi' operation ('j') with incoming values : ('j', /proj/gsd/vivado/Vivado/2018.2/common/technology/autopilot/hls/hls_video_imgproc.h:1947) [28]  (0 ns)
	'icmp' operation ('tmp_25_i', /proj/gsd/vivado/Vivado/2018.2/common/technology/autopilot/hls/hls_video_imgproc.h:1947) [30]  (0.976 ns)

 <State 4>: 1.35ns
The critical path consists of the following:
	fifo read on port 'p_src_data_stream_0_V' (/proj/gsd/vivado/Vivado/2018.2/common/technology/autopilot/hls/hls_video_core.h:624->/proj/gsd/vivado/Vivado/2018.2/common/technology/autopilot/hls/hls_video_core.h:656->/proj/gsd/vivado/Vivado/2018.2/common/technology/autopilot/hls/hls_video_imgproc.h:1950) [40]  (1.35 ns)

 <State 5>: 2.53ns
The critical path consists of the following:
	'mul' operation ('r_V_i_i', /proj/gsd/vivado/Vivado/2018.2/common/technology/autopilot/hls/hls_video_imgproc.h:1477->/proj/gsd/vivado/Vivado/2018.2/common/technology/autopilot/hls/hls_video_imgproc.h:1525->/proj/gsd/vivado/Vivado/2018.2/common/technology/autopilot/hls/hls_video_imgproc.h:1951) [45]  (2.53 ns)

 <State 6>: 2.53ns
The critical path consists of the following:
	'mul' operation ('r.V', /proj/gsd/vivado/Vivado/2018.2/common/technology/autopilot/hls/hls_video_imgproc.h:1475->/proj/gsd/vivado/Vivado/2018.2/common/technology/autopilot/hls/hls_video_imgproc.h:1525->/proj/gsd/vivado/Vivado/2018.2/common/technology/autopilot/hls/hls_video_imgproc.h:1951) [49]  (0.494 ns)
	'add' operation ('__Val2__', /proj/gsd/vivado/Vivado/2018.2/common/technology/autopilot/hls/hls_video_imgproc.h:1477->/proj/gsd/vivado/Vivado/2018.2/common/technology/autopilot/hls/hls_video_imgproc.h:1525->/proj/gsd/vivado/Vivado/2018.2/common/technology/autopilot/hls/hls_video_imgproc.h:1951) [51]  (2.04 ns)

 <State 7>: 2.53ns
The critical path consists of the following:
	'mul' operation ('r_V_3_i_i', /proj/gsd/vivado/Vivado/2018.2/common/technology/autopilot/hls/hls_video_imgproc.h:1477->/proj/gsd/vivado/Vivado/2018.2/common/technology/autopilot/hls/hls_video_imgproc.h:1525->/proj/gsd/vivado/Vivado/2018.2/common/technology/autopilot/hls/hls_video_imgproc.h:1951) [47]  (0.494 ns)
	'add' operation ('r.V', /proj/gsd/vivado/Vivado/2018.2/common/technology/autopilot/hls/hls_video_imgproc.h:1477->/proj/gsd/vivado/Vivado/2018.2/common/technology/autopilot/hls/hls_video_imgproc.h:1525->/proj/gsd/vivado/Vivado/2018.2/common/technology/autopilot/hls/hls_video_imgproc.h:1951) [53]  (2.04 ns)

 <State 8>: 2.51ns
The critical path consists of the following:
	'add' operation ('__Val2__', /proj/gsd/vivado/Vivado/2018.2/common/technology/autopilot/hls/hls_video_types.h:409->/proj/gsd/vivado/Vivado/2018.2/common/technology/autopilot/hls/hls_video_types.h:500->/proj/gsd/vivado/Vivado/2018.2/common/technology/autopilot/hls/hls_video_imgproc.h:1478->/proj/gsd/vivado/Vivado/2018.2/common/technology/autopilot/hls/hls_video_imgproc.h:1525->/proj/gsd/vivado/Vivado/2018.2/common/technology/autopilot/hls/hls_video_imgproc.h:1951) [58]  (0.765 ns)
	'select' operation ('__Val2__', /proj/gsd/vivado/Vivado/2018.2/common/technology/autopilot/hls/hls_video_types.h:409->/proj/gsd/vivado/Vivado/2018.2/common/technology/autopilot/hls/hls_video_types.h:500->/proj/gsd/vivado/Vivado/2018.2/common/technology/autopilot/hls/hls_video_imgproc.h:1478->/proj/gsd/vivado/Vivado/2018.2/common/technology/autopilot/hls/hls_video_imgproc.h:1525->/proj/gsd/vivado/Vivado/2018.2/common/technology/autopilot/hls/hls_video_imgproc.h:1951) [62]  (0.393 ns)
	fifo write on port 'p_dst_data_stream_V' (/proj/gsd/vivado/Vivado/2018.2/common/technology/autopilot/hls/hls_video_core.h:648->/proj/gsd/vivado/Vivado/2018.2/common/technology/autopilot/hls/hls_video_core.h:662->/proj/gsd/vivado/Vivado/2018.2/common/technology/autopilot/hls/hls_video_imgproc.h:1952) [65]  (1.35 ns)

 <State 9>: 0ns
The critical path consists of the following:


============================================================
+ Verbose Summary: Binding
============================================================
N/A
* FSMD analyzer results:
  - Output states:
 - Input state : 
  - Chain level:
	State 1
	State 2
	State 3
	State 4
	State 5
	State 6
	State 7
	State 8
	State 9


============================================================
+ Verbose Summary: Datapath Resource usage 
============================================================
N/A
