

================================================================
== Vivado HLS Report for 'Mat2AXIvideo'
================================================================
* Date:           Sun Dec 16 17:14:01 2018

* Version:        2018.2 (Build 2258646 on Thu Jun 14 20:25:20 MDT 2018)
* Project:        hls_video_block
* Solution:       solution1
* Product family: zynquplus
* Target device:  xczu7ev-ffvc1156-2-e


================================================================
== Performance Estimates
================================================================
+ Timing (ns): 
    * Summary: 
    +--------+-------+----------+------------+
    |  Clock | Target| Estimated| Uncertainty|
    +--------+-------+----------+------------+
    |ap_clk  |   3.00|     1.350|        0.30|
    +--------+-------+----------+------------+

+ Latency (clock cycles): 
    * Summary: 
    +--------+--------+--------+--------+---------+
    |     Latency     |     Interval    | Pipeline|
    |   min  |   max  |   min  |   max  |   Type  |
    +--------+--------+--------+--------+---------+
    |  924481|  924481|  924481|  924481|   none  |
    +--------+--------+--------+--------+---------+

    + Detail: 
        * Instance: 
        N/A

        * Loop: 
        +---------------+--------+--------+----------+-----------+-----------+------+----------+
        |               |     Latency     | Iteration|  Initiation Interval  | Trip |          |
        |   Loop Name   |   min  |   max  |  Latency |  achieved |   target  | Count| Pipelined|
        +---------------+--------+--------+----------+-----------+-----------+------+----------+
        |- loop_height  |  924480|  924480|      1284|          -|          -|   720|    no    |
        | + loop_width  |    1281|    1281|         3|          1|          1|  1280|    yes   |
        +---------------+--------+--------+----------+-----------+-----------+------+----------+



================================================================
== Utilization Estimates
================================================================
* Summary: 
+-----------------+---------+-------+--------+--------+-----+
|       Name      | BRAM_18K| DSP48E|   FF   |   LUT  | URAM|
+-----------------+---------+-------+--------+--------+-----+
|DSP              |        -|      -|       -|       -|    -|
|Expression       |        -|      -|       0|     128|    -|
|FIFO             |        -|      -|       -|       -|    -|
|Instance         |        -|      -|       -|       -|    -|
|Memory           |        -|      -|       -|       -|    -|
|Multiplexer      |        -|      -|       -|     240|    -|
|Register         |        -|      -|     119|       -|    -|
+-----------------+---------+-------+--------+--------+-----+
|Total            |        0|      0|     119|     368|    0|
+-----------------+---------+-------+--------+--------+-----+
|Available        |      624|   1728|  460800|  230400|   96|
+-----------------+---------+-------+--------+--------+-----+
|Utilization (%)  |        0|      0|   ~0   |   ~0   |    0|
+-----------------+---------+-------+--------+--------+-----+

+ Detail: 
    * Instance: 
    N/A

    * DSP48: 
    N/A

    * Memory: 
    N/A

    * FIFO: 
    N/A

    * Expression: 
    +------------------------------------------+----------+-------+---+----+------------+------------+
    |               Variable Name              | Operation| DSP48E| FF| LUT| Bitwidth P0| Bitwidth P1|
    +------------------------------------------+----------+-------+---+----+------------+------------+
    |i_V_fu_178_p2                             |     +    |      0|  0|  17|          10|           1|
    |j_V_fu_190_p2                             |     +    |      0|  0|  18|          11|           1|
    |AXI_video_strm_V_data_V_1_load_A          |    and   |      0|  0|   2|           1|           1|
    |AXI_video_strm_V_data_V_1_load_B          |    and   |      0|  0|   2|           1|           1|
    |AXI_video_strm_V_last_V_1_load_A          |    and   |      0|  0|   2|           1|           1|
    |AXI_video_strm_V_last_V_1_load_B          |    and   |      0|  0|   2|           1|           1|
    |AXI_video_strm_V_user_V_1_load_A          |    and   |      0|  0|   2|           1|           1|
    |AXI_video_strm_V_user_V_1_load_B          |    and   |      0|  0|   2|           1|           1|
    |ap_block_pp0_stage0_01001                 |    and   |      0|  0|   2|           1|           1|
    |ap_block_state4_io                        |    and   |      0|  0|   2|           1|           1|
    |ap_block_state5_io                        |    and   |      0|  0|   2|           1|           1|
    |AXI_video_strm_V_data_V_1_state_cmp_full  |   icmp   |      0|  0|   8|           2|           1|
    |AXI_video_strm_V_last_V_1_state_cmp_full  |   icmp   |      0|  0|   8|           2|           1|
    |AXI_video_strm_V_user_V_1_state_cmp_full  |   icmp   |      0|  0|   8|           2|           1|
    |axi_last_V_fu_196_p2                      |   icmp   |      0|  0|  13|          11|          11|
    |exitcond1_fu_172_p2                       |   icmp   |      0|  0|  13|          10|          10|
    |exitcond_fu_184_p2                        |   icmp   |      0|  0|  13|          11|          11|
    |ap_block_pp0_stage0_11001                 |    or    |      0|  0|   2|           1|           1|
    |ap_block_state1                           |    or    |      0|  0|   2|           1|           1|
    |ap_block_state2                           |    or    |      0|  0|   2|           1|           1|
    |ap_block_state4_pp0_stage0_iter1          |    or    |      0|  0|   2|           1|           1|
    |ap_enable_pp0                             |    xor   |      0|  0|   2|           1|           2|
    |ap_enable_reg_pp0_iter1                   |    xor   |      0|  0|   2|           2|           1|
    +------------------------------------------+----------+-------+---+----+------------+------------+
    |Total                                     |          |      0|  0| 128|          75|          53|
    +------------------------------------------+----------+-------+---+----+------------+------------+

    * Multiplexer: 
    +------------------------------------+----+-----------+-----+-----------+
    |                Name                | LUT| Input Size| Bits| Total Bits|
    +------------------------------------+----+-----------+-----+-----------+
    |AXI_video_strm_V_data_V_1_data_out  |   9|          2|   24|         48|
    |AXI_video_strm_V_data_V_1_state     |  15|          3|    2|          6|
    |AXI_video_strm_V_dest_V_1_state     |  15|          3|    2|          6|
    |AXI_video_strm_V_id_V_1_state       |  15|          3|    2|          6|
    |AXI_video_strm_V_keep_V_1_state     |  15|          3|    2|          6|
    |AXI_video_strm_V_last_V_1_data_out  |   9|          2|    1|          2|
    |AXI_video_strm_V_last_V_1_state     |  15|          3|    2|          6|
    |AXI_video_strm_V_strb_V_1_state     |  15|          3|    2|          6|
    |AXI_video_strm_V_user_V_1_data_out  |   9|          2|    1|          2|
    |AXI_video_strm_V_user_V_1_state     |  15|          3|    2|          6|
    |OUTPUT_STREAM_TDATA_blk_n           |   9|          2|    1|          2|
    |ap_NS_fsm                           |  27|          5|    1|          5|
    |ap_done                             |   9|          2|    1|          2|
    |ap_enable_reg_pp0_iter1             |   9|          2|    1|          2|
    |ap_enable_reg_pp0_iter2             |   9|          2|    1|          2|
    |img_data_stream_0_V_blk_n           |   9|          2|    1|          2|
    |img_data_stream_1_V_blk_n           |   9|          2|    1|          2|
    |img_data_stream_2_V_blk_n           |   9|          2|    1|          2|
    |t_V_1_reg_156                       |   9|          2|   11|         22|
    |t_V_reg_145                         |   9|          2|   10|         20|
    +------------------------------------+----+-----------+-----+-----------+
    |Total                               | 240|         50|   69|        155|
    +------------------------------------+----+-----------+-----+-----------+

    * Register: 
    +-------------------------------------+----+----+-----+-----------+
    |                 Name                | FF | LUT| Bits| Const Bits|
    +-------------------------------------+----+----+-----+-----------+
    |AXI_video_strm_V_data_V_1_payload_A  |  24|   0|   24|          0|
    |AXI_video_strm_V_data_V_1_payload_B  |  24|   0|   24|          0|
    |AXI_video_strm_V_data_V_1_sel_rd     |   1|   0|    1|          0|
    |AXI_video_strm_V_data_V_1_sel_wr     |   1|   0|    1|          0|
    |AXI_video_strm_V_data_V_1_state      |   2|   0|    2|          0|
    |AXI_video_strm_V_dest_V_1_sel_rd     |   1|   0|    1|          0|
    |AXI_video_strm_V_dest_V_1_state      |   2|   0|    2|          0|
    |AXI_video_strm_V_id_V_1_sel_rd       |   1|   0|    1|          0|
    |AXI_video_strm_V_id_V_1_state        |   2|   0|    2|          0|
    |AXI_video_strm_V_keep_V_1_sel_rd     |   1|   0|    1|          0|
    |AXI_video_strm_V_keep_V_1_state      |   2|   0|    2|          0|
    |AXI_video_strm_V_last_V_1_payload_A  |   1|   0|    1|          0|
    |AXI_video_strm_V_last_V_1_payload_B  |   1|   0|    1|          0|
    |AXI_video_strm_V_last_V_1_sel_rd     |   1|   0|    1|          0|
    |AXI_video_strm_V_last_V_1_sel_wr     |   1|   0|    1|          0|
    |AXI_video_strm_V_last_V_1_state      |   2|   0|    2|          0|
    |AXI_video_strm_V_strb_V_1_sel_rd     |   1|   0|    1|          0|
    |AXI_video_strm_V_strb_V_1_state      |   2|   0|    2|          0|
    |AXI_video_strm_V_user_V_1_payload_A  |   1|   0|    1|          0|
    |AXI_video_strm_V_user_V_1_payload_B  |   1|   0|    1|          0|
    |AXI_video_strm_V_user_V_1_sel_rd     |   1|   0|    1|          0|
    |AXI_video_strm_V_user_V_1_sel_wr     |   1|   0|    1|          0|
    |AXI_video_strm_V_user_V_1_state      |   2|   0|    2|          0|
    |ap_CS_fsm                            |   4|   0|    4|          0|
    |ap_done_reg                          |   1|   0|    1|          0|
    |ap_enable_reg_pp0_iter0              |   1|   0|    1|          0|
    |ap_enable_reg_pp0_iter1              |   1|   0|    1|          0|
    |ap_enable_reg_pp0_iter2              |   1|   0|    1|          0|
    |axi_last_V_reg_247                   |   1|   0|    1|          0|
    |exitcond_reg_238                     |   1|   0|    1|          0|
    |exitcond_reg_238_pp0_iter1_reg       |   1|   0|    1|          0|
    |i_V_reg_233                          |  10|   0|   10|          0|
    |t_V_1_reg_156                        |  11|   0|   11|          0|
    |t_V_reg_145                          |  10|   0|   10|          0|
    |tmp_user_V_fu_94                     |   1|   0|    1|          0|
    +-------------------------------------+----+----+-----+-----------+
    |Total                                | 119|   0|  119|          0|
    +-------------------------------------+----+----+-----+-----------+



================================================================
== Interface
================================================================
* Summary: 
+-----------------------------+-----+-----+------------+-------------------------+--------------+
|          RTL Ports          | Dir | Bits|  Protocol  |      Source Object      |    C Type    |
+-----------------------------+-----+-----+------------+-------------------------+--------------+
|ap_clk                       |  in |    1| ap_ctrl_hs |       Mat2AXIvideo      | return value |
|ap_rst                       |  in |    1| ap_ctrl_hs |       Mat2AXIvideo      | return value |
|ap_start                     |  in |    1| ap_ctrl_hs |       Mat2AXIvideo      | return value |
|ap_done                      | out |    1| ap_ctrl_hs |       Mat2AXIvideo      | return value |
|ap_continue                  |  in |    1| ap_ctrl_hs |       Mat2AXIvideo      | return value |
|ap_idle                      | out |    1| ap_ctrl_hs |       Mat2AXIvideo      | return value |
|ap_ready                     | out |    1| ap_ctrl_hs |       Mat2AXIvideo      | return value |
|img_data_stream_0_V_dout     |  in |    8|   ap_fifo  |   img_data_stream_0_V   |    pointer   |
|img_data_stream_0_V_empty_n  |  in |    1|   ap_fifo  |   img_data_stream_0_V   |    pointer   |
|img_data_stream_0_V_read     | out |    1|   ap_fifo  |   img_data_stream_0_V   |    pointer   |
|img_data_stream_1_V_dout     |  in |    8|   ap_fifo  |   img_data_stream_1_V   |    pointer   |
|img_data_stream_1_V_empty_n  |  in |    1|   ap_fifo  |   img_data_stream_1_V   |    pointer   |
|img_data_stream_1_V_read     | out |    1|   ap_fifo  |   img_data_stream_1_V   |    pointer   |
|img_data_stream_2_V_dout     |  in |    8|   ap_fifo  |   img_data_stream_2_V   |    pointer   |
|img_data_stream_2_V_empty_n  |  in |    1|   ap_fifo  |   img_data_stream_2_V   |    pointer   |
|img_data_stream_2_V_read     | out |    1|   ap_fifo  |   img_data_stream_2_V   |    pointer   |
|OUTPUT_STREAM_TDATA          | out |   24|    axis    | AXI_video_strm_V_data_V |    pointer   |
|OUTPUT_STREAM_TVALID         | out |    1|    axis    | AXI_video_strm_V_dest_V |    pointer   |
|OUTPUT_STREAM_TREADY         |  in |    1|    axis    | AXI_video_strm_V_dest_V |    pointer   |
|OUTPUT_STREAM_TDEST          | out |    1|    axis    | AXI_video_strm_V_dest_V |    pointer   |
|OUTPUT_STREAM_TKEEP          | out |    3|    axis    | AXI_video_strm_V_keep_V |    pointer   |
|OUTPUT_STREAM_TSTRB          | out |    3|    axis    | AXI_video_strm_V_strb_V |    pointer   |
|OUTPUT_STREAM_TUSER          | out |    1|    axis    | AXI_video_strm_V_user_V |    pointer   |
|OUTPUT_STREAM_TLAST          | out |    1|    axis    | AXI_video_strm_V_last_V |    pointer   |
|OUTPUT_STREAM_TID            | out |    1|    axis    |  AXI_video_strm_V_id_V  |    pointer   |
+-----------------------------+-----+-----+------------+-------------------------+--------------+

============================================================
+ Verbose Summary: Synthesis Manager
============================================================
InlineROM: 1
ExposeGlobal: 0
============================================================
+ Verbose Summary: CDFG Model
============================================================
IsTopModel: 0
ResetActiveHigh: 1
IsCombinational: 2
IsDatapathOnly: 0
HasWiredReturn: 1
HasMFsm: 0
HasVarLatency: 1
IsPipeline: 0
IsRtlPipelined: 0
IsInstanceOverlapped: 0
IsDontTouch: 0
HasImplIP: 0
IsGatedGlobalClock: 0

+ Individual pipeline summary: 
  * Pipeline-0: initiation interval (II) = 1, depth = 3


============================================================
+ Verbose Summary: Schedule
============================================================
* Number of FSM states : 6
* Pipeline : 1
  Pipeline-0 : II = 1, D = 3, States = { 3 4 5 }
* Dataflow Pipeline: 0

* FSM state transitions: 
1 --> 
	2  / true
2 --> 
	3  / (!exitcond1)
3 --> 
	6  / (exitcond)
	4  / (!exitcond)
4 --> 
	5  / true
5 --> 
	3  / true
6 --> 
	2  / true

* FSM state operations: 

State 1 <SV = 0> <Delay = 0.65>
ST_1 : Operation 7 [1/1] (0.00ns)   --->   "%tmp_user_V = alloca i1"   --->   Operation 7 'alloca' 'tmp_user_V' <Predicate = true> <Delay = 0.00>
ST_1 : Operation 8 [1/1] (0.00ns)   --->   "call void (...)* @_ssdm_op_SpecInterface(i8* %img_data_stream_2_V, [8 x i8]* @ap_fifo_str, i32 0, i32 0, [1 x i8]* @p_str, i32 0, i32 0, [1 x i8]* @p_str, [1 x i8]* @p_str, [1 x i8]* @p_str, i32 2, i32 2, i32 16, i32 16, [1 x i8]* @p_str, [1 x i8]* @p_str)"   --->   Operation 8 'specinterface' <Predicate = true> <Delay = 0.00>
ST_1 : Operation 9 [1/1] (0.00ns)   --->   "call void (...)* @_ssdm_op_SpecInterface(i8* %img_data_stream_1_V, [8 x i8]* @ap_fifo_str, i32 0, i32 0, [1 x i8]* @p_str, i32 0, i32 0, [1 x i8]* @p_str, [1 x i8]* @p_str, [1 x i8]* @p_str, i32 2, i32 2, i32 16, i32 16, [1 x i8]* @p_str, [1 x i8]* @p_str)"   --->   Operation 9 'specinterface' <Predicate = true> <Delay = 0.00>
ST_1 : Operation 10 [1/1] (0.00ns)   --->   "call void (...)* @_ssdm_op_SpecInterface(i8* %img_data_stream_0_V, [8 x i8]* @ap_fifo_str, i32 0, i32 0, [1 x i8]* @p_str, i32 0, i32 0, [1 x i8]* @p_str, [1 x i8]* @p_str, [1 x i8]* @p_str, i32 2, i32 2, i32 16, i32 16, [1 x i8]* @p_str, [1 x i8]* @p_str)"   --->   Operation 10 'specinterface' <Predicate = true> <Delay = 0.00>
ST_1 : Operation 11 [1/1] (0.00ns)   --->   "call void (...)* @_ssdm_op_SpecInterface(i24* %AXI_video_strm_V_data_V, i3* %AXI_video_strm_V_keep_V, i3* %AXI_video_strm_V_strb_V, i1* %AXI_video_strm_V_user_V, i1* %AXI_video_strm_V_last_V, i1* %AXI_video_strm_V_id_V, i1* %AXI_video_strm_V_dest_V, [5 x i8]* @p_str6, i32 1, i32 1, [5 x i8]* @p_str7, i32 0, i32 0, [10 x i8]* @p_str8, [1 x i8]* @p_str2, [1 x i8]* @p_str2, i32 0, i32 0, i32 0, i32 0, [1 x i8]* @p_str2, [1 x i8]* @p_str2) nounwind"   --->   Operation 11 'specinterface' <Predicate = true> <Delay = 0.00>
ST_1 : Operation 12 [1/1] (0.65ns)   --->   "store i1 true, i1* %tmp_user_V"   --->   Operation 12 'store' <Predicate = true> <Delay = 0.65>
ST_1 : Operation 13 [1/1] (0.65ns)   --->   "br label %.preheader" [/proj/gsd/vivado/Vivado/2018.2/common/technology/autopilot/hls/hls_video_io.h:125]   --->   Operation 13 'br' <Predicate = true> <Delay = 0.65>

State 2 <SV = 1> <Delay = 1.19>
ST_2 : Operation 14 [1/1] (0.00ns)   --->   "%t_V = phi i10 [ %i_V, %2 ], [ 0, %.preheader.preheader ]"   --->   Operation 14 'phi' 't_V' <Predicate = true> <Delay = 0.00>
ST_2 : Operation 15 [1/1] (0.91ns)   --->   "%exitcond1 = icmp eq i10 %t_V, -304" [/proj/gsd/vivado/Vivado/2018.2/common/technology/autopilot/hls/hls_video_io.h:125]   --->   Operation 15 'icmp' 'exitcond1' <Predicate = true> <Delay = 0.91> <Core = "Cmp">   --->   Core 25 'Cmp' <Latency = 0> <II = 1> <Delay = 0.94> <FuncUnit> <Opcode : 'icmp'> <InPorts = 2> <OutPorts = 1>
ST_2 : Operation 16 [1/1] (0.00ns)   --->   "call void (...)* @_ssdm_op_SpecLoopTripCount(i64 720, i64 720, i64 720)"   --->   Operation 16 'speclooptripcount' <Predicate = true> <Delay = 0.00>
ST_2 : Operation 17 [1/1] (0.78ns)   --->   "%i_V = add i10 %t_V, 1" [/proj/gsd/vivado/Vivado/2018.2/common/technology/autopilot/hls/hls_video_io.h:125]   --->   Operation 17 'add' 'i_V' <Predicate = true> <Delay = 0.78> <Core = "AddSub">   --->   Core 14 'AddSub' <Latency = 0> <II = 1> <Delay = 0.79> <FuncUnit> <Opcode : 'add' 'sub'> <InPorts = 2> <OutPorts = 1>
ST_2 : Operation 18 [1/1] (0.00ns)   --->   "br i1 %exitcond1, label %3, label %0" [/proj/gsd/vivado/Vivado/2018.2/common/technology/autopilot/hls/hls_video_io.h:125]   --->   Operation 18 'br' <Predicate = true> <Delay = 0.00>
ST_2 : Operation 19 [1/1] (0.00ns)   --->   "call void (...)* @_ssdm_op_SpecLoopName([12 x i8]* @p_str19) nounwind" [/proj/gsd/vivado/Vivado/2018.2/common/technology/autopilot/hls/hls_video_io.h:125]   --->   Operation 19 'specloopname' <Predicate = (!exitcond1)> <Delay = 0.00>
ST_2 : Operation 20 [1/1] (0.00ns)   --->   "%tmp = call i32 (...)* @_ssdm_op_SpecRegionBegin([12 x i8]* @p_str19)" [/proj/gsd/vivado/Vivado/2018.2/common/technology/autopilot/hls/hls_video_io.h:125]   --->   Operation 20 'specregionbegin' 'tmp' <Predicate = (!exitcond1)> <Delay = 0.00>
ST_2 : Operation 21 [1/1] (0.65ns)   --->   "br label %1" [/proj/gsd/vivado/Vivado/2018.2/common/technology/autopilot/hls/hls_video_io.h:126]   --->   Operation 21 'br' <Predicate = (!exitcond1)> <Delay = 0.65>
ST_2 : Operation 22 [1/1] (0.00ns)   --->   "ret void"   --->   Operation 22 'ret' <Predicate = (exitcond1)> <Delay = 0.00>

State 3 <SV = 2> <Delay = 1.23>
ST_3 : Operation 23 [1/1] (0.00ns)   --->   "%t_V_1 = phi i11 [ 0, %0 ], [ %j_V, %"operator>>.exit" ]"   --->   Operation 23 'phi' 't_V_1' <Predicate = true> <Delay = 0.00>
ST_3 : Operation 24 [1/1] (0.94ns)   --->   "%exitcond = icmp eq i11 %t_V_1, -768" [/proj/gsd/vivado/Vivado/2018.2/common/technology/autopilot/hls/hls_video_io.h:126]   --->   Operation 24 'icmp' 'exitcond' <Predicate = true> <Delay = 0.94> <Core = "Cmp">   --->   Core 25 'Cmp' <Latency = 0> <II = 1> <Delay = 0.94> <FuncUnit> <Opcode : 'icmp'> <InPorts = 2> <OutPorts = 1>
ST_3 : Operation 25 [1/1] (0.00ns)   --->   "call void (...)* @_ssdm_op_SpecLoopTripCount(i64 1280, i64 1280, i64 1280)"   --->   Operation 25 'speclooptripcount' <Predicate = true> <Delay = 0.00>
ST_3 : Operation 26 [1/1] (0.79ns)   --->   "%j_V = add i11 %t_V_1, 1" [/proj/gsd/vivado/Vivado/2018.2/common/technology/autopilot/hls/hls_video_io.h:126]   --->   Operation 26 'add' 'j_V' <Predicate = true> <Delay = 0.79> <Core = "AddSub">   --->   Core 14 'AddSub' <Latency = 0> <II = 1> <Delay = 0.79> <FuncUnit> <Opcode : 'add' 'sub'> <InPorts = 2> <OutPorts = 1>
ST_3 : Operation 27 [1/1] (0.00ns)   --->   "br i1 %exitcond, label %2, label %"operator>>.exit"" [/proj/gsd/vivado/Vivado/2018.2/common/technology/autopilot/hls/hls_video_io.h:126]   --->   Operation 27 'br' <Predicate = true> <Delay = 0.00>
ST_3 : Operation 28 [1/1] (0.94ns)   --->   "%axi_last_V = icmp eq i11 %t_V_1, -769" [/proj/gsd/vivado/Vivado/2018.2/common/technology/autopilot/hls/hls_video_io.h:135]   --->   Operation 28 'icmp' 'axi_last_V' <Predicate = (!exitcond)> <Delay = 0.94> <Core = "Cmp">   --->   Core 25 'Cmp' <Latency = 0> <II = 1> <Delay = 0.94> <FuncUnit> <Opcode : 'icmp'> <InPorts = 2> <OutPorts = 1>

State 4 <SV = 3> <Delay = 1.35>
ST_4 : Operation 29 [1/1] (0.00ns)   --->   "%tmp_user_V_load = load i1* %tmp_user_V" [/proj/gsd/vivado/Vivado/2018.2/common/technology/autopilot/hls/hls_video_io.h:146]   --->   Operation 29 'load' 'tmp_user_V_load' <Predicate = (!exitcond)> <Delay = 0.00>
ST_4 : Operation 30 [1/1] (0.00ns)   --->   "%tmp_1 = call i32 (...)* @_ssdm_op_SpecRegionBegin([12 x i8]* @p_str24)" [/proj/gsd/vivado/Vivado/2018.2/common/technology/autopilot/hls/hls_video_core.h:617->/proj/gsd/vivado/Vivado/2018.2/common/technology/autopilot/hls/hls_video_core.h:656->/proj/gsd/vivado/Vivado/2018.2/common/technology/autopilot/hls/hls_video_io.h:140]   --->   Operation 30 'specregionbegin' 'tmp_1' <Predicate = (!exitcond)> <Delay = 0.00>
ST_4 : Operation 31 [1/1] (0.00ns)   --->   "call void (...)* @_ssdm_op_SpecProtocol(i32 0, [1 x i8]* @p_str2) nounwind" [/proj/gsd/vivado/Vivado/2018.2/common/technology/autopilot/hls/hls_video_core.h:621->/proj/gsd/vivado/Vivado/2018.2/common/technology/autopilot/hls/hls_video_core.h:656->/proj/gsd/vivado/Vivado/2018.2/common/technology/autopilot/hls/hls_video_io.h:140]   --->   Operation 31 'specprotocol' <Predicate = (!exitcond)> <Delay = 0.00>
ST_4 : Operation 32 [1/1] (1.35ns)   --->   "%tmp_16 = call i8 @_ssdm_op_Read.ap_fifo.volatile.i8P(i8* %img_data_stream_0_V)" [/proj/gsd/vivado/Vivado/2018.2/common/technology/autopilot/hls/hls_video_core.h:624->/proj/gsd/vivado/Vivado/2018.2/common/technology/autopilot/hls/hls_video_core.h:656->/proj/gsd/vivado/Vivado/2018.2/common/technology/autopilot/hls/hls_video_io.h:140]   --->   Operation 32 'read' 'tmp_16' <Predicate = (!exitcond)> <Delay = 1.35> <Core = "FIFO">   --->   Core 32 'FIFO' <Latency = 0> <II = 1> <Delay = 1.83> <Storage> <Opcode : 'read' 'write' 'nbread' 'nbwrite'> <Ports = 0> <Width = 8> <Depth = 2> <FIFO>
ST_4 : Operation 33 [1/1] (1.35ns)   --->   "%tmp_17 = call i8 @_ssdm_op_Read.ap_fifo.volatile.i8P(i8* %img_data_stream_1_V)" [/proj/gsd/vivado/Vivado/2018.2/common/technology/autopilot/hls/hls_video_core.h:624->/proj/gsd/vivado/Vivado/2018.2/common/technology/autopilot/hls/hls_video_core.h:656->/proj/gsd/vivado/Vivado/2018.2/common/technology/autopilot/hls/hls_video_io.h:140]   --->   Operation 33 'read' 'tmp_17' <Predicate = (!exitcond)> <Delay = 1.35> <Core = "FIFO">   --->   Core 32 'FIFO' <Latency = 0> <II = 1> <Delay = 1.83> <Storage> <Opcode : 'read' 'write' 'nbread' 'nbwrite'> <Ports = 0> <Width = 8> <Depth = 2> <FIFO>
ST_4 : Operation 34 [1/1] (1.35ns)   --->   "%tmp_15 = call i8 @_ssdm_op_Read.ap_fifo.volatile.i8P(i8* %img_data_stream_2_V)" [/proj/gsd/vivado/Vivado/2018.2/common/technology/autopilot/hls/hls_video_core.h:624->/proj/gsd/vivado/Vivado/2018.2/common/technology/autopilot/hls/hls_video_core.h:656->/proj/gsd/vivado/Vivado/2018.2/common/technology/autopilot/hls/hls_video_io.h:140]   --->   Operation 34 'read' 'tmp_15' <Predicate = (!exitcond)> <Delay = 1.35> <Core = "FIFO">   --->   Core 32 'FIFO' <Latency = 0> <II = 1> <Delay = 1.83> <Storage> <Opcode : 'read' 'write' 'nbread' 'nbwrite'> <Ports = 0> <Width = 8> <Depth = 2> <FIFO>
ST_4 : Operation 35 [1/1] (0.00ns)   --->   "%empty = call i32 (...)* @_ssdm_op_SpecRegionEnd([12 x i8]* @p_str24, i32 %tmp_1)" [/proj/gsd/vivado/Vivado/2018.2/common/technology/autopilot/hls/hls_video_core.h:626->/proj/gsd/vivado/Vivado/2018.2/common/technology/autopilot/hls/hls_video_core.h:656->/proj/gsd/vivado/Vivado/2018.2/common/technology/autopilot/hls/hls_video_io.h:140]   --->   Operation 35 'specregionend' 'empty' <Predicate = (!exitcond)> <Delay = 0.00>
ST_4 : Operation 36 [1/1] (0.00ns)   --->   "%tmp_data_V = call i24 @_ssdm_op_BitConcatenate.i24.i8.i8.i8(i8 %tmp_15, i8 %tmp_17, i8 %tmp_16)" [/proj/gsd/vivado/Vivado/2018.2/common/technology/autopilot/hls/hls_axi_io.h:78->/proj/gsd/vivado/Vivado/2018.2/common/technology/autopilot/hls/hls_axi_io.h:100->/proj/gsd/vivado/Vivado/2018.2/common/technology/autopilot/hls/hls_video_io.h:143]   --->   Operation 36 'bitconcatenate' 'tmp_data_V' <Predicate = (!exitcond)> <Delay = 0.00>
ST_4 : Operation 37 [2/2] (0.00ns)   --->   "call void @_ssdm_op_Write.axis.volatile.i24P.i3P.i3P.i1P.i1P.i1P.i1P(i24* %AXI_video_strm_V_data_V, i3* %AXI_video_strm_V_keep_V, i3* %AXI_video_strm_V_strb_V, i1* %AXI_video_strm_V_user_V, i1* %AXI_video_strm_V_last_V, i1* %AXI_video_strm_V_id_V, i1* %AXI_video_strm_V_dest_V, i24 %tmp_data_V, i3 -1, i3 undef, i1 %tmp_user_V_load, i1 %axi_last_V, i1 undef, i1 undef)" [/proj/gsd/vivado/Vivado/2018.2/common/technology/autopilot/hls/hls_video_io.h:146]   --->   Operation 37 'write' <Predicate = (!exitcond)> <Delay = 0.00> <Core = "AXI4Stream">   --->   Core 5 'AXI4Stream' <Latency = 0> <II = 1> <Delay = 1.00> <Adapter> <Opcode : >
ST_4 : Operation 38 [1/1] (0.65ns)   --->   "store i1 false, i1* %tmp_user_V"   --->   Operation 38 'store' <Predicate = (!exitcond)> <Delay = 0.65>

State 5 <SV = 4> <Delay = 0.00>
ST_5 : Operation 39 [1/1] (0.00ns)   --->   "call void (...)* @_ssdm_op_SpecLoopName([11 x i8]* @p_str20) nounwind" [/proj/gsd/vivado/Vivado/2018.2/common/technology/autopilot/hls/hls_video_io.h:126]   --->   Operation 39 'specloopname' <Predicate = (!exitcond)> <Delay = 0.00>
ST_5 : Operation 40 [1/1] (0.00ns)   --->   "%tmp_s = call i32 (...)* @_ssdm_op_SpecRegionBegin([11 x i8]* @p_str20)" [/proj/gsd/vivado/Vivado/2018.2/common/technology/autopilot/hls/hls_video_io.h:126]   --->   Operation 40 'specregionbegin' 'tmp_s' <Predicate = (!exitcond)> <Delay = 0.00>
ST_5 : Operation 41 [1/1] (0.00ns)   --->   "call void (...)* @_ssdm_op_SpecPipeline(i32 1, i32 1, i32 1, i32 0, [1 x i8]* @p_str2) nounwind" [/proj/gsd/vivado/Vivado/2018.2/common/technology/autopilot/hls/hls_video_io.h:128]   --->   Operation 41 'specpipeline' <Predicate = (!exitcond)> <Delay = 0.00>
ST_5 : Operation 42 [1/2] (0.00ns)   --->   "call void @_ssdm_op_Write.axis.volatile.i24P.i3P.i3P.i1P.i1P.i1P.i1P(i24* %AXI_video_strm_V_data_V, i3* %AXI_video_strm_V_keep_V, i3* %AXI_video_strm_V_strb_V, i1* %AXI_video_strm_V_user_V, i1* %AXI_video_strm_V_last_V, i1* %AXI_video_strm_V_id_V, i1* %AXI_video_strm_V_dest_V, i24 %tmp_data_V, i3 -1, i3 undef, i1 %tmp_user_V_load, i1 %axi_last_V, i1 undef, i1 undef)" [/proj/gsd/vivado/Vivado/2018.2/common/technology/autopilot/hls/hls_video_io.h:146]   --->   Operation 42 'write' <Predicate = (!exitcond)> <Delay = 0.00> <Core = "AXI4Stream">   --->   Core 5 'AXI4Stream' <Latency = 0> <II = 1> <Delay = 1.00> <Adapter> <Opcode : >
ST_5 : Operation 43 [1/1] (0.00ns)   --->   "%empty_45 = call i32 (...)* @_ssdm_op_SpecRegionEnd([11 x i8]* @p_str20, i32 %tmp_s)" [/proj/gsd/vivado/Vivado/2018.2/common/technology/autopilot/hls/hls_video_io.h:147]   --->   Operation 43 'specregionend' 'empty_45' <Predicate = (!exitcond)> <Delay = 0.00>
ST_5 : Operation 44 [1/1] (0.00ns)   --->   "br label %1" [/proj/gsd/vivado/Vivado/2018.2/common/technology/autopilot/hls/hls_video_io.h:126]   --->   Operation 44 'br' <Predicate = (!exitcond)> <Delay = 0.00>

State 6 <SV = 3> <Delay = 0.00>
ST_6 : Operation 45 [1/1] (0.00ns)   --->   "%empty_46 = call i32 (...)* @_ssdm_op_SpecRegionEnd([12 x i8]* @p_str19, i32 %tmp)" [/proj/gsd/vivado/Vivado/2018.2/common/technology/autopilot/hls/hls_video_io.h:148]   --->   Operation 45 'specregionend' 'empty_46' <Predicate = true> <Delay = 0.00>
ST_6 : Operation 46 [1/1] (0.00ns)   --->   "br label %.preheader" [/proj/gsd/vivado/Vivado/2018.2/common/technology/autopilot/hls/hls_video_io.h:125]   --->   Operation 46 'br' <Predicate = true> <Delay = 0.00>


============================================================
+ Verbose Summary: Binding
============================================================
STG Binding: 
---------------- STG Properties BEGIN ----------------
- Is combinational: 0
- Is one-state seq: 0
- Is datapath-only: 0
- Is pipelined: 0
- Is top level: 0
Port [ Return ] is wired: 1; IO mode=ap_ctrl_hs:ce=0
Port [ img_data_stream_0_V]:  wired=1; compound=1; hidden=0; nouse=0; global=0; static=0; extern=0; dir=0; type=3; pingpong=0; private_global=0; IO mode=ap_fifo:ce=0
Port [ img_data_stream_1_V]:  wired=1; compound=1; hidden=0; nouse=0; global=0; static=0; extern=0; dir=0; type=3; pingpong=0; private_global=0; IO mode=ap_fifo:ce=0
Port [ img_data_stream_2_V]:  wired=1; compound=1; hidden=0; nouse=0; global=0; static=0; extern=0; dir=0; type=3; pingpong=0; private_global=0; IO mode=ap_fifo:ce=0
Port [ AXI_video_strm_V_data_V]:  wired=1; compound=1; hidden=0; nouse=0; global=0; static=0; extern=0; dir=1; type=0; pingpong=0; private_global=0; IO mode=axis:ce=0
Port [ AXI_video_strm_V_keep_V]:  wired=1; compound=1; hidden=0; nouse=0; global=0; static=0; extern=0; dir=1; type=0; pingpong=0; private_global=0; IO mode=axis:ce=0
Port [ AXI_video_strm_V_strb_V]:  wired=1; compound=1; hidden=0; nouse=0; global=0; static=0; extern=0; dir=1; type=0; pingpong=0; private_global=0; IO mode=axis:ce=0
Port [ AXI_video_strm_V_user_V]:  wired=1; compound=1; hidden=0; nouse=0; global=0; static=0; extern=0; dir=1; type=0; pingpong=0; private_global=0; IO mode=axis:ce=0
Port [ AXI_video_strm_V_last_V]:  wired=1; compound=1; hidden=0; nouse=0; global=0; static=0; extern=0; dir=1; type=0; pingpong=0; private_global=0; IO mode=axis:ce=0
Port [ AXI_video_strm_V_id_V]:  wired=1; compound=1; hidden=0; nouse=0; global=0; static=0; extern=0; dir=1; type=0; pingpong=0; private_global=0; IO mode=axis:ce=0
Port [ AXI_video_strm_V_dest_V]:  wired=1; compound=1; hidden=0; nouse=0; global=0; static=0; extern=0; dir=1; type=0; pingpong=0; private_global=0; IO mode=axis:ce=0
---------------- STG Properties END ------------------

---------------- Datapath Model BEGIN ----------------

<LifeTime>
<method=bitvector/>
tmp_user_V      (alloca           ) [ 0111111]
StgValue_8      (specinterface    ) [ 0000000]
StgValue_9      (specinterface    ) [ 0000000]
StgValue_10     (specinterface    ) [ 0000000]
StgValue_11     (specinterface    ) [ 0000000]
StgValue_12     (store            ) [ 0000000]
StgValue_13     (br               ) [ 0111111]
t_V             (phi              ) [ 0010000]
exitcond1       (icmp             ) [ 0011111]
StgValue_16     (speclooptripcount) [ 0000000]
i_V             (add              ) [ 0111111]
StgValue_18     (br               ) [ 0000000]
StgValue_19     (specloopname     ) [ 0000000]
tmp             (specregionbegin  ) [ 0001111]
StgValue_21     (br               ) [ 0011111]
StgValue_22     (ret              ) [ 0000000]
t_V_1           (phi              ) [ 0001000]
exitcond        (icmp             ) [ 0011111]
StgValue_25     (speclooptripcount) [ 0000000]
j_V             (add              ) [ 0011111]
StgValue_27     (br               ) [ 0000000]
axi_last_V      (icmp             ) [ 0001110]
tmp_user_V_load (load             ) [ 0001010]
tmp_1           (specregionbegin  ) [ 0000000]
StgValue_31     (specprotocol     ) [ 0000000]
tmp_16          (read             ) [ 0000000]
tmp_17          (read             ) [ 0000000]
tmp_15          (read             ) [ 0000000]
empty           (specregionend    ) [ 0000000]
tmp_data_V      (bitconcatenate   ) [ 0001010]
StgValue_38     (store            ) [ 0000000]
StgValue_39     (specloopname     ) [ 0000000]
tmp_s           (specregionbegin  ) [ 0000000]
StgValue_41     (specpipeline     ) [ 0000000]
StgValue_42     (write            ) [ 0000000]
empty_45        (specregionend    ) [ 0000000]
StgValue_44     (br               ) [ 0011111]
empty_46        (specregionend    ) [ 0000000]
StgValue_46     (br               ) [ 0111111]
</LifeTime>

<model>

<comp_list>
<comp id="0" class="1000" name="img_data_stream_0_V">
<pin_list>
<pin id="1" dir="1" index="0" bw="1" slack="0"/>
</pin_list>
<bind>
<StgValue><ssdm name="img_data_stream_0_V"/></StgValue>
</bind>
</comp>

<comp id="2" class="1000" name="img_data_stream_1_V">
<pin_list>
<pin id="3" dir="1" index="0" bw="1" slack="0"/>
</pin_list>
<bind>
<StgValue><ssdm name="img_data_stream_1_V"/></StgValue>
</bind>
</comp>

<comp id="4" class="1000" name="img_data_stream_2_V">
<pin_list>
<pin id="5" dir="1" index="0" bw="1" slack="0"/>
</pin_list>
<bind>
<StgValue><ssdm name="img_data_stream_2_V"/></StgValue>
</bind>
</comp>

<comp id="6" class="1000" name="AXI_video_strm_V_data_V">
<pin_list>
<pin id="7" dir="1" index="0" bw="1" slack="0"/>
</pin_list>
<bind>
<StgValue><ssdm name="AXI_video_strm_V_data_V"/></StgValue>
</bind>
</comp>

<comp id="8" class="1000" name="AXI_video_strm_V_keep_V">
<pin_list>
<pin id="9" dir="1" index="0" bw="1" slack="0"/>
</pin_list>
<bind>
<StgValue><ssdm name="AXI_video_strm_V_keep_V"/></StgValue>
</bind>
</comp>

<comp id="10" class="1000" name="AXI_video_strm_V_strb_V">
<pin_list>
<pin id="11" dir="1" index="0" bw="1" slack="0"/>
</pin_list>
<bind>
<StgValue><ssdm name="AXI_video_strm_V_strb_V"/></StgValue>
</bind>
</comp>

<comp id="12" class="1000" name="AXI_video_strm_V_user_V">
<pin_list>
<pin id="13" dir="1" index="0" bw="1" slack="0"/>
</pin_list>
<bind>
<StgValue><ssdm name="AXI_video_strm_V_user_V"/></StgValue>
</bind>
</comp>

<comp id="14" class="1000" name="AXI_video_strm_V_last_V">
<pin_list>
<pin id="15" dir="1" index="0" bw="1" slack="0"/>
</pin_list>
<bind>
<StgValue><ssdm name="AXI_video_strm_V_last_V"/></StgValue>
</bind>
</comp>

<comp id="16" class="1000" name="AXI_video_strm_V_id_V">
<pin_list>
<pin id="17" dir="1" index="0" bw="1" slack="0"/>
</pin_list>
<bind>
<StgValue><ssdm name="AXI_video_strm_V_id_V"/></StgValue>
</bind>
</comp>

<comp id="18" class="1000" name="AXI_video_strm_V_dest_V">
<pin_list>
<pin id="19" dir="1" index="0" bw="1" slack="0"/>
</pin_list>
<bind>
<StgValue><ssdm name="AXI_video_strm_V_dest_V"/></StgValue>
</bind>
</comp>

<comp id="20" class="1001" name="const_20">
<pin_list>
<pin id="21" dir="1" index="0" bw="1" slack="0"/>
</pin_list>
<bind>
<StgValue><ssdm name=""/></StgValue>
</bind>
</comp>

<comp id="22" class="1001" name="const_22">
<pin_list>
<pin id="23" dir="1" index="0" bw="1" slack="2147483647"/>
</pin_list>
<bind>
<StgValue><ssdm name="_ssdm_op_SpecInterface"/></StgValue>
</bind>
</comp>

<comp id="24" class="1001" name="const_24">
<pin_list>
<pin id="25" dir="1" index="0" bw="1" slack="2147483647"/>
</pin_list>
<bind>
<StgValue><ssdm name="ap_fifo_str"/></StgValue>
</bind>
</comp>

<comp id="26" class="1001" name="const_26">
<pin_list>
<pin id="27" dir="1" index="0" bw="1" slack="2147483647"/>
</pin_list>
<bind>
<StgValue><ssdm name=""/></StgValue>
</bind>
</comp>

<comp id="28" class="1001" name="const_28">
<pin_list>
<pin id="29" dir="1" index="0" bw="1" slack="2147483647"/>
</pin_list>
<bind>
<StgValue><ssdm name="p_str"/></StgValue>
</bind>
</comp>

<comp id="30" class="1001" name="const_30">
<pin_list>
<pin id="31" dir="1" index="0" bw="1" slack="2147483647"/>
</pin_list>
<bind>
<StgValue><ssdm name=""/></StgValue>
</bind>
</comp>

<comp id="32" class="1001" name="const_32">
<pin_list>
<pin id="33" dir="1" index="0" bw="1" slack="2147483647"/>
</pin_list>
<bind>
<StgValue><ssdm name=""/></StgValue>
</bind>
</comp>

<comp id="34" class="1001" name="const_34">
<pin_list>
<pin id="35" dir="1" index="0" bw="1" slack="2147483647"/>
</pin_list>
<bind>
<StgValue><ssdm name="p_str6"/></StgValue>
</bind>
</comp>

<comp id="36" class="1001" name="const_36">
<pin_list>
<pin id="37" dir="1" index="0" bw="1" slack="2147483647"/>
</pin_list>
<bind>
<StgValue><ssdm name="p_str7"/></StgValue>
</bind>
</comp>

<comp id="38" class="1001" name="const_38">
<pin_list>
<pin id="39" dir="1" index="0" bw="1" slack="2147483647"/>
</pin_list>
<bind>
<StgValue><ssdm name="p_str8"/></StgValue>
</bind>
</comp>

<comp id="40" class="1001" name="const_40">
<pin_list>
<pin id="41" dir="1" index="0" bw="1" slack="2147483647"/>
</pin_list>
<bind>
<StgValue><ssdm name="p_str2"/></StgValue>
</bind>
</comp>

<comp id="42" class="1001" name="const_42">
<pin_list>
<pin id="43" dir="1" index="0" bw="1" slack="0"/>
</pin_list>
<bind>
<StgValue><ssdm name=""/></StgValue>
</bind>
</comp>

<comp id="44" class="1001" name="const_44">
<pin_list>
<pin id="45" dir="1" index="0" bw="1" slack="1"/>
</pin_list>
<bind>
<StgValue><ssdm name=""/></StgValue>
</bind>
</comp>

<comp id="46" class="1001" name="const_46">
<pin_list>
<pin id="47" dir="1" index="0" bw="1" slack="0"/>
</pin_list>
<bind>
<StgValue><ssdm name=""/></StgValue>
</bind>
</comp>

<comp id="48" class="1001" name="const_48">
<pin_list>
<pin id="49" dir="1" index="0" bw="1" slack="2147483647"/>
</pin_list>
<bind>
<StgValue><ssdm name="_ssdm_op_SpecLoopTripCount"/></StgValue>
</bind>
</comp>

<comp id="50" class="1001" name="const_50">
<pin_list>
<pin id="51" dir="1" index="0" bw="1" slack="2147483647"/>
</pin_list>
<bind>
<StgValue><ssdm name=""/></StgValue>
</bind>
</comp>

<comp id="52" class="1001" name="const_52">
<pin_list>
<pin id="53" dir="1" index="0" bw="1" slack="0"/>
</pin_list>
<bind>
<StgValue><ssdm name=""/></StgValue>
</bind>
</comp>

<comp id="54" class="1001" name="const_54">
<pin_list>
<pin id="55" dir="1" index="0" bw="1" slack="2147483647"/>
</pin_list>
<bind>
<StgValue><ssdm name="_ssdm_op_SpecLoopName"/></StgValue>
</bind>
</comp>

<comp id="56" class="1001" name="const_56">
<pin_list>
<pin id="57" dir="1" index="0" bw="1" slack="2147483647"/>
</pin_list>
<bind>
<StgValue><ssdm name="p_str19"/></StgValue>
</bind>
</comp>

<comp id="58" class="1001" name="const_58">
<pin_list>
<pin id="59" dir="1" index="0" bw="1" slack="2147483647"/>
</pin_list>
<bind>
<StgValue><ssdm name="_ssdm_op_SpecRegionBegin"/></StgValue>
</bind>
</comp>

<comp id="60" class="1001" name="const_60">
<pin_list>
<pin id="61" dir="1" index="0" bw="1" slack="1"/>
</pin_list>
<bind>
<StgValue><ssdm name=""/></StgValue>
</bind>
</comp>

<comp id="62" class="1001" name="const_62">
<pin_list>
<pin id="63" dir="1" index="0" bw="1" slack="0"/>
</pin_list>
<bind>
<StgValue><ssdm name=""/></StgValue>
</bind>
</comp>

<comp id="64" class="1001" name="const_64">
<pin_list>
<pin id="65" dir="1" index="0" bw="1" slack="2147483647"/>
</pin_list>
<bind>
<StgValue><ssdm name=""/></StgValue>
</bind>
</comp>

<comp id="66" class="1001" name="const_66">
<pin_list>
<pin id="67" dir="1" index="0" bw="1" slack="0"/>
</pin_list>
<bind>
<StgValue><ssdm name=""/></StgValue>
</bind>
</comp>

<comp id="68" class="1001" name="const_68">
<pin_list>
<pin id="69" dir="1" index="0" bw="1" slack="0"/>
</pin_list>
<bind>
<StgValue><ssdm name=""/></StgValue>
</bind>
</comp>

<comp id="70" class="1001" name="const_70">
<pin_list>
<pin id="71" dir="1" index="0" bw="1" slack="2147483647"/>
</pin_list>
<bind>
<StgValue><ssdm name="p_str24"/></StgValue>
</bind>
</comp>

<comp id="72" class="1001" name="const_72">
<pin_list>
<pin id="73" dir="1" index="0" bw="1" slack="2147483647"/>
</pin_list>
<bind>
<StgValue><ssdm name="_ssdm_op_SpecProtocol"/></StgValue>
</bind>
</comp>

<comp id="74" class="1001" name="const_74">
<pin_list>
<pin id="75" dir="1" index="0" bw="1" slack="0"/>
</pin_list>
<bind>
<StgValue><ssdm name="_ssdm_op_Read.ap_fifo.volatile.i8P"/></StgValue>
</bind>
</comp>

<comp id="76" class="1001" name="const_76">
<pin_list>
<pin id="77" dir="1" index="0" bw="1" slack="2147483647"/>
</pin_list>
<bind>
<StgValue><ssdm name="_ssdm_op_SpecRegionEnd"/></StgValue>
</bind>
</comp>

<comp id="78" class="1001" name="const_78">
<pin_list>
<pin id="79" dir="1" index="0" bw="1" slack="0"/>
</pin_list>
<bind>
<StgValue><ssdm name="_ssdm_op_BitConcatenate.i24.i8.i8.i8"/></StgValue>
</bind>
</comp>

<comp id="80" class="1001" name="const_80">
<pin_list>
<pin id="81" dir="1" index="0" bw="1" slack="0"/>
</pin_list>
<bind>
<StgValue><ssdm name="_ssdm_op_Write.axis.volatile.i24P.i3P.i3P.i1P.i1P.i1P.i1P"/></StgValue>
</bind>
</comp>

<comp id="82" class="1001" name="const_82">
<pin_list>
<pin id="83" dir="1" index="0" bw="1" slack="0"/>
</pin_list>
<bind>
<StgValue><ssdm name=""/></StgValue>
</bind>
</comp>

<comp id="84" class="1001" name="const_84">
<pin_list>
<pin id="85" dir="1" index="0" bw="1" slack="0"/>
</pin_list>
<bind>
<StgValue><ssdm name=""/></StgValue>
</bind>
</comp>

<comp id="86" class="1001" name="const_86">
<pin_list>
<pin id="87" dir="1" index="0" bw="1" slack="0"/>
</pin_list>
<bind>
<StgValue><ssdm name=""/></StgValue>
</bind>
</comp>

<comp id="88" class="1001" name="const_88">
<pin_list>
<pin id="89" dir="1" index="0" bw="1" slack="0"/>
</pin_list>
<bind>
<StgValue><ssdm name=""/></StgValue>
</bind>
</comp>

<comp id="90" class="1001" name="const_90">
<pin_list>
<pin id="91" dir="1" index="0" bw="1" slack="2147483647"/>
</pin_list>
<bind>
<StgValue><ssdm name="p_str20"/></StgValue>
</bind>
</comp>

<comp id="92" class="1001" name="const_92">
<pin_list>
<pin id="93" dir="1" index="0" bw="1" slack="2147483647"/>
</pin_list>
<bind>
<StgValue><ssdm name="_ssdm_op_SpecPipeline"/></StgValue>
</bind>
</comp>

<comp id="94" class="1004" name="tmp_user_V_fu_94">
<pin_list>
<pin id="95" dir="0" index="0" bw="1" slack="0"/>
<pin id="96" dir="1" index="1" bw="1" slack="0"/>
</pin_list>
<bind>
<opcode="alloca(26) " fcode="alloca"/>
<opset="tmp_user_V/1 "/>
</bind>
</comp>

<comp id="98" class="1004" name="tmp_16_read_fu_98">
<pin_list>
<pin id="99" dir="0" index="0" bw="8" slack="0"/>
<pin id="100" dir="0" index="1" bw="8" slack="0"/>
<pin id="101" dir="1" index="2" bw="8" slack="0"/>
</pin_list>
<bind>
<opcode="read(1150) " fcode="read"/>
<opset="tmp_16/4 "/>
</bind>
</comp>

<comp id="104" class="1004" name="tmp_17_read_fu_104">
<pin_list>
<pin id="105" dir="0" index="0" bw="8" slack="0"/>
<pin id="106" dir="0" index="1" bw="8" slack="0"/>
<pin id="107" dir="1" index="2" bw="8" slack="0"/>
</pin_list>
<bind>
<opcode="read(1150) " fcode="read"/>
<opset="tmp_17/4 "/>
</bind>
</comp>

<comp id="110" class="1004" name="tmp_15_read_fu_110">
<pin_list>
<pin id="111" dir="0" index="0" bw="8" slack="0"/>
<pin id="112" dir="0" index="1" bw="8" slack="0"/>
<pin id="113" dir="1" index="2" bw="8" slack="0"/>
</pin_list>
<bind>
<opcode="read(1150) " fcode="read"/>
<opset="tmp_15/4 "/>
</bind>
</comp>

<comp id="116" class="1004" name="grp_write_fu_116">
<pin_list>
<pin id="117" dir="0" index="0" bw="0" slack="0"/>
<pin id="118" dir="0" index="1" bw="24" slack="0"/>
<pin id="119" dir="0" index="2" bw="3" slack="0"/>
<pin id="120" dir="0" index="3" bw="3" slack="0"/>
<pin id="121" dir="0" index="4" bw="1" slack="0"/>
<pin id="122" dir="0" index="5" bw="1" slack="0"/>
<pin id="123" dir="0" index="6" bw="1" slack="0"/>
<pin id="124" dir="0" index="7" bw="1" slack="0"/>
<pin id="125" dir="0" index="8" bw="24" slack="0"/>
<pin id="126" dir="0" index="9" bw="1" slack="0"/>
<pin id="127" dir="0" index="10" bw="1" slack="0"/>
<pin id="128" dir="0" index="11" bw="1" slack="0"/>
<pin id="129" dir="0" index="12" bw="1" slack="1"/>
<pin id="130" dir="0" index="13" bw="1" slack="0"/>
<pin id="131" dir="0" index="14" bw="1" slack="0"/>
<pin id="132" dir="1" index="15" bw="0" slack="2147483647"/>
</pin_list>
<bind>
<opcode="write(1151) " fcode="write"/>
<opset="StgValue_37/4 "/>
</bind>
</comp>

<comp id="145" class="1005" name="t_V_reg_145">
<pin_list>
<pin id="146" dir="0" index="0" bw="10" slack="1"/>
<pin id="147" dir="1" index="1" bw="10" slack="1"/>
</pin_list>
<bind>
<opset="t_V (phireg) "/>
</bind>
</comp>

<comp id="149" class="1004" name="t_V_phi_fu_149">
<pin_list>
<pin id="150" dir="0" index="0" bw="10" slack="0"/>
<pin id="151" dir="0" index="1" bw="0" slack="2147483647"/>
<pin id="152" dir="0" index="2" bw="1" slack="1"/>
<pin id="153" dir="0" index="3" bw="0" slack="2147483647"/>
<pin id="154" dir="1" index="4" bw="10" slack="0"/>
</pin_list>
<bind>
<opcode="phi(47) " fcode="phi"/>
<opset="t_V/2 "/>
</bind>
</comp>

<comp id="156" class="1005" name="t_V_1_reg_156">
<pin_list>
<pin id="157" dir="0" index="0" bw="11" slack="1"/>
<pin id="158" dir="1" index="1" bw="11" slack="1"/>
</pin_list>
<bind>
<opset="t_V_1 (phireg) "/>
</bind>
</comp>

<comp id="160" class="1004" name="t_V_1_phi_fu_160">
<pin_list>
<pin id="161" dir="0" index="0" bw="1" slack="1"/>
<pin id="162" dir="0" index="1" bw="0" slack="2147483647"/>
<pin id="163" dir="0" index="2" bw="11" slack="0"/>
<pin id="164" dir="0" index="3" bw="0" slack="2147483647"/>
<pin id="165" dir="1" index="4" bw="11" slack="0"/>
</pin_list>
<bind>
<opcode="phi(47) " fcode="phi"/>
<opset="t_V_1/3 "/>
</bind>
</comp>

<comp id="167" class="1004" name="StgValue_12_store_fu_167">
<pin_list>
<pin id="168" dir="0" index="0" bw="1" slack="0"/>
<pin id="169" dir="0" index="1" bw="1" slack="0"/>
<pin id="170" dir="1" index="2" bw="0" slack="2147483647"/>
</pin_list>
<bind>
<opcode="store(28) " fcode="store"/>
<opset="StgValue_12/1 "/>
</bind>
</comp>

<comp id="172" class="1004" name="exitcond1_fu_172">
<pin_list>
<pin id="173" dir="0" index="0" bw="10" slack="0"/>
<pin id="174" dir="0" index="1" bw="10" slack="0"/>
<pin id="175" dir="1" index="2" bw="1" slack="1"/>
</pin_list>
<bind>
<opcode="icmp(45) " fcode="icmp"/>
<opset="exitcond1/2 "/>
</bind>
</comp>

<comp id="178" class="1004" name="i_V_fu_178">
<pin_list>
<pin id="179" dir="0" index="0" bw="10" slack="0"/>
<pin id="180" dir="0" index="1" bw="1" slack="0"/>
<pin id="181" dir="1" index="2" bw="10" slack="0"/>
</pin_list>
<bind>
<opcode="add(8) " fcode="add"/>
<opset="i_V/2 "/>
</bind>
</comp>

<comp id="184" class="1004" name="exitcond_fu_184">
<pin_list>
<pin id="185" dir="0" index="0" bw="11" slack="0"/>
<pin id="186" dir="0" index="1" bw="11" slack="0"/>
<pin id="187" dir="1" index="2" bw="1" slack="1"/>
</pin_list>
<bind>
<opcode="icmp(45) " fcode="icmp"/>
<opset="exitcond/3 "/>
</bind>
</comp>

<comp id="190" class="1004" name="j_V_fu_190">
<pin_list>
<pin id="191" dir="0" index="0" bw="11" slack="0"/>
<pin id="192" dir="0" index="1" bw="1" slack="0"/>
<pin id="193" dir="1" index="2" bw="11" slack="0"/>
</pin_list>
<bind>
<opcode="add(8) " fcode="add"/>
<opset="j_V/3 "/>
</bind>
</comp>

<comp id="196" class="1004" name="axi_last_V_fu_196">
<pin_list>
<pin id="197" dir="0" index="0" bw="11" slack="0"/>
<pin id="198" dir="0" index="1" bw="11" slack="0"/>
<pin id="199" dir="1" index="2" bw="1" slack="1"/>
</pin_list>
<bind>
<opcode="icmp(45) " fcode="icmp"/>
<opset="axi_last_V/3 "/>
</bind>
</comp>

<comp id="202" class="1004" name="tmp_user_V_load_load_fu_202">
<pin_list>
<pin id="203" dir="0" index="0" bw="1" slack="3"/>
<pin id="204" dir="1" index="1" bw="1" slack="0"/>
</pin_list>
<bind>
<opcode="load(27) " fcode="load"/>
<opset="tmp_user_V_load/4 "/>
</bind>
</comp>

<comp id="206" class="1004" name="tmp_data_V_fu_206">
<pin_list>
<pin id="207" dir="0" index="0" bw="24" slack="0"/>
<pin id="208" dir="0" index="1" bw="8" slack="0"/>
<pin id="209" dir="0" index="2" bw="8" slack="0"/>
<pin id="210" dir="0" index="3" bw="8" slack="0"/>
<pin id="211" dir="1" index="4" bw="24" slack="0"/>
</pin_list>
<bind>
<opcode="bitconcatenate(1004) " fcode="bitconcatenate"/>
<opset="tmp_data_V/4 "/>
</bind>
</comp>

<comp id="217" class="1004" name="StgValue_38_store_fu_217">
<pin_list>
<pin id="218" dir="0" index="0" bw="1" slack="0"/>
<pin id="219" dir="0" index="1" bw="1" slack="3"/>
<pin id="220" dir="1" index="2" bw="0" slack="2147483647"/>
</pin_list>
<bind>
<opcode="store(28) " fcode="store"/>
<opset="StgValue_38/4 "/>
</bind>
</comp>

<comp id="222" class="1005" name="tmp_user_V_reg_222">
<pin_list>
<pin id="223" dir="0" index="0" bw="1" slack="0"/>
<pin id="224" dir="1" index="1" bw="1" slack="0"/>
</pin_list>
<bind>
<opset="tmp_user_V "/>
</bind>
</comp>

<comp id="229" class="1005" name="exitcond1_reg_229">
<pin_list>
<pin id="230" dir="0" index="0" bw="1" slack="1"/>
<pin id="231" dir="1" index="1" bw="1" slack="2147483647"/>
</pin_list>
<bind>
<opset="exitcond1 "/>
</bind>
</comp>

<comp id="233" class="1005" name="i_V_reg_233">
<pin_list>
<pin id="234" dir="0" index="0" bw="10" slack="0"/>
<pin id="235" dir="1" index="1" bw="10" slack="0"/>
</pin_list>
<bind>
<opset="i_V "/>
</bind>
</comp>

<comp id="238" class="1005" name="exitcond_reg_238">
<pin_list>
<pin id="239" dir="0" index="0" bw="1" slack="1"/>
<pin id="240" dir="1" index="1" bw="1" slack="2147483647"/>
</pin_list>
<bind>
<opset="exitcond "/>
</bind>
</comp>

<comp id="242" class="1005" name="j_V_reg_242">
<pin_list>
<pin id="243" dir="0" index="0" bw="11" slack="0"/>
<pin id="244" dir="1" index="1" bw="11" slack="0"/>
</pin_list>
<bind>
<opset="j_V "/>
</bind>
</comp>

<comp id="247" class="1005" name="axi_last_V_reg_247">
<pin_list>
<pin id="248" dir="0" index="0" bw="1" slack="1"/>
<pin id="249" dir="1" index="1" bw="1" slack="1"/>
</pin_list>
<bind>
<opset="axi_last_V "/>
</bind>
</comp>

<comp id="252" class="1005" name="tmp_user_V_load_reg_252">
<pin_list>
<pin id="253" dir="0" index="0" bw="1" slack="1"/>
<pin id="254" dir="1" index="1" bw="1" slack="1"/>
</pin_list>
<bind>
<opset="tmp_user_V_load "/>
</bind>
</comp>

<comp id="257" class="1005" name="tmp_data_V_reg_257">
<pin_list>
<pin id="258" dir="0" index="0" bw="24" slack="1"/>
<pin id="259" dir="1" index="1" bw="24" slack="1"/>
</pin_list>
<bind>
<opset="tmp_data_V "/>
</bind>
</comp>

</comp_list>

<net_list>
<net id="97"><net_src comp="20" pin="0"/><net_sink comp="94" pin=0"/></net>

<net id="102"><net_src comp="74" pin="0"/><net_sink comp="98" pin=0"/></net>

<net id="103"><net_src comp="0" pin="0"/><net_sink comp="98" pin=1"/></net>

<net id="108"><net_src comp="74" pin="0"/><net_sink comp="104" pin=0"/></net>

<net id="109"><net_src comp="2" pin="0"/><net_sink comp="104" pin=1"/></net>

<net id="114"><net_src comp="74" pin="0"/><net_sink comp="110" pin=0"/></net>

<net id="115"><net_src comp="4" pin="0"/><net_sink comp="110" pin=1"/></net>

<net id="133"><net_src comp="80" pin="0"/><net_sink comp="116" pin=0"/></net>

<net id="134"><net_src comp="6" pin="0"/><net_sink comp="116" pin=1"/></net>

<net id="135"><net_src comp="8" pin="0"/><net_sink comp="116" pin=2"/></net>

<net id="136"><net_src comp="10" pin="0"/><net_sink comp="116" pin=3"/></net>

<net id="137"><net_src comp="12" pin="0"/><net_sink comp="116" pin=4"/></net>

<net id="138"><net_src comp="14" pin="0"/><net_sink comp="116" pin=5"/></net>

<net id="139"><net_src comp="16" pin="0"/><net_sink comp="116" pin=6"/></net>

<net id="140"><net_src comp="18" pin="0"/><net_sink comp="116" pin=7"/></net>

<net id="141"><net_src comp="82" pin="0"/><net_sink comp="116" pin=9"/></net>

<net id="142"><net_src comp="84" pin="0"/><net_sink comp="116" pin=10"/></net>

<net id="143"><net_src comp="86" pin="0"/><net_sink comp="116" pin=13"/></net>

<net id="144"><net_src comp="86" pin="0"/><net_sink comp="116" pin=14"/></net>

<net id="148"><net_src comp="44" pin="0"/><net_sink comp="145" pin=0"/></net>

<net id="155"><net_src comp="145" pin="1"/><net_sink comp="149" pin=2"/></net>

<net id="159"><net_src comp="60" pin="0"/><net_sink comp="156" pin=0"/></net>

<net id="166"><net_src comp="156" pin="1"/><net_sink comp="160" pin=0"/></net>

<net id="171"><net_src comp="42" pin="0"/><net_sink comp="167" pin=0"/></net>

<net id="176"><net_src comp="149" pin="4"/><net_sink comp="172" pin=0"/></net>

<net id="177"><net_src comp="46" pin="0"/><net_sink comp="172" pin=1"/></net>

<net id="182"><net_src comp="149" pin="4"/><net_sink comp="178" pin=0"/></net>

<net id="183"><net_src comp="52" pin="0"/><net_sink comp="178" pin=1"/></net>

<net id="188"><net_src comp="160" pin="4"/><net_sink comp="184" pin=0"/></net>

<net id="189"><net_src comp="62" pin="0"/><net_sink comp="184" pin=1"/></net>

<net id="194"><net_src comp="160" pin="4"/><net_sink comp="190" pin=0"/></net>

<net id="195"><net_src comp="66" pin="0"/><net_sink comp="190" pin=1"/></net>

<net id="200"><net_src comp="160" pin="4"/><net_sink comp="196" pin=0"/></net>

<net id="201"><net_src comp="68" pin="0"/><net_sink comp="196" pin=1"/></net>

<net id="205"><net_src comp="202" pin="1"/><net_sink comp="116" pin=11"/></net>

<net id="212"><net_src comp="78" pin="0"/><net_sink comp="206" pin=0"/></net>

<net id="213"><net_src comp="110" pin="2"/><net_sink comp="206" pin=1"/></net>

<net id="214"><net_src comp="104" pin="2"/><net_sink comp="206" pin=2"/></net>

<net id="215"><net_src comp="98" pin="2"/><net_sink comp="206" pin=3"/></net>

<net id="216"><net_src comp="206" pin="4"/><net_sink comp="116" pin=8"/></net>

<net id="221"><net_src comp="88" pin="0"/><net_sink comp="217" pin=0"/></net>

<net id="225"><net_src comp="94" pin="1"/><net_sink comp="222" pin=0"/></net>

<net id="226"><net_src comp="222" pin="1"/><net_sink comp="167" pin=1"/></net>

<net id="227"><net_src comp="222" pin="1"/><net_sink comp="202" pin=0"/></net>

<net id="228"><net_src comp="222" pin="1"/><net_sink comp="217" pin=1"/></net>

<net id="232"><net_src comp="172" pin="2"/><net_sink comp="229" pin=0"/></net>

<net id="236"><net_src comp="178" pin="2"/><net_sink comp="233" pin=0"/></net>

<net id="237"><net_src comp="233" pin="1"/><net_sink comp="149" pin=0"/></net>

<net id="241"><net_src comp="184" pin="2"/><net_sink comp="238" pin=0"/></net>

<net id="245"><net_src comp="190" pin="2"/><net_sink comp="242" pin=0"/></net>

<net id="246"><net_src comp="242" pin="1"/><net_sink comp="160" pin=2"/></net>

<net id="250"><net_src comp="196" pin="2"/><net_sink comp="247" pin=0"/></net>

<net id="251"><net_src comp="247" pin="1"/><net_sink comp="116" pin=12"/></net>

<net id="255"><net_src comp="202" pin="1"/><net_sink comp="252" pin=0"/></net>

<net id="256"><net_src comp="252" pin="1"/><net_sink comp="116" pin=11"/></net>

<net id="260"><net_src comp="206" pin="4"/><net_sink comp="257" pin=0"/></net>

<net id="261"><net_src comp="257" pin="1"/><net_sink comp="116" pin=8"/></net>

</net_list>

</model> 
---------------- Datapath Model END ------------------

* FSMD analyzer results:
  - Output states:
	Port: AXI_video_strm_V_data_V | {5 }
	Port: AXI_video_strm_V_keep_V | {5 }
	Port: AXI_video_strm_V_strb_V | {5 }
	Port: AXI_video_strm_V_user_V | {5 }
	Port: AXI_video_strm_V_last_V | {5 }
	Port: AXI_video_strm_V_id_V | {5 }
	Port: AXI_video_strm_V_dest_V | {5 }
 - Input state : 
	Port: Mat2AXIvideo : img_data_stream_0_V | {4 }
	Port: Mat2AXIvideo : img_data_stream_1_V | {4 }
	Port: Mat2AXIvideo : img_data_stream_2_V | {4 }
	Port: Mat2AXIvideo : AXI_video_strm_V_data_V | {}
	Port: Mat2AXIvideo : AXI_video_strm_V_keep_V | {}
	Port: Mat2AXIvideo : AXI_video_strm_V_strb_V | {}
	Port: Mat2AXIvideo : AXI_video_strm_V_user_V | {}
	Port: Mat2AXIvideo : AXI_video_strm_V_last_V | {}
	Port: Mat2AXIvideo : AXI_video_strm_V_id_V | {}
	Port: Mat2AXIvideo : AXI_video_strm_V_dest_V | {}
  - Chain level:
	State 1
		StgValue_12 : 1
	State 2
		exitcond1 : 1
		i_V : 1
		StgValue_18 : 2
	State 3
		exitcond : 1
		j_V : 1
		StgValue_27 : 2
		axi_last_V : 1
	State 4
		empty : 1
		StgValue_37 : 1
	State 5
		empty_45 : 1
	State 6


============================================================
+ Verbose Summary: Datapath Resource usage 
============================================================

* Functional unit list:
|----------|--------------------|---------|---------|
| Operation|   Functional Unit  |    FF   |   LUT   |
|----------|--------------------|---------|---------|
|          |  exitcond1_fu_172  |    0    |    13   |
|   icmp   |   exitcond_fu_184  |    0    |    13   |
|          |  axi_last_V_fu_196 |    0    |    13   |
|----------|--------------------|---------|---------|
|    add   |     i_V_fu_178     |    0    |    17   |
|          |     j_V_fu_190     |    0    |    18   |
|----------|--------------------|---------|---------|
|          |  tmp_16_read_fu_98 |    0    |    0    |
|   read   | tmp_17_read_fu_104 |    0    |    0    |
|          | tmp_15_read_fu_110 |    0    |    0    |
|----------|--------------------|---------|---------|
|   write  |  grp_write_fu_116  |    0    |    0    |
|----------|--------------------|---------|---------|
|bitconcatenate|  tmp_data_V_fu_206 |    0    |    0    |
|----------|--------------------|---------|---------|
|   Total  |                    |    0    |    74   |
|----------|--------------------|---------|---------|

Memories:
N/A

* Register list:
+-----------------------+--------+
|                       |   FF   |
+-----------------------+--------+
|   axi_last_V_reg_247  |    1   |
|   exitcond1_reg_229   |    1   |
|    exitcond_reg_238   |    1   |
|      i_V_reg_233      |   10   |
|      j_V_reg_242      |   11   |
|     t_V_1_reg_156     |   11   |
|      t_V_reg_145      |   10   |
|   tmp_data_V_reg_257  |   24   |
|tmp_user_V_load_reg_252|    1   |
|   tmp_user_V_reg_222  |    1   |
+-----------------------+--------+
|         Total         |   71   |
+-----------------------+--------+

* Multiplexer (MUX) list: 
|------------------|------|------|------|--------||---------||---------|
|       Comp       |  Pin | Size |  BW  | S x BW ||  Delay  ||   LUT   |
|------------------|------|------|------|--------||---------||---------|
| grp_write_fu_116 |  p8  |   2  |  24  |   48   ||    9    |
| grp_write_fu_116 |  p11 |   2  |   1  |    2   ||    9    |
|------------------|------|------|------|--------||---------||---------|
|       Total      |      |      |      |   50   ||  1.312  ||    18   |
|------------------|------|------|------|--------||---------||---------|



* Summary:
+-----------+--------+--------+--------+
|           |  Delay |   FF   |   LUT  |
+-----------+--------+--------+--------+
|  Function |    -   |    0   |   74   |
|   Memory  |    -   |    -   |    -   |
|Multiplexer|    1   |    -   |   18   |
|  Register |    -   |   71   |    -   |
+-----------+--------+--------+--------+
|   Total   |    1   |   71   |   92   |
+-----------+--------+--------+--------+
