

================================================================
== Vivado HLS Report for 'hls_video_block'
================================================================
* Date:           Fri Nov 30 10:25:35 2018

* Version:        2018.2 (Build 2258646 on Thu Jun 14 20:25:20 MDT 2018)
* Project:        hls_video_block
* Solution:       solution1
* Product family: zynquplus
* Target device:  xczu9eg-ffvb1156-2-i


================================================================
== Performance Estimates
================================================================
+ Timing (ns): 
    * Summary: 
    +--------+-------+----------+------------+
    |  Clock | Target| Estimated| Uncertainty|
    +--------+-------+----------+------------+
    |ap_clk  |  10.00|     3.676|        1.25|
    +--------+-------+----------+------------+

+ Latency (clock cycles): 
    * Summary: 
    +--------+--------+--------+--------+----------+
    |     Latency     |     Interval    | Pipeline |
    |   min  |   max  |   min  |   max  |   Type   |
    +--------+--------+--------+--------+----------+
    |  782643|  782643|  782644|  782644| dataflow |
    +--------+--------+--------+--------+----------+

    + Detail: 
        * Instance: 
        +-----------------+--------------+--------+--------+--------+--------+---------+
        |                 |              |     Latency     |     Interval    | Pipeline|
        |     Instance    |    Module    |   min  |   max  |   min  |   max  |   Type  |
        +-----------------+--------------+--------+--------+--------+--------+---------+
        |AXIvideo2Mat_U0  |AXIvideo2Mat  |  782643|  782643|  782643|  782643|   none  |
        |Mat2AXIvideo_U0  |Mat2AXIvideo  |  780481|  780481|  780481|  780481|   none  |
        |passthrough_U0   |passthrough   |  779041|  779041|  779041|  779041|   none  |
        +-----------------+--------------+--------+--------+--------+--------+---------+

        * Loop: 
        N/A



================================================================
== Utilization Estimates
================================================================
* Summary: 
+-----------------+---------+-------+--------+--------+-----+
|       Name      | BRAM_18K| DSP48E|   FF   |   LUT  | URAM|
+-----------------+---------+-------+--------+--------+-----+
|DSP              |        -|      -|       -|       -|    -|
|Expression       |        -|      -|       0|       2|    -|
|FIFO             |        0|      -|      30|     120|    -|
|Instance         |        -|      -|     435|    1002|    -|
|Memory           |        -|      -|       -|       -|    -|
|Multiplexer      |        -|      -|       -|       -|    -|
|Register         |        -|      -|       -|       -|    -|
+-----------------+---------+-------+--------+--------+-----+
|Total            |        0|      0|     465|    1124|    0|
+-----------------+---------+-------+--------+--------+-----+
|Available        |     1824|   2520|  548160|  274080|    0|
+-----------------+---------+-------+--------+--------+-----+
|Utilization (%)  |        0|      0|   ~0   |   ~0   |    0|
+-----------------+---------+-------+--------+--------+-----+

+ Detail: 
    * Instance: 
    +-----------------+--------------+---------+-------+-----+-----+
    |     Instance    |    Module    | BRAM_18K| DSP48E|  FF | LUT |
    +-----------------+--------------+---------+-------+-----+-----+
    |AXIvideo2Mat_U0  |AXIvideo2Mat  |        0|      0|  264|  458|
    |Mat2AXIvideo_U0  |Mat2AXIvideo  |        0|      0|  135|  368|
    |passthrough_U0   |passthrough   |        0|      0|   36|  176|
    +-----------------+--------------+---------+-------+-----+-----+
    |Total            |              |        0|      0|  435| 1002|
    +-----------------+--------------+---------+-------+-----+-----+

    * DSP48: 
    N/A

    * Memory: 
    N/A

    * FIFO: 
    +--------------------------+---------+---+----+------+-----+---------+
    |           Name           | BRAM_18K| FF| LUT| Depth| Bits| Size:D*B|
    +--------------------------+---------+---+----+------+-----+---------+
    |input_mat_data_strea_5_U  |        0|  5|  20|     2|    8|       16|
    |input_mat_data_strea_6_U  |        0|  5|  20|     2|    8|       16|
    |input_mat_data_strea_U    |        0|  5|  20|     2|    8|       16|
    |output_mat_data_stre_5_U  |        0|  5|  20|     2|    8|       16|
    |output_mat_data_stre_6_U  |        0|  5|  20|     2|    8|       16|
    |output_mat_data_stre_U    |        0|  5|  20|     2|    8|       16|
    +--------------------------+---------+---+----+------+-----+---------+
    |Total                     |        0| 30| 120|    12|   48|       96|
    +--------------------------+---------+---+----+------+-----+---------+

    * Expression: 
    +--------------+----------+-------+---+----+------------+------------+
    | Variable Name| Operation| DSP48E| FF| LUT| Bitwidth P0| Bitwidth P1|
    +--------------+----------+-------+---+----+------------+------------+
    |ap_idle       |    and   |      0|  0|   2|           1|           1|
    +--------------+----------+-------+---+----+------------+------------+
    |Total         |          |      0|  0|   2|           1|           1|
    +--------------+----------+-------+---+----+------------+------------+

    * Multiplexer: 
    N/A

    * Register: 
    N/A



================================================================
== Interface
================================================================
* Summary: 
+----------------------+-----+-----+------------+--------------------+--------------+
|       RTL Ports      | Dir | Bits|  Protocol  |    Source Object   |    C Type    |
+----------------------+-----+-----+------------+--------------------+--------------+
|INPUT_STREAM_TDATA    |  in |   32|    axis    |  VIDEO_IN_V_data_V |    pointer   |
|INPUT_STREAM_TKEEP    |  in |    4|    axis    |  VIDEO_IN_V_keep_V |    pointer   |
|INPUT_STREAM_TSTRB    |  in |    4|    axis    |  VIDEO_IN_V_strb_V |    pointer   |
|INPUT_STREAM_TUSER    |  in |    1|    axis    |  VIDEO_IN_V_user_V |    pointer   |
|INPUT_STREAM_TLAST    |  in |    1|    axis    |  VIDEO_IN_V_last_V |    pointer   |
|INPUT_STREAM_TID      |  in |    1|    axis    |   VIDEO_IN_V_id_V  |    pointer   |
|INPUT_STREAM_TDEST    |  in |    1|    axis    |  VIDEO_IN_V_dest_V |    pointer   |
|INPUT_STREAM_TVALID   |  in |    1|    axis    |  VIDEO_IN_V_dest_V |    pointer   |
|INPUT_STREAM_TREADY   | out |    1|    axis    |  VIDEO_IN_V_dest_V |    pointer   |
|OUTPUT_STREAM_TDATA   | out |   32|    axis    | VIDEO_OUT_V_data_V |    pointer   |
|OUTPUT_STREAM_TKEEP   | out |    4|    axis    | VIDEO_OUT_V_keep_V |    pointer   |
|OUTPUT_STREAM_TSTRB   | out |    4|    axis    | VIDEO_OUT_V_strb_V |    pointer   |
|OUTPUT_STREAM_TUSER   | out |    1|    axis    | VIDEO_OUT_V_user_V |    pointer   |
|OUTPUT_STREAM_TLAST   | out |    1|    axis    | VIDEO_OUT_V_last_V |    pointer   |
|OUTPUT_STREAM_TID     | out |    1|    axis    |  VIDEO_OUT_V_id_V  |    pointer   |
|OUTPUT_STREAM_TDEST   | out |    1|    axis    | VIDEO_OUT_V_dest_V |    pointer   |
|OUTPUT_STREAM_TVALID  | out |    1|    axis    | VIDEO_OUT_V_dest_V |    pointer   |
|OUTPUT_STREAM_TREADY  |  in |    1|    axis    | VIDEO_OUT_V_dest_V |    pointer   |
|ap_clk                |  in |    1| ap_ctrl_hs |   hls_video_block  | return value |
|ap_rst_n              |  in |    1| ap_ctrl_hs |   hls_video_block  | return value |
|ap_done               | out |    1| ap_ctrl_hs |   hls_video_block  | return value |
|ap_start              |  in |    1| ap_ctrl_hs |   hls_video_block  | return value |
|ap_ready              | out |    1| ap_ctrl_hs |   hls_video_block  | return value |
|ap_idle               | out |    1| ap_ctrl_hs |   hls_video_block  | return value |
+----------------------+-----+-----+------------+--------------------+--------------+

