INFO-FLOW: Workspace /group/techsup/parkerh/hls_video_block/hls_video_block/solution1 opened at Fri Nov 30 10:24:24 PST 2018
Command     open_solution done; 0.77 sec.
Execute     set_part xczu9eg-ffvb1156-2-i -tool vivado 
Execute       add_library xilinx/zynquplus/zynquplus:xczu9eg:-ffvb1156:-2-i 
Execute         get_default_platform 
Execute         license_isbetapart xczu9eg 
Command         license_isbetapart done; error code: 1; 
Execute         open_platform DefaultPlatform 
Execute         import_lib /proj/gsd/vivado/Vivado/2018.2/common/technology/xilinx/zynquplus/zynquplus 
Execute           source /proj/gsd/vivado/Vivado/2018.2/common/technology/xilinx/common/xilinx.lib 
Execute             source /proj/gsd/vivado/Vivado/2018.2/common/technology/xilinx/interface/xilinx_interface.lib 
Execute               source /proj/gsd/vivado/Vivado/2018.2/common/technology/xilinx/interface/plb46.lib 
Execute               source /proj/gsd/vivado/Vivado/2018.2/common/technology/xilinx/interface/fsl.lib 
Execute               source /proj/gsd/vivado/Vivado/2018.2/common/technology/xilinx/interface/axi4.lib 
Execute               source /proj/gsd/vivado/Vivado/2018.2/common/technology/xilinx/interface/maxi.lib 
Execute               source /proj/gsd/vivado/Vivado/2018.2/common/technology/xilinx/interface/saxilite.lib 
Execute             source /proj/gsd/vivado/Vivado/2018.2/common/technology/xilinx/common/dsp48.lib 
Execute             source /proj/gsd/vivado/Vivado/2018.2/common/technology/xilinx/ip/xfir.lib 
Execute             source /proj/gsd/vivado/Vivado/2018.2/common/technology/xilinx/ip/xfft.lib 
Execute             source /proj/gsd/vivado/Vivado/2018.2/common/technology/xilinx/ip/dds_compiler.lib 
Execute           source /proj/gsd/vivado/Vivado/2018.2/common/technology/xilinx/common/xilinx_old.lib 
Execute           source /proj/gsd/vivado/Vivado/2018.2/common/technology/xilinx/common/xilinx_vivado.lib 
Execute           source /proj/gsd/vivado/Vivado/2018.2/common/technology/xilinx/common/xilinx.hlp 
Execute             source /proj/gsd/vivado/Vivado/2018.2/common/technology/xilinx/common/target_info.tcl 
Execute             source /proj/gsd/vivado/Vivado/2018.2/common/technology/xilinx/interface/xilinx_interface.hlp 
Execute               source /proj/gsd/vivado/Vivado/2018.2/common/technology/xilinx/interface/maxi.hlp 
Execute               source /proj/gsd/vivado/Vivado/2018.2/common/technology/xilinx/interface/saxilite.hlp 
Execute             source /proj/gsd/vivado/Vivado/2018.2/common/technology/xilinx/common/dsp48.hlp 
Execute           source /proj/gsd/vivado/Vivado/2018.2/common/technology/xilinx/zynquplus/dsp48e2.hlp 
Execute           get_default_platform 
Execute           config_chip_info -quiet -resource  {SLICE 34260} {LUT 274080}   {FF 548160}  {DSP48E 2520}  {BRAM 1824} {URAM 0}  
Execute           config_chip_info -quiet -speed medium 
Execute           source /proj/gsd/vivado/Vivado/2018.2/common/technology/xilinx/common/xilinx.hlp 
Execute             source /proj/gsd/vivado/Vivado/2018.2/common/technology/xilinx/common/target_info.tcl 
Execute             source /proj/gsd/vivado/Vivado/2018.2/common/technology/xilinx/interface/xilinx_interface.hlp 
Execute               source /proj/gsd/vivado/Vivado/2018.2/common/technology/xilinx/interface/maxi.hlp 
Execute               source /proj/gsd/vivado/Vivado/2018.2/common/technology/xilinx/interface/saxilite.hlp 
Execute             source /proj/gsd/vivado/Vivado/2018.2/common/technology/xilinx/common/dsp48.hlp 
Command         import_lib done; 0.12 sec.
Execute         source /proj/gsd/vivado/Vivado/2018.2/common/technology/xilinx/zynquplus/zynquplus.gen 
Execute           source /proj/gsd/vivado/Vivado/2018.2/common/technology/xilinx/common/virtex.gen 
Execute             source /proj/gsd/vivado/Vivado/2018.2/common/technology/xilinx/common/xilinx.gen 
Execute               source /proj/gsd/vivado/Vivado/2018.2/common/technology/xilinx/interface/plb46.gen 
Execute               source /proj/gsd/vivado/Vivado/2018.2/common/technology/xilinx/interface/fsl.gen 
Execute               source /proj/gsd/vivado/Vivado/2018.2/common/technology/xilinx/interface/axi4.gen 
Execute               source /proj/gsd/vivado/Vivado/2018.2/common/technology/xilinx/interface/nativeAXI4.gen 
Execute                 source /proj/gsd/vivado/Vivado/2018.2/common/technology/xilinx/interface/saxilite.gen 
Execute                 source /proj/gsd/vivado/Vivado/2018.2/common/technology/xilinx/interface/maxi.gen 
Execute               source /proj/gsd/vivado/Vivado/2018.2/common/technology/xilinx/scripts/xilinxcoregen.gen 
Execute               source /proj/gsd/vivado/Vivado/2018.2/common/technology/xilinx/interface/XilEDKCoreGen.gen 
Execute               source /proj/gsd/vivado/Vivado/2018.2/common/technology/xilinx/ip/dds_compiler.gen 
Execute               source /proj/gsd/vivado/Vivado/2018.2/common/technology/xilinx/ip/util.gen 
Execute               source /proj/gsd/vivado/Vivado/2018.2/common/technology/xilinx/ip/xfft.gen 
Command               ap_source done; 0.25 sec.
Execute               source /proj/gsd/vivado/Vivado/2018.2/common/technology/xilinx/ip/xfir.gen 
Command             ap_source done; 0.38 sec.
Execute             source /proj/gsd/vivado/Vivado/2018.2/common/technology/xilinx/common/dsp48.gen 
Command           ap_source done; 0.38 sec.
Command         ap_source done; 0.39 sec.
Execute         get_default_platform 
Execute         config_chip_info -quiet -resource  {SLICE 34260} {LUT 274080}   {FF 548160}  {DSP48E 2520}  {BRAM 1824} {URAM 0}  
Execute         config_chip_info -quiet -speed medium 
Command       add_library done; 0.56 sec.
Execute       add_library xilinx/zynquplus/zynquplus_fpv7 
Execute         get_default_platform 
Execute         open_platform DefaultPlatform 
Execute         import_lib /proj/gsd/vivado/Vivado/2018.2/common/technology/xilinx/zynquplus/zynquplus_fpv7 
Execute           source /proj/gsd/vivado/Vivado/2018.2/common/technology/xilinx/common/xilinx_fpv7.lib 
Execute             source /proj/gsd/vivado/Vivado/2018.2/common/technology/xilinx/common/xilinx_hp.lib 
Execute           source /proj/gsd/vivado/Vivado/2018.2/common/technology/xilinx/common/xilinx_fpv.hlp 
Execute             source /proj/gsd/vivado/Vivado/2018.2/common/technology/xilinx/common/xilinx.hlp 
Execute               source /proj/gsd/vivado/Vivado/2018.2/common/technology/xilinx/common/target_info.tcl 
Execute               source /proj/gsd/vivado/Vivado/2018.2/common/technology/xilinx/interface/xilinx_interface.hlp 
Execute                 source /proj/gsd/vivado/Vivado/2018.2/common/technology/xilinx/interface/maxi.hlp 
Execute                 source /proj/gsd/vivado/Vivado/2018.2/common/technology/xilinx/interface/saxilite.hlp 
Execute               source /proj/gsd/vivado/Vivado/2018.2/common/technology/xilinx/common/dsp48.hlp 
Execute           source /proj/gsd/vivado/Vivado/2018.2/common/technology/xilinx/zynquplus/zynquplus_hp.hlp 
Execute         source /proj/gsd/vivado/Vivado/2018.2/common/technology/xilinx/zynquplus/zynquplus_fpv7.gen 
Execute           source /proj/gsd/vivado/Vivado/2018.2/common/technology/xilinx/common/xilinx_fpv6.gen 
INFO: [HLS 200-10] Setting target device to 'xczu9eg-ffvb1156-2-i'
Execute       get_default_platform 
Command     set_part done; 0.71 sec.
Execute     create_clock -period 10 -name default 
Execute       config_clock -quiet -name default -period 10 -default=false 
INFO: [SYN 201-201] Setting up clock 'default' with a period of 10ns.
Execute     csynth_design 
Execute       get_config_compile -effort 
Execute       get_config_compile -enable_clang39 
Execute       get_config_compile -g 
Execute       get_config_compile -lm 
Execute       get_config_compile -ng 
Execute       get_config_compile -opt_fp 
Execute       get_config_compile -skip_cdt 
Execute       get_config_compile -skip_syncheck 
Execute       get_config_compile -skip_transform 
Execute       get_config_compile -keep_printf 
Execute       elaborate -effort=medium -skip_syncheck=0 -keep_printf=0 -lm=0 -skip_cdt=0 -skip_transform=0 -ng=0 -g=0 -opt_fp=0 -from_csynth_design=1 
Execute         get_config_schedule -relax_ii_for_timing 
Execute         get_config_schedule -suppress_dependence_error_break 
INFO: [HLS 200-10] Analyzing design file 'hls_video_block.cpp' ... 
INFO-FLOW: Compiling one TU...
Execute         is_m_axi_addr64 
INFO-FLOW: Handling hls_video_block.cpp as C++
Execute         get_default_platform 
Execute         is_encrypted hls_video_block.cpp 
Execute         get_default_platform 
INFO-FLOW: Source preprocessing
Execute         clang  -fno-limit-debug-info -gcc-toolchain "/proj/gsd/vivado/Vivado/2018.2/lnx64/tools/gcc" -hls  -fno-exceptions  -D__llvm__  -E "hls_video_block.cpp"     -fno-math-errno -c -emit-llvm -O0  -mllvm -disable-llvm-optzns -fno-threadsafe-statics  -fno-use-cxa-atexit  -fno-threadsafe-statics -fno-use-cxa-atexit -D__CLANG_3_1__ -DAESL_SYN -D__SYNTHESIS__ -D__HLS_SYN__ -I "/proj/gsd/vivado/Vivado/2018.2/common/technology/autopilot" -I "/proj/gsd/vivado/Vivado/2018.2/common/technology/autopilot/ap_sysc" -include etc/autopilot_ssdm_op.h -D__DSP48E2__  -o "/group/techsup/parkerh/hls_video_block/hls_video_block/solution1/.autopilot/db/hls_video_block.pp.0.cpp" 
INFO-FLOW: exec /proj/gsd/vivado/Vivado/2018.2/lnx64/tools/clang/bin/clang -fno-limit-debug-info -gcc-toolchain /proj/gsd/vivado/Vivado/2018.2/lnx64/tools/gcc -hls -fno-exceptions -D__llvm__ -E hls_video_block.cpp -fno-math-errno -c -emit-llvm -O0 -mllvm -disable-llvm-optzns -fno-threadsafe-statics -fno-use-cxa-atexit -fno-threadsafe-statics -fno-use-cxa-atexit -D__CLANG_3_1__ -DAESL_SYN -D__SYNTHESIS__ -D__HLS_SYN__ -I /proj/gsd/vivado/Vivado/2018.2/common/technology/autopilot -I /proj/gsd/vivado/Vivado/2018.2/common/technology/autopilot/ap_sysc -include etc/autopilot_ssdm_op.h -D__DSP48E2__ -o /group/techsup/parkerh/hls_video_block/hls_video_block/solution1/.autopilot/db/hls_video_block.pp.0.cpp
Command         clang done; 2.02 sec.
INFO-FLOW: Syntax Checking before pre-processing...
Execute         clang  -fno-limit-debug-info -gcc-toolchain "/proj/gsd/vivado/Vivado/2018.2/lnx64/tools/gcc" -hls    -fno-math-errno -c -emit-llvm -O0  -mllvm -disable-llvm-optzns -fno-threadsafe-statics  -fno-use-cxa-atexit  -fno-threadsafe-statics -fno-use-cxa-atexit -D__CLANG_3_1__ -DAESL_SYN -D__SYNTHESIS__ -D__HLS_SYN__ -I "/proj/gsd/vivado/Vivado/2018.2/common/technology/autopilot" -I "/proj/gsd/vivado/Vivado/2018.2/common/technology/autopilot/ap_sysc" -include etc/autopilot_ssdm_op.h -D__DSP48E2__  "/group/techsup/parkerh/hls_video_block/hls_video_block/solution1/.autopilot/db/hls_video_block.pp.0.cpp"  -o "/group/techsup/parkerh/hls_video_block/hls_video_block/solution1/.autopilot/db/useless.bc"  
INFO-FLOW: exec /proj/gsd/vivado/Vivado/2018.2/lnx64/tools/clang/bin/clang -fno-limit-debug-info -gcc-toolchain /proj/gsd/vivado/Vivado/2018.2/lnx64/tools/gcc -hls -fno-math-errno -c -emit-llvm -O0 -mllvm -disable-llvm-optzns -fno-threadsafe-statics -fno-use-cxa-atexit -fno-threadsafe-statics -fno-use-cxa-atexit -D__CLANG_3_1__ -DAESL_SYN -D__SYNTHESIS__ -D__HLS_SYN__ -I /proj/gsd/vivado/Vivado/2018.2/common/technology/autopilot -I /proj/gsd/vivado/Vivado/2018.2/common/technology/autopilot/ap_sysc -include etc/autopilot_ssdm_op.h -D__DSP48E2__ /group/techsup/parkerh/hls_video_block/hls_video_block/solution1/.autopilot/db/hls_video_block.pp.0.cpp -o /group/techsup/parkerh/hls_video_block/hls_video_block/solution1/.autopilot/db/useless.bc
Command         clang done; 5.97 sec.
INFO-FLOW: GCC PP time: 7 seconds per iteration
Execute         list_core -type functional_unit 
Execute         tidy_31 xilinx-systemc-detector /group/techsup/parkerh/hls_video_block/hls_video_block/solution1/.autopilot/db/hls_video_block.pp.0.cpp std=gnu++98 -directive=/group/techsup/parkerh/hls_video_block/hls_video_block/solution1/.autopilot/db/.systemc_flag 
INFO-FLOW: exec /proj/gsd/vivado/Vivado/2018.2/lnx64/tools/clang-3.9-csynth/bin/tidy-3.1 -header-filter=.* --checks=-*,xilinx-systemc-detector -import-directive=/group/techsup/parkerh/hls_video_block/hls_video_block/solution1/.autopilot/db/.systemc_flag -quiet -fix-errors /group/techsup/parkerh/hls_video_block/hls_video_block/solution1/.autopilot/db/hls_video_block.pp.0.cpp -- -std=gnu++98 -fhls -ferror-limit=0
Command         tidy_31 done; 6.71 sec.
INFO-FLOW: CDT Preprocessing with tidy-3.1...
Execute         tidy_31 xilinx-directive2pragma /group/techsup/parkerh/hls_video_block/hls_video_block/solution1/.autopilot/db/hls_video_block.pp.0.cpp std=gnu++98 -directive=/group/techsup/parkerh/hls_video_block/hls_video_block/solution1/solution1.json 
INFO-FLOW: exec /proj/gsd/vivado/Vivado/2018.2/lnx64/tools/clang-3.9-csynth/bin/tidy-3.1 -header-filter=.* --checks=-*,xilinx-directive2pragma -import-directive=/group/techsup/parkerh/hls_video_block/hls_video_block/solution1/solution1.json -quiet -fix-errors /group/techsup/parkerh/hls_video_block/hls_video_block/solution1/.autopilot/db/hls_video_block.pp.0.cpp -- -std=gnu++98 -fhls -ferror-limit=0
Command         tidy_31 done; 6.54 sec.
Execute         get_config_dataflow -strict_mode 
Execute         ap_eval exec -ignorestderr /proj/gsd/vivado/Vivado/2018.2/lnx64/tools/clang-3.9-csynth/bin/xilinx-dataflow-lawyer -export-fixes=/group/techsup/parkerh/hls_video_block/hls_video_block/solution1/.autopilot/db/xilinx-dataflow-lawyer.hls_video_block.pp.0.cpp.diag.yml /group/techsup/parkerh/hls_video_block/hls_video_block/solution1/.autopilot/db/hls_video_block.pp.0.cpp -- -std=gnu++98 -fhls -ferror-limit=0 -fstrict-dataflow > /group/techsup/parkerh/hls_video_block/hls_video_block/solution1/.autopilot/db/xilinx-dataflow-lawyer.hls_video_block.pp.0.cpp.out.log 2> /group/techsup/parkerh/hls_video_block/hls_video_block/solution1/.autopilot/db/xilinx-dataflow-lawyer.hls_video_block.pp.0.cpp.err.log 
Command         ap_eval done; 4.44 sec.
Execute         tidy_31 -errorcheck xilinx-constantarray-param,xilinx-resource-pragma-transformer /group/techsup/parkerh/hls_video_block/hls_video_block/solution1/.autopilot/db/hls_video_block.pp.0.cpp std=gnu++98 
INFO-FLOW: exec /proj/gsd/vivado/Vivado/2018.2/lnx64/tools/clang-3.9-csynth/bin/tidy-3.1 -header-filter=.* --checks=-*,xilinx-constantarray-param,xilinx-resource-pragma-transformer -quiet -fix-errors /group/techsup/parkerh/hls_video_block/hls_video_block/solution1/.autopilot/db/hls_video_block.pp.0.cpp -- -std=gnu++98 -fhls -ferror-limit=0
INFO-FLOW: exec /proj/gsd/vivado/Vivado/2018.2/lnx64/tools/clang-3.9-csynth/bin/xilinx-legacy-rewriter /group/techsup/parkerh/hls_video_block/hls_video_block/solution1/.autopilot/db/hls_video_block.pp.0.cpp -- -std=gnu++98 -fhls -ferror-limit=0
Command         tidy_31 done; 16.39 sec.
INFO-FLOW: tidy-3.1 time 27 seconds per iteration
INFO-FLOW: Pragma Handling...
Execute         tidy_31 xilinx-ssdm-intrinsics-arguments /group/techsup/parkerh/hls_video_block/hls_video_block/solution1/.autopilot/db/hls_video_block.pragma.1.cpp std=gnu++98 
INFO-FLOW: exec /proj/gsd/vivado/Vivado/2018.2/lnx64/tools/clang-3.9-csynth/bin/tidy-3.1 -header-filter=.* --checks=-*,xilinx-ssdm-intrinsics-arguments -quiet -fix-errors /group/techsup/parkerh/hls_video_block/hls_video_block/solution1/.autopilot/db/hls_video_block.pragma.1.cpp -- -std=gnu++98 -fhls -ferror-limit=0
Command         tidy_31 done; 9.77 sec.
INFO-FLOW: Source preprocessing
Execute         clang  -fno-limit-debug-info -gcc-toolchain "/proj/gsd/vivado/Vivado/2018.2/lnx64/tools/gcc" -hls  -fno-exceptions  -D__llvm__  -E "/group/techsup/parkerh/hls_video_block/hls_video_block/solution1/.autopilot/db/hls_video_block.pragma.1.cpp"     -fno-math-errno -c -emit-llvm -O0  -mllvm -disable-llvm-optzns -fno-threadsafe-statics  -fno-use-cxa-atexit  -fno-threadsafe-statics -fno-use-cxa-atexit -D__CLANG_3_1__ -DAESL_SYN -D__SYNTHESIS__ -D__HLS_SYN__ -I "/proj/gsd/vivado/Vivado/2018.2/common/technology/autopilot" -I "/proj/gsd/vivado/Vivado/2018.2/common/technology/autopilot/ap_sysc" -include etc/autopilot_ssdm_op.h -D__DSP48E2__  -o "/group/techsup/parkerh/hls_video_block/hls_video_block/solution1/.autopilot/db/hls_video_block.pragma.2.cpp" 
INFO-FLOW: exec /proj/gsd/vivado/Vivado/2018.2/lnx64/tools/clang/bin/clang -fno-limit-debug-info -gcc-toolchain /proj/gsd/vivado/Vivado/2018.2/lnx64/tools/gcc -hls -fno-exceptions -D__llvm__ -E /group/techsup/parkerh/hls_video_block/hls_video_block/solution1/.autopilot/db/hls_video_block.pragma.1.cpp -fno-math-errno -c -emit-llvm -O0 -mllvm -disable-llvm-optzns -fno-threadsafe-statics -fno-use-cxa-atexit -fno-threadsafe-statics -fno-use-cxa-atexit -D__CLANG_3_1__ -DAESL_SYN -D__SYNTHESIS__ -D__HLS_SYN__ -I /proj/gsd/vivado/Vivado/2018.2/common/technology/autopilot -I /proj/gsd/vivado/Vivado/2018.2/common/technology/autopilot/ap_sysc -include etc/autopilot_ssdm_op.h -D__DSP48E2__ -o /group/techsup/parkerh/hls_video_block/hls_video_block/solution1/.autopilot/db/hls_video_block.pragma.2.cpp
Command         clang done; 1.91 sec.
Execute         get_default_platform 
INFO-FLOW: Processing labels
Execute         clang -src /group/techsup/parkerh/hls_video_block/hls_video_block/solution1/.autopilot/db/hls_video_block.pragma.2.cpp  -fno-limit-debug-info -gcc-toolchain /proj/gsd/vivado/Vivado/2018.2/lnx64/tools/gcc -hls -hls-analyze-label -hls-analyze-pragma -fno-exceptions  -D__llvm__  -w  "/group/techsup/parkerh/hls_video_block/hls_video_block/solution1/.autopilot/db/hls_video_block.pragma.2.cpp"    -fno-math-errno -c -emit-llvm -O0  -mllvm -disable-llvm-optzns -fno-threadsafe-statics  -fno-use-cxa-atexit -DAESL_SYN -D__SYNTHESIS__ -D__HLS_SYN__ -I "/proj/gsd/vivado/Vivado/2018.2/common/technology/autopilot" -I "/proj/gsd/vivado/Vivado/2018.2/common/technology/autopilot/ap_sysc" -include etc/autopilot_ssdm_op.h -D__DSP48E2__ -g -o "/group/techsup/parkerh/hls_video_block/hls_video_block/solution1/.autopilot/db/hls_video_block.bc" 
INFO-FLOW: exec /proj/gsd/vivado/Vivado/2018.2/lnx64/tools/clang/bin/clang -fno-limit-debug-info -gcc-toolchain /proj/gsd/vivado/Vivado/2018.2/lnx64/tools/gcc -hls -hls-analyze-label -hls-analyze-pragma -fno-exceptions -D__llvm__ -w /group/techsup/parkerh/hls_video_block/hls_video_block/solution1/.autopilot/db/hls_video_block.pragma.2.cpp -fno-math-errno -c -emit-llvm -O0 -mllvm -disable-llvm-optzns -fno-threadsafe-statics -fno-use-cxa-atexit -DAESL_SYN -D__SYNTHESIS__ -D__HLS_SYN__ -I /proj/gsd/vivado/Vivado/2018.2/common/technology/autopilot -I /proj/gsd/vivado/Vivado/2018.2/common/technology/autopilot/ap_sysc -include etc/autopilot_ssdm_op.h -D__DSP48E2__ -g -o /group/techsup/parkerh/hls_video_block/hls_video_block/solution1/.autopilot/db/hls_video_block.bc
Command         clang done; 6.6 sec.
INFO-FLOW: Linking Debug ...
Execute         llvm-ld /group/techsup/parkerh/hls_video_block/hls_video_block/solution1/.autopilot/db/hls_video_block.g.bc -hls-opt -except-internalize hls_video_block -L/proj/gsd/vivado/Vivado/2018.2/lnx64/lib -lhlsm -lhlsmc++ -o /group/techsup/parkerh/hls_video_block/hls_video_block/solution1/.autopilot/db/a.g 
Command         llvm-ld done; 1.11 sec.
INFO: [HLS 200-111] Finished Linking Time (s): cpu = 00:00:59 ; elapsed = 00:01:05 . Memory (MB): peak = 453.949 ; gain = 1.500 ; free physical = 90111 ; free virtual = 176758
INFO: [HLS 200-111] Finished Checking Pragmas Time (s): cpu = 00:00:59 ; elapsed = 00:01:05 . Memory (MB): peak = 453.949 ; gain = 1.500 ; free physical = 90111 ; free virtual = 176758
Execute         ::config_rtl 
Execute         opt_and_import_c a -opt_level=2 -skip_syncheck=0 -ng=0 -keep_printf=0 
Execute           cleanup_all_models 
INFO: [HLS 200-10] Starting code transformations ...
Execute           transform -promote-dbg-pointer /group/techsup/parkerh/hls_video_block/hls_video_block/solution1/.autopilot/db/a.pp.bc -o /group/techsup/parkerh/hls_video_block/hls_video_block/solution1/.autopilot/db/a.pp.0.bc -f 
Command           transform done; 0.23 sec.
Execute           llvm-ld /group/techsup/parkerh/hls_video_block/hls_video_block/solution1/.autopilot/db/a.pp.0.bc -disable-opt -L/proj/gsd/vivado/Vivado/2018.2/lnx64/lib -lfloatconversion -o /group/techsup/parkerh/hls_video_block/hls_video_block/solution1/.autopilot/db/a.g.0 
Command           llvm-ld done; 1.21 sec.
INFO-FLOW: Running Standard Transforms...
Execute           transform -hls -share-std-xform -demangle-name -inline-byval-memcpy -always-inline -promote-dbg-pointer -interface-preproc -scalarrepl -mem2reg -keep-read-access -instcombine -dce -promote-dbg-pointer -bitop-raise -loop-simplify -indvarspre -indvars -loop-simplify -xunroll -constprop -instcombine -simplifycfg -indvars -simplifycfg -dce -globaldce -basicaa -simplifycfg -mem2reg -globalopt -global-constprop -deadargelim -instcombine -simplifycfg -prune-eh -simplifycfg -scalarrepl -instcombine -reassociate -licm -simplifycfg -loop-simplify -indvars -instcombine -simplifycfg -mem2reg -loop-simplify -indvars -instcombine -gvn -gvn -instcombine -adce -break-crit-edges -simplifycfg -loop-delete -global-array-opt -dce -dse -adce -find-syn-modules -top hls_video_block -deadargelim -mem2reg -instcombine -dce -presyn-prepare -auto-rom-infer -interface-preproc -syn-check -check-rec-only -find-region -simplifycfg -func-extr -function-inline -globaldce -mem2reg -instcombine -dce -gvn -globaldce -adce -adse -constprop -instcombine -bit-constprop -instcombine -dce -simplifycfg -bitop-raise -simplifycfg -dce -loop-delete -reassociate -globalopt -global-privatize -mem2reg -dce -global-constprop -pointer-simplify -constprop -dce -func-inst -deadargelim -auto-shift-reg-idiom -promote-dbg-pointer -norm-name /group/techsup/parkerh/hls_video_block/hls_video_block/solution1/.autopilot/db/a.g.0.bc -o /group/techsup/parkerh/hls_video_block/hls_video_block/solution1/.autopilot/db/a.g.1.bc -f -phase std-opt 
INFO: [XFORM 203-603] Inlining function 'hls::Mat<720, 1080, 4096>::init' into 'hls::Mat<720, 1080, 4096>::Mat.1' (/proj/gsd/vivado/Vivado/2018.2/common/technology/autopilot/hls/hls_video_core.h:581).
INFO: [XFORM 203-603] Inlining function 'hls::AXIGetBitFields<32, unsigned char>.1' into 'hls::AXIGetBitFields<32, unsigned char>' (/proj/gsd/vivado/Vivado/2018.2/common/technology/autopilot/hls/hls_axi_io.h:71).
INFO: [XFORM 203-603] Inlining function 'hls::AXIGetBitFields<32, unsigned char>' into 'hls::AXIvideo2Mat<32, 720, 1080, 4096>' (/proj/gsd/vivado/Vivado/2018.2/common/technology/autopilot/hls/hls_video_io.h:92).
INFO: [XFORM 203-603] Inlining function 'hls::Mat<720, 1080, 4096>::write' into 'hls::Mat<720, 1080, 4096>::operator<<' (/proj/gsd/vivado/Vivado/2018.2/common/technology/autopilot/hls/hls_video_core.h:662).
INFO: [XFORM 203-603] Inlining function 'hls::Mat<720, 1080, 4096>::operator<<' into 'passthrough' (hls_video_block.cpp:42).
INFO: [XFORM 203-603] Inlining function 'hls::Mat<720, 1080, 4096>::operator<<' into 'hls::AXIvideo2Mat<32, 720, 1080, 4096>' (/proj/gsd/vivado/Vivado/2018.2/common/technology/autopilot/hls/hls_video_io.h:94).
INFO: [XFORM 203-603] Inlining function 'hls::Mat<720, 1080, 4096>::read' into 'hls::Mat<720, 1080, 4096>::operator>>' (/proj/gsd/vivado/Vivado/2018.2/common/technology/autopilot/hls/hls_video_core.h:656).
INFO: [XFORM 203-603] Inlining function 'hls::Mat<720, 1080, 4096>::operator>>' into 'hls::Mat2AXIvideo<32, 720, 1080, 4096>' (/proj/gsd/vivado/Vivado/2018.2/common/technology/autopilot/hls/hls_video_io.h:140).
INFO: [XFORM 203-603] Inlining function 'hls::Mat<720, 1080, 4096>::operator>>' into 'passthrough' (hls_video_block.cpp:40).
INFO: [XFORM 203-603] Inlining function 'hls::AXISetBitFields<32, unsigned char>.1' into 'hls::AXISetBitFields<32, unsigned char>' (/proj/gsd/vivado/Vivado/2018.2/common/technology/autopilot/hls/hls_axi_io.h:100).
INFO: [XFORM 203-603] Inlining function 'hls::AXISetBitFields<32, unsigned char>' into 'hls::Mat2AXIvideo<32, 720, 1080, 4096>' (/proj/gsd/vivado/Vivado/2018.2/common/technology/autopilot/hls/hls_video_io.h:143).
Command           transform done; 0.31 sec.
INFO: [HLS 200-111] Finished Standard Transforms Time (s): cpu = 00:01:01 ; elapsed = 00:01:07 . Memory (MB): peak = 582.703 ; gain = 130.254 ; free physical = 90082 ; free virtual = 176733
INFO: [HLS 200-10] Checking synthesizability ...
INFO-FLOW: Checking Synthesizability 1/2..
Execute           transform -hls -syn-check -check-rec-only -disaggr -scalarrepl -norm-name -dce -mem2reg -instcombine -function-uniquify -directive-preproc -mem2reg -dse -dce -auto-rom-infer -dce -array-normalize -instcombine -dce -warn-fifo-pointer -array-seg-normalize -instcombine -dce -array-flatten -instcombine -dce -array-burst -dce -deadargelim -promote-global-argument -simplifycfg -mem2reg -globaldce -resolve-double-ptr -dce -deadargelim -dce -instcombine -function-inline -globaldce -dce -doublePtrSimplify -doublePtrElim -dce -doublePtrSimplify -promote-dbg-pointer -dce -scalarrepl -dse -adse -instcombine -ptrLegalization -simplifycfg -dce -instcombine -pointer-simplify -ptrArgReplace -dce -instcombine -disaggr -scalarrepl -norm-name -dce -mem2reg -instcombine -ptrLegalization -simplifycfg -deadargelim -instcombine -dce -inst-simplify -function-uniquify -directive-preproc -mem2reg -dse -dce -globaldce /group/techsup/parkerh/hls_video_block/hls_video_block/solution1/.autopilot/db/a.g.1.bc -o /group/techsup/parkerh/hls_video_block/hls_video_block/solution1/.autopilot/db/a.g.2.prechk.bc -f 
Command           transform done; 0.28 sec.
INFO-FLOW: Checking Synthesizability 2/2..
Execute           transform -syn-check /group/techsup/parkerh/hls_video_block/hls_video_block/solution1/.autopilot/db/a.g.2.prechk.bc -o /group/techsup/parkerh/hls_video_block/hls_video_block/solution1/.autopilot/db/a.g.2.bc -f -phase syn-check 
WARNING: [SYNCHK 200-23] /proj/gsd/vivado/Vivado/2018.2/common/technology/autopilot/hls/hls_axi_io.h:78: variable-indexed range selection may cause suboptimal QoR.
INFO: [SYNCHK 200-10] 0 error(s), 1 warning(s).
Command           transform done; 0.14 sec.
INFO: [HLS 200-111] Finished Checking Synthesizability Time (s): cpu = 00:01:01 ; elapsed = 00:01:07 . Memory (MB): peak = 582.703 ; gain = 130.254 ; free physical = 90059 ; free virtual = 176713
INFO-FLOW: Compiler optimizing ...
INFO-FLOW: Share syncheck's 1.bc for syn flow: copy /group/techsup/parkerh/hls_video_block/hls_video_block/solution1/.autopilot/db/a.g.1.bc to /group/techsup/parkerh/hls_video_block/hls_video_block/solution1/.autopilot/db/a.o.1.bc
INFO-FLOW: Presyn 1...
Execute           transform -hls -tmp /group/techsup/parkerh/hls_video_block/hls_video_block/solution1/.autopilot/db -interface-port-rename -type-info -function-uniquify -directive-preproc -mem2reg -dse -dce -disaggr -scalarrepl -norm-name -deadargelim -mem2reg -instcombine -dce -simplifycfg -auto-rom-infer -dce -function-uniquify -resource-proc -simplifycfg -mem2reg -globaldce -resolve-double-ptr -dce -deadargelim -dce -instcombine -clib-intrinsic-prepare -dce -func-buffer -dce -array-normalize -func-legal -instcombine -gvn -constprop -dce -ptrArgReplace -mem2reg -instcombine -dce -array-seg-normalize -deadargelim -instcombine -dce -pointer-simplify -dce -port-alignment -dce -interface-preproc -data-pack -instcombine -dce -basicaa -aggr-aa -aggrmodref-aa -aggr-aa -gvn -gvn -basicaa -aggr-aa -aggrmodref-aa -aggr-aa -dse -adse -adce -loop-simplify -indvars -instcombine -gvn -loop-simplify -mem2reg -dce -find-region -instcombine -auto-loop-pipeline -inst-simplify -interface-preproc -cfgopt -instcombine -indvars -auto-loop-unroll -loop-simplify -loop-bound -xunroll -constprop -instcombine -simplifycfg -indvars -simplifycfg -dce -globaldce -clean-region -attach-range -gvn -inst-simplify -constprop -simplifycfg -dce -pointer-simplify -dce -globalopt -constprop -dce -array-promote -constprop -instcombine -dce -ptrArgReplace -mem2reg -instcombine -simplifycfg -dce -auto-par -instcombine -dce -array-transform-check -array-reshape -instcombine -simplifycfg -dce -ptrArgReplace -deadargelim -mem2reg -instcombine -simplifycfg -dce -indvars -loop-simplify -loop-bound -xunroll -constprop -instcombine -simplifycfg -indvars -simplifycfg -dce -globaldce -duplicate-dataflow-processes -globaldce -instcombine -array-partition -instcombine -simplifycfg -dce -ptrArgReplace -global-constprop -deadargelim -mem2reg -func-legal -instcombine -dce -global-constprop -deadargelim -mem2reg -instcombine -simplifycfg -dce -merge-param -deadargelim -globalopt -constprop -dce -array-promote -constprop -instcombine -dce -ptrArgReplace -mem2reg -instcombine -simplifycfg -dce -mem-intrinsic-preproc -dce -global-internalize -global-privatize -mem2reg -globaldce -promote-global-argument -ptrArgReplace -mem2reg -instcombine -dce -globalopt -mergereturn -simplify-global-access -mem2reg -dce -pointer-simplify -dce -functionattrs -basicaa -aggr-aa -aggrmodref-aa -aggr-aa -gvn -gvn -basicaa -aggr-aa -aggrmodref-aa -aggr-aa -dse -adse -adce -inst-simplify -dce -norm-name -function-inline -globaldce -func-inst -constprop -instcombine -simplifycfg -dce -func-legal -dce -loop-bound -arraycheck -bitwidthmin -on-by-dataflow -loop-delete -instcombine -simplifycfg -globaldce -dce -gvn -deadargelim -dce -loop-simplify -clean-region -simplifycfg -propagate-stable-arguments -loop-stream -instcombine -simplifycfg -dce -globaldce -duplicate-dataflow-processes -stream-intrinsic-preproc -dce -check-ap-stream -loop-simplify -eliminate-keepreads -extract-dataflow-in-loop -loop-simplify -dce -gvn -deadargelim -dse -check-dataflow-syntax -legalize-stream-variable -legalize-global -extract-subproc -dce -dead-channel-elimination -canonicalize-gep -globaldce -dce -gvn -deadargelim -annotate-dataflow-channels -scalar-propagation -deadargelim -globaldce -mem2reg -check-dataflow-channels -function-stream -dce -globaldce -prop-fifo-spec -internal-stream-gen -canonicalize-gep -globaldce -dce -gvn -deadargelim -mergereturn -indvars -loop-simplify -instcombine -array-stream -array-seg-normalize -array-partition -func-legal -instcombine -simplifycfg -dce -bundle-memfifo-ops -deadargelim -function-uniquify -directive-preproc -mem2reg -dse -dce -group-axi-access -licm -simplifycfg -dce -loop-delete -norm-name /group/techsup/parkerh/hls_video_block/hls_video_block/solution1/.autopilot/db/a.o.1.bc -o /group/techsup/parkerh/hls_video_block/hls_video_block/solution1/.autopilot/db/a.o.1.tmp.bc -f 
WARNING: [XFORM 203-1103] Ignored data pack directive on non-struct variable 'output_mat.data_stream.V' (hls_video_block.cpp:16).
WARNING: [XFORM 203-1103] Ignored data pack directive on non-struct variable 'input_mat.data_stream.V' (hls_video_block.cpp:15).
INFO: [XFORM 203-502] Unrolling all sub-loops inside loop 'loop_width' (/proj/gsd/vivado/Vivado/2018.2/common/technology/autopilot/hls/hls_video_io.h:126) in function 'hls::Mat2AXIvideo<32, 720, 1080, 4096>' for pipelining.
INFO: [XFORM 203-502] Unrolling all sub-loops inside loop 'loop_width' (/proj/gsd/vivado/Vivado/2018.2/common/technology/autopilot/hls/hls_video_io.h:73) in function 'hls::AXIvideo2Mat<32, 720, 1080, 4096>' for pipelining.
INFO: [XFORM 203-501] Unrolling loop 'Loop-1.1.1' (/proj/gsd/vivado/Vivado/2018.2/common/technology/autopilot/hls/hls_video_core.h:622) in function 'passthrough' completely.
INFO: [XFORM 203-501] Unrolling loop 'Loop-1.1.2' (/proj/gsd/vivado/Vivado/2018.2/common/technology/autopilot/hls/hls_video_core.h:646) in function 'passthrough' completely.
INFO: [XFORM 203-501] Unrolling loop 'Loop-1.1.1' (/proj/gsd/vivado/Vivado/2018.2/common/technology/autopilot/hls/hls_video_core.h:622) in function 'hls::Mat2AXIvideo<32, 720, 1080, 4096>' completely.
INFO: [XFORM 203-501] Unrolling loop 'loop_channels' (/proj/gsd/vivado/Vivado/2018.2/common/technology/autopilot/hls/hls_video_io.h:142) in function 'hls::Mat2AXIvideo<32, 720, 1080, 4096>' completely.
INFO: [XFORM 203-501] Unrolling loop 'loop_channels' (/proj/gsd/vivado/Vivado/2018.2/common/technology/autopilot/hls/hls_video_io.h:91) in function 'hls::AXIvideo2Mat<32, 720, 1080, 4096>' completely.
INFO: [XFORM 203-501] Unrolling loop 'Loop-2.1.2' (/proj/gsd/vivado/Vivado/2018.2/common/technology/autopilot/hls/hls_video_core.h:646) in function 'hls::AXIvideo2Mat<32, 720, 1080, 4096>' completely.
INFO: [XFORM 203-102] Partitioning array 's.val.assign' (/proj/gsd/vivado/Vivado/2018.2/common/technology/autopilot/hls/hls_video_core.h:563) automatically.
INFO: [XFORM 203-102] Partitioning array 's.val.assign.1' (/proj/gsd/vivado/Vivado/2018.2/common/technology/autopilot/hls/hls_video_core.h:563) automatically.
INFO: [XFORM 203-102] Automatically partitioning streamed array 'input_mat.data_stream.V' (hls_video_block.cpp:15) .
INFO: [XFORM 203-102] Automatically partitioning streamed array 'output_mat.data_stream.V' (hls_video_block.cpp:16) .
INFO: [XFORM 203-101] Partitioning array 'ip_pixel.val' (hls_video_block.cpp:33) in dimension 1 completely.
INFO: [XFORM 203-101] Partitioning array 'op_pixel.val' (hls_video_block.cpp:34) in dimension 1 completely.
INFO: [XFORM 203-101] Partitioning array 'scl.val' (/proj/gsd/vivado/Vivado/2018.2/common/technology/autopilot/hls/hls_video_core.h:615) in dimension 1 completely.
INFO: [XFORM 203-101] Partitioning array 'pix.val' (/proj/gsd/vivado/Vivado/2018.2/common/technology/autopilot/hls/hls_video_io.h:115) in dimension 1 completely.
INFO: [XFORM 203-101] Partitioning array 'scl.val' (/proj/gsd/vivado/Vivado/2018.2/common/technology/autopilot/hls/hls_video_core.h:615) in dimension 1 completely.
INFO: [XFORM 203-101] Partitioning array 'pix.val' (/proj/gsd/vivado/Vivado/2018.2/common/technology/autopilot/hls/hls_video_io.h:56) in dimension 1 completely.
INFO: [XFORM 203-101] Partitioning array 'input_mat.data_stream.V' (hls_video_block.cpp:15) in dimension 1 completely.
INFO: [XFORM 203-101] Partitioning array 'output_mat.data_stream.V' (hls_video_block.cpp:16) in dimension 1 completely.
WARNING: [XFORM 203-561] Updating loop lower bound from 0 to 1080 for loop 'loop_width' in function 'hls::Mat2AXIvideo<32, 720, 1080, 4096>'.
WARNING: [XFORM 203-561] Updating loop lower bound from 0 to 720 for loop 'loop_height' in function 'hls::Mat2AXIvideo<32, 720, 1080, 4096>'.
WARNING: [XFORM 203-561] Updating loop lower bound from 0 to 1080 for loop 'loop_width' in function 'hls::AXIvideo2Mat<32, 720, 1080, 4096>'.
WARNING: [XFORM 203-561] Updating loop lower bound from 0 to 720 for loop 'loop_height' in function 'hls::AXIvideo2Mat<32, 720, 1080, 4096>'.
INFO: [XFORM 203-712] Applying dataflow to function 'hls_video_block', detected/extracted 3 process function(s): 
	 'hls::AXIvideo2Mat<32, 720, 1080, 4096>'
	 'passthrough'
	 'hls::Mat2AXIvideo<32, 720, 1080, 4096>'.
Command           transform done; 0.99 sec.
INFO-FLOW: Presyn 2...
Execute           transform -hls -keep-callgraph -scalarrepl -mem2reg -port-alignment -attach-range -dce -pipe-mux-gen -indvars -loop-bound -inst-simplify -instcombine -dce -merge-array-access -mem2reg -dce -clean-region -mergereturn -if-conv -instcombine -dce -constprop -basicaa -aggr-aa -aggrmodref-aa -aggr-aa -gvn -gvn -basicaa -aggr-aa -aggrmodref-aa -aggr-aa -dse -adse -adce -scalarrepl -mem2reg -global-constprop -deadargelim -deadargelim -instcombine -dce -simplifycfg -ptrArgReplace -mem2reg -function-inline -globaldce -mem2reg -instcombine -dce -expr-balance -instcombine -dce -bitwidthmin -interface-preproc -directive-preproc -inst-rectify -instcombine -dce -functionattrs -constprop -instcombine -bit-constprop -simplify-global-access -globalopt -globaldce -inst-simplify -instcombine -elimdeaddata -dce -loop-delete -simplifycfg -loop-simplify -auto-burst -norm-name /group/techsup/parkerh/hls_video_block/hls_video_block/solution1/.autopilot/db/a.o.1.tmp.bc -o /group/techsup/parkerh/hls_video_block/hls_video_block/solution1/.autopilot/db/a.o.2.bc -f -phase presyn 
Command           transform done; 0.38 sec.
INFO: [HLS 200-111] Finished Pre-synthesis Time (s): cpu = 00:01:02 ; elapsed = 00:01:08 . Memory (MB): peak = 645.449 ; gain = 193.000 ; free physical = 90017 ; free virtual = 176673
INFO-FLOW: Building ssdm...
Execute           transform -hls -function-uniquify -auto-function-inline -globaldce -ptrArgReplace -mem2reg -instcombine -dce -reset-lda -loop-simplify -indvars -licm -loop-dep -loop-bound -licm -loop-simplify -flattenloopnest -array-flatten -gvn -instcombine -dce -array-map -dce -func-legal -gvn -adce -instcombine -cfgopt -simplifycfg -loop-simplify -array-burst -promote-global-argument -dce -axi4-lower -array-seg-normalize -basicaa -aggrmodref-aa -globalsmodref-aa -aggr-aa -gvn -gvn -basicaa -aggrmodref-aa -globalsmodref-aa -aggr-aa -dse -adse -adce -licm -inst-simplify -dce -globaldce -instcombine -array-stream -eliminate-keepreads -instcombine -dce -deadargelim -doublePtrSimplify -doublePtrElim -dce -doublePtrSimplify -promote-dbg-pointer -dce -scalarrepl -mem2reg -disaggr -norm-name -mem2reg -instcombine -dse -adse -adce -ptrLegalization -dce -auto-rom-infer -array-flatten -dce -instcombine -check-doubleptr -loop-rot -constprop -cfgopt -simplifycfg -loop-simplify -indvars -pointer-simplify -dce -loop-bound -loop-simplify -loop-preproc -constprop -global-constprop -gvn -mem2reg -instcombine -dce -loop-bound -loop-merge -dce -bitwidthmin -deadargelim -dce -canonicalize-dataflow -dce -scalar-propagation -deadargelim -globaldce -mem2reg -read-loop-dep -interface-preproc -directive-preproc -interface-gen -bram-byte-enable -deadargelim -inst-simplify -dce -gvn -mem2reg -instcombine -dce -adse -loop-bound -instcombine -cfgopt -simplifycfg -loop-simplify -clean-region -io-protocol -find-region -mem2reg -bitop-raise -inst-simplify -inst-rectify -instcombine -adce -deadargelim -loop-simplify -phi-opt -bitop-raise -cfgopt -simplifycfg -strip-dead-prototypes -interface-lower -bitop-lower -intrinsic-lower -auto-function-inline -basicaa -aggrmodref-aa -globalsmodref-aa -aggr-aa -inst-simplify -simplifycfg -loop-simplify -mergereturn -inst-simplify -inst-rectify -dce -load-elim -bitop-lower -loop-rewind -pointer-simplify -dce -cfgopt -dce -bitwidth -loop-dep -read-loop-dep -dce -check-stream -norm-name -legalize -validate-dataflow -dead-allocation-elimination -cdfg-build /group/techsup/parkerh/hls_video_block/hls_video_block/solution1/.autopilot/db/a.o.2.bc -o /group/techsup/parkerh/hls_video_block/hls_video_block/solution1/.autopilot/db/a.o.3.bc -f -phase build-ssdm 
WARNING: [XFORM 203-631] Renaming function 'hls::Mat2AXIvideo<32, 720, 1080, 4096>' to 'Mat2AXIvideo' (/proj/gsd/vivado/Vivado/2018.2/common/technology/autopilot/hls/hls_video_io.h:78:50)
WARNING: [XFORM 203-631] Renaming function 'hls::AXIvideo2Mat<32, 720, 1080, 4096>' to 'AXIvideo2Mat' (/proj/gsd/vivado/Vivado/2018.2/common/technology/autopilot/hls/hls_video_io.h:49:9)
Command           transform done; 0.61 sec.
INFO: [HLS 200-111] Finished Architecture Synthesis Time (s): cpu = 00:01:03 ; elapsed = 00:01:09 . Memory (MB): peak = 645.449 ; gain = 193.000 ; free physical = 89989 ; free virtual = 176647
INFO-FLOW: Finish building internal data model.
Command         opt_and_import_c done; 4.24 sec.
Command       elaborate done; 66.57 sec.
Execute       autosyn -from_csynth_design=1 
INFO: [HLS 200-10] Starting hardware synthesis ...
INFO-FLOW: Synthesizing C/C++ design ...
INFO: [HLS 200-10] Synthesizing 'hls_video_block' ...
Execute         ap_set_top_model hls_video_block 
Execute         get_model_list hls_video_block -filter all-wo-channel -topdown 
Execute         preproc_iomode -model hls_video_block 
Execute         preproc_iomode -model Mat2AXIvideo 
Execute         preproc_iomode -model passthrough 
Execute         preproc_iomode -model AXIvideo2Mat 
Execute         get_model_list hls_video_block -filter all-wo-channel 
INFO-FLOW: Model list for configure: AXIvideo2Mat passthrough Mat2AXIvideo hls_video_block
INFO-FLOW: Configuring Module : AXIvideo2Mat ...
Execute         set_default_model AXIvideo2Mat 
Execute         apply_spec_resource_limit AXIvideo2Mat 
INFO-FLOW: Configuring Module : passthrough ...
Execute         set_default_model passthrough 
Execute         apply_spec_resource_limit passthrough 
INFO-FLOW: Configuring Module : Mat2AXIvideo ...
Execute         set_default_model Mat2AXIvideo 
Execute         apply_spec_resource_limit Mat2AXIvideo 
INFO-FLOW: Configuring Module : hls_video_block ...
Execute         set_default_model hls_video_block 
Execute         apply_spec_resource_limit hls_video_block 
INFO-FLOW: Model list for preprocess: AXIvideo2Mat passthrough Mat2AXIvideo hls_video_block
INFO-FLOW: Preprocessing Module: AXIvideo2Mat ...
Execute         set_default_model AXIvideo2Mat 
Execute         cdfg_preprocess -model AXIvideo2Mat 
Execute         rtl_gen_preprocess AXIvideo2Mat 
INFO-FLOW: Preprocessing Module: passthrough ...
Execute         set_default_model passthrough 
Execute         cdfg_preprocess -model passthrough 
Execute         rtl_gen_preprocess passthrough 
INFO-FLOW: Preprocessing Module: Mat2AXIvideo ...
Execute         set_default_model Mat2AXIvideo 
Execute         cdfg_preprocess -model Mat2AXIvideo 
Execute         rtl_gen_preprocess Mat2AXIvideo 
INFO-FLOW: Preprocessing Module: hls_video_block ...
Execute         set_default_model hls_video_block 
Execute         cdfg_preprocess -model hls_video_block 
Execute         rtl_gen_preprocess hls_video_block 
INFO-FLOW: Model list for synthesis: AXIvideo2Mat passthrough Mat2AXIvideo hls_video_block
INFO: [HLS 200-10] ----------------------------------------------------------------
INFO: [HLS 200-42] -- Implementing module 'AXIvideo2Mat' 
INFO: [HLS 200-10] ----------------------------------------------------------------
Execute         set_default_model AXIvideo2Mat 
Execute         schedule -model AXIvideo2Mat 
INFO: [SCHED 204-11] Starting scheduling ...
INFO: [SCHED 204-61] Pipelining loop 'loop_wait_for_start'.
INFO: [SCHED 204-61] Pipelining result : Target II = 1, Final II = 1, Depth = 1.
INFO: [SCHED 204-61] Pipelining loop 'loop_width'.
INFO: [SCHED 204-61] Pipelining result : Target II = 1, Final II = 1, Depth = 2.
INFO: [SCHED 204-61] Pipelining loop 'loop_wait_for_eol'.
INFO: [SCHED 204-61] Pipelining result : Target II = 1, Final II = 1, Depth = 2.
INFO: [SCHED 204-11] Finished scheduling.
Command         schedule done; 0.2 sec.
INFO: [HLS 200-111]  Elapsed time: 69.23 seconds; current allocated memory: 0.301 MB.
Execute         report -o /group/techsup/parkerh/hls_video_block/hls_video_block/solution1/.autopilot/db/AXIvideo2Mat.verbose.sched.rpt -verbose -f 
WARNING: [HLS 200-433] Loop - loop_wait_for_start has an initiation interval that is equal to the pipeline depth (1) - this results in an unpipelined loop.
INFO: [HLS 200-434] Only 3 loops out of a total 4 loops have been pipelined in this design.
Execute         db_write -o /group/techsup/parkerh/hls_video_block/hls_video_block/solution1/.autopilot/db/AXIvideo2Mat.sched.adb -f 
INFO-FLOW: Finish scheduling AXIvideo2Mat.
Execute         set_default_model AXIvideo2Mat 
Execute         bind -model AXIvideo2Mat 
BIND OPTION: fu_weight=[ 0.0 -- 1.0 ]
BIND OPTION: model=AXIvideo2Mat
BIND OPTION: reg_weight=[ 0.0 -- 1.0 ]
INFO: [BIND 205-100] Starting micro-architecture generation ...
INFO: [BIND 205-101] Performing variable lifetime analysis.
INFO: [BIND 205-101] Exploring resource sharing.
INFO: [BIND 205-101] Binding ...
INFO: [BIND 205-100] Finished micro-architecture generation.
INFO: [HLS 200-111]  Elapsed time: 0.13 seconds; current allocated memory: 0.301 MB.
Execute         report -o /group/techsup/parkerh/hls_video_block/hls_video_block/solution1/.autopilot/db/AXIvideo2Mat.verbose.bind.rpt -verbose -f 
WARNING: [HLS 200-433] Loop - loop_wait_for_start has an initiation interval that is equal to the pipeline depth (1) - this results in an unpipelined loop.
Execute         db_write -o /group/techsup/parkerh/hls_video_block/hls_video_block/solution1/.autopilot/db/AXIvideo2Mat.bind.adb -f 
INFO-FLOW: Finish binding AXIvideo2Mat.
INFO: [HLS 200-10] ----------------------------------------------------------------
INFO: [HLS 200-42] -- Implementing module 'passthrough' 
INFO: [HLS 200-10] ----------------------------------------------------------------
Execute         set_default_model passthrough 
Execute         schedule -model passthrough 
INFO: [SCHED 204-11] Starting scheduling ...
INFO: [SCHED 204-11] Finished scheduling.
Command         schedule done; 0.22 sec.
INFO: [HLS 200-111]  Elapsed time: 0.31 seconds; current allocated memory: 0.301 MB.
Execute         report -o /group/techsup/parkerh/hls_video_block/hls_video_block/solution1/.autopilot/db/passthrough.verbose.sched.rpt -verbose -f 
Execute         db_write -o /group/techsup/parkerh/hls_video_block/hls_video_block/solution1/.autopilot/db/passthrough.sched.adb -f 
INFO-FLOW: Finish scheduling passthrough.
Execute         set_default_model passthrough 
Execute         bind -model passthrough 
BIND OPTION: fu_weight=[ 0.0 -- 1.0 ]
BIND OPTION: model=passthrough
BIND OPTION: reg_weight=[ 0.0 -- 1.0 ]
INFO: [BIND 205-100] Starting micro-architecture generation ...
INFO: [BIND 205-101] Performing variable lifetime analysis.
INFO: [BIND 205-101] Exploring resource sharing.
INFO: [BIND 205-101] Binding ...
INFO: [BIND 205-100] Finished micro-architecture generation.
INFO: [HLS 200-111]  Elapsed time: 0.07 seconds; current allocated memory: 0.301 MB.
Execute         report -o /group/techsup/parkerh/hls_video_block/hls_video_block/solution1/.autopilot/db/passthrough.verbose.bind.rpt -verbose -f 
Execute         db_write -o /group/techsup/parkerh/hls_video_block/hls_video_block/solution1/.autopilot/db/passthrough.bind.adb -f 
INFO-FLOW: Finish binding passthrough.
INFO: [HLS 200-10] ----------------------------------------------------------------
INFO: [HLS 200-42] -- Implementing module 'Mat2AXIvideo' 
INFO: [HLS 200-10] ----------------------------------------------------------------
Execute         set_default_model Mat2AXIvideo 
Execute         schedule -model Mat2AXIvideo 
INFO: [SCHED 204-11] Starting scheduling ...
INFO: [SCHED 204-61] Pipelining loop 'loop_width'.
INFO: [SCHED 204-61] Pipelining result : Target II = 1, Final II = 1, Depth = 3.
INFO: [SCHED 204-11] Finished scheduling.
Command         schedule done; 0.15 sec.
INFO: [HLS 200-111]  Elapsed time: 0.21 seconds; current allocated memory: 0.301 MB.
Execute         report -o /group/techsup/parkerh/hls_video_block/hls_video_block/solution1/.autopilot/db/Mat2AXIvideo.verbose.sched.rpt -verbose -f 
Execute         db_write -o /group/techsup/parkerh/hls_video_block/hls_video_block/solution1/.autopilot/db/Mat2AXIvideo.sched.adb -f 
INFO-FLOW: Finish scheduling Mat2AXIvideo.
Execute         set_default_model Mat2AXIvideo 
Execute         bind -model Mat2AXIvideo 
BIND OPTION: fu_weight=[ 0.0 -- 1.0 ]
BIND OPTION: model=Mat2AXIvideo
BIND OPTION: reg_weight=[ 0.0 -- 1.0 ]
INFO: [BIND 205-100] Starting micro-architecture generation ...
INFO: [BIND 205-101] Performing variable lifetime analysis.
INFO: [BIND 205-101] Exploring resource sharing.
INFO: [BIND 205-101] Binding ...
INFO: [BIND 205-100] Finished micro-architecture generation.
INFO: [HLS 200-111]  Elapsed time: 0.12 seconds; current allocated memory: 0.301 MB.
Execute         report -o /group/techsup/parkerh/hls_video_block/hls_video_block/solution1/.autopilot/db/Mat2AXIvideo.verbose.bind.rpt -verbose -f 
Execute         db_write -o /group/techsup/parkerh/hls_video_block/hls_video_block/solution1/.autopilot/db/Mat2AXIvideo.bind.adb -f 
INFO-FLOW: Finish binding Mat2AXIvideo.
INFO: [HLS 200-10] ----------------------------------------------------------------
INFO: [HLS 200-42] -- Implementing module 'hls_video_block' 
INFO: [HLS 200-10] ----------------------------------------------------------------
Execute         set_default_model hls_video_block 
Execute         schedule -model hls_video_block 
INFO: [SCHED 204-11] Starting scheduling ...
INFO: [SCHED 204-11] Finished scheduling.
INFO: [HLS 200-111]  Elapsed time: 0.11 seconds; current allocated memory: 0.301 MB.
Execute         report -o /group/techsup/parkerh/hls_video_block/hls_video_block/solution1/.autopilot/db/hls_video_block.verbose.sched.rpt -verbose -f 
Execute         db_write -o /group/techsup/parkerh/hls_video_block/hls_video_block/solution1/.autopilot/db/hls_video_block.sched.adb -f 
INFO-FLOW: Finish scheduling hls_video_block.
Execute         set_default_model hls_video_block 
Execute         bind -model hls_video_block 
BIND OPTION: fu_weight=[ 0.0 -- 1.0 ]
BIND OPTION: model=hls_video_block
BIND OPTION: reg_weight=[ 0.0 -- 1.0 ]
INFO: [BIND 205-100] Starting micro-architecture generation ...
INFO: [BIND 205-101] Performing variable lifetime analysis.
INFO: [BIND 205-101] Exploring resource sharing.
INFO: [BIND 205-101] Binding ...
INFO: [BIND 205-100] Finished micro-architecture generation.
INFO: [HLS 200-111]  Elapsed time: 0.12 seconds; current allocated memory: 0.301 MB.
Execute         report -o /group/techsup/parkerh/hls_video_block/hls_video_block/solution1/.autopilot/db/hls_video_block.verbose.bind.rpt -verbose -f 
Command         report done; 0.12 sec.
Execute         db_write -o /group/techsup/parkerh/hls_video_block/hls_video_block/solution1/.autopilot/db/hls_video_block.bind.adb -f 
INFO-FLOW: Finish binding hls_video_block.
Execute         get_model_list hls_video_block -filter all-wo-channel 
INFO-FLOW: Preprocessing for RTLGen ...
Execute         rtl_gen_preprocess AXIvideo2Mat 
Execute         rtl_gen_preprocess passthrough 
Execute         rtl_gen_preprocess Mat2AXIvideo 
Execute         rtl_gen_preprocess hls_video_block 
INFO-FLOW: Model list for RTL generation: AXIvideo2Mat passthrough Mat2AXIvideo hls_video_block
INFO: [HLS 200-10] ----------------------------------------------------------------
INFO: [HLS 200-10] -- Generating RTL for module 'AXIvideo2Mat' 
INFO: [HLS 200-10] ----------------------------------------------------------------
Execute         get_config_rtl -prefix 
Execute         get_config_rtl -auto_prefix 
Execute         create_rtl_model AXIvideo2Mat -vendor xilinx -mg_file /group/techsup/parkerh/hls_video_block/hls_video_block/solution1/.autopilot/db/AXIvideo2Mat.compgen.tcl 
INFO: [RTGEN 206-100] Finished creating RTL model for 'AXIvideo2Mat'.
Command         create_rtl_model done; 0.16 sec.
INFO: [HLS 200-111]  Elapsed time: 0.35 seconds; current allocated memory: 0.301 MB.
Execute         source /group/techsup/parkerh/hls_video_block/hls_video_block/solution1/.autopilot/db/hls_video_block.rtl_wrap.cfg.tcl 
Execute         gen_rtl AXIvideo2Mat -style xilinx -tracefl mytrace -tracefmt vcd -traceopt all -f -lang sc -o /group/techsup/parkerh/hls_video_block/hls_video_block/solution1/syn/systemc/AXIvideo2Mat -synmodules AXIvideo2Mat passthrough Mat2AXIvideo hls_video_block 
Execute         gen_rtl AXIvideo2Mat -style xilinx -f -lang vhdl -o /group/techsup/parkerh/hls_video_block/hls_video_block/solution1/syn/vhdl/AXIvideo2Mat 
Execute         gen_rtl AXIvideo2Mat -style xilinx -f -lang vlog -o /group/techsup/parkerh/hls_video_block/hls_video_block/solution1/syn/verilog/AXIvideo2Mat 
Execute         gen_tb_info AXIvideo2Mat -o /group/techsup/parkerh/hls_video_block/hls_video_block/solution1/.autopilot/db/AXIvideo2Mat -p /group/techsup/parkerh/hls_video_block/hls_video_block/solution1/.autopilot/db 
Execute         report -model AXIvideo2Mat -o /group/techsup/parkerh/hls_video_block/hls_video_block/solution1/syn/report/AXIvideo2Mat_csynth.rpt -f 
WARNING: [HLS 200-433] Loop - loop_wait_for_start has an initiation interval that is equal to the pipeline depth (1) - this results in an unpipelined loop.
Execute         report -model AXIvideo2Mat -o /group/techsup/parkerh/hls_video_block/hls_video_block/solution1/syn/report/AXIvideo2Mat_csynth.xml -f -x 
Execute         report -model AXIvideo2Mat -o /group/techsup/parkerh/hls_video_block/hls_video_block/solution1/.autopilot/db/AXIvideo2Mat.verbose.rpt -verbose -f 
WARNING: [HLS 200-433] Loop - loop_wait_for_start has an initiation interval that is equal to the pipeline depth (1) - this results in an unpipelined loop.
Command         report done; 0.16 sec.
Execute         db_write -model AXIvideo2Mat -o /group/techsup/parkerh/hls_video_block/hls_video_block/solution1/.autopilot/db/AXIvideo2Mat.adb -f 
Command         db_write done; 0.13 sec.
INFO: [HLS 200-10] ----------------------------------------------------------------
INFO: [HLS 200-10] -- Generating RTL for module 'passthrough' 
INFO: [HLS 200-10] ----------------------------------------------------------------
Execute         get_config_rtl -prefix 
Execute         get_config_rtl -auto_prefix 
Execute         create_rtl_model passthrough -vendor xilinx -mg_file /group/techsup/parkerh/hls_video_block/hls_video_block/solution1/.autopilot/db/passthrough.compgen.tcl 
INFO: [RTGEN 206-100] Finished creating RTL model for 'passthrough'.
INFO: [HLS 200-111]  Elapsed time: 0.66 seconds; current allocated memory: 0.301 MB.
Execute         source /group/techsup/parkerh/hls_video_block/hls_video_block/solution1/.autopilot/db/hls_video_block.rtl_wrap.cfg.tcl 
Execute         gen_rtl passthrough -style xilinx -tracefl mytrace -tracefmt vcd -traceopt all -f -lang sc -o /group/techsup/parkerh/hls_video_block/hls_video_block/solution1/syn/systemc/passthrough -synmodules AXIvideo2Mat passthrough Mat2AXIvideo hls_video_block 
Execute         gen_rtl passthrough -style xilinx -f -lang vhdl -o /group/techsup/parkerh/hls_video_block/hls_video_block/solution1/syn/vhdl/passthrough 
Execute         gen_rtl passthrough -style xilinx -f -lang vlog -o /group/techsup/parkerh/hls_video_block/hls_video_block/solution1/syn/verilog/passthrough 
Execute         gen_tb_info passthrough -o /group/techsup/parkerh/hls_video_block/hls_video_block/solution1/.autopilot/db/passthrough -p /group/techsup/parkerh/hls_video_block/hls_video_block/solution1/.autopilot/db 
Execute         report -model passthrough -o /group/techsup/parkerh/hls_video_block/hls_video_block/solution1/syn/report/passthrough_csynth.rpt -f 
Execute         report -model passthrough -o /group/techsup/parkerh/hls_video_block/hls_video_block/solution1/syn/report/passthrough_csynth.xml -f -x 
Execute         report -model passthrough -o /group/techsup/parkerh/hls_video_block/hls_video_block/solution1/.autopilot/db/passthrough.verbose.rpt -verbose -f 
Execute         db_write -model passthrough -o /group/techsup/parkerh/hls_video_block/hls_video_block/solution1/.autopilot/db/passthrough.adb -f 
INFO: [HLS 200-10] ----------------------------------------------------------------
INFO: [HLS 200-10] -- Generating RTL for module 'Mat2AXIvideo' 
INFO: [HLS 200-10] ----------------------------------------------------------------
Execute         get_config_rtl -prefix 
Execute         get_config_rtl -auto_prefix 
Execute         create_rtl_model Mat2AXIvideo -vendor xilinx -mg_file /group/techsup/parkerh/hls_video_block/hls_video_block/solution1/.autopilot/db/Mat2AXIvideo.compgen.tcl 
INFO: [RTGEN 206-100] Finished creating RTL model for 'Mat2AXIvideo'.
INFO: [HLS 200-111]  Elapsed time: 0.39 seconds; current allocated memory: 0.301 MB.
Execute         source /group/techsup/parkerh/hls_video_block/hls_video_block/solution1/.autopilot/db/hls_video_block.rtl_wrap.cfg.tcl 
Execute         gen_rtl Mat2AXIvideo -style xilinx -tracefl mytrace -tracefmt vcd -traceopt all -f -lang sc -o /group/techsup/parkerh/hls_video_block/hls_video_block/solution1/syn/systemc/Mat2AXIvideo -synmodules AXIvideo2Mat passthrough Mat2AXIvideo hls_video_block 
Execute         gen_rtl Mat2AXIvideo -style xilinx -f -lang vhdl -o /group/techsup/parkerh/hls_video_block/hls_video_block/solution1/syn/vhdl/Mat2AXIvideo 
Execute         gen_rtl Mat2AXIvideo -style xilinx -f -lang vlog -o /group/techsup/parkerh/hls_video_block/hls_video_block/solution1/syn/verilog/Mat2AXIvideo 
Execute         gen_tb_info Mat2AXIvideo -o /group/techsup/parkerh/hls_video_block/hls_video_block/solution1/.autopilot/db/Mat2AXIvideo -p /group/techsup/parkerh/hls_video_block/hls_video_block/solution1/.autopilot/db 
Execute         report -model Mat2AXIvideo -o /group/techsup/parkerh/hls_video_block/hls_video_block/solution1/syn/report/Mat2AXIvideo_csynth.rpt -f 
Execute         report -model Mat2AXIvideo -o /group/techsup/parkerh/hls_video_block/hls_video_block/solution1/syn/report/Mat2AXIvideo_csynth.xml -f -x 
Execute         report -model Mat2AXIvideo -o /group/techsup/parkerh/hls_video_block/hls_video_block/solution1/.autopilot/db/Mat2AXIvideo.verbose.rpt -verbose -f 
Command         report done; 0.14 sec.
Execute         db_write -model Mat2AXIvideo -o /group/techsup/parkerh/hls_video_block/hls_video_block/solution1/.autopilot/db/Mat2AXIvideo.adb -f 
Command         db_write done; 0.12 sec.
INFO: [HLS 200-10] ----------------------------------------------------------------
INFO: [HLS 200-10] -- Generating RTL for module 'hls_video_block' 
INFO: [HLS 200-10] ----------------------------------------------------------------
Execute         get_config_rtl -prefix 
Execute         get_config_rtl -auto_prefix 
Execute         create_rtl_model hls_video_block -vendor xilinx -mg_file /group/techsup/parkerh/hls_video_block/hls_video_block/solution1/.autopilot/db/hls_video_block.compgen.tcl 
INFO: [RTGEN 206-500] Setting interface mode on port 'hls_video_block/VIDEO_IN_V_data_V' to 'axis' (register, both mode).
INFO: [RTGEN 206-500] Setting interface mode on port 'hls_video_block/VIDEO_IN_V_keep_V' to 'axis' (register, both mode).
INFO: [RTGEN 206-500] Setting interface mode on port 'hls_video_block/VIDEO_IN_V_strb_V' to 'axis' (register, both mode).
INFO: [RTGEN 206-500] Setting interface mode on port 'hls_video_block/VIDEO_IN_V_user_V' to 'axis' (register, both mode).
INFO: [RTGEN 206-500] Setting interface mode on port 'hls_video_block/VIDEO_IN_V_last_V' to 'axis' (register, both mode).
INFO: [RTGEN 206-500] Setting interface mode on port 'hls_video_block/VIDEO_IN_V_id_V' to 'axis' (register, both mode).
INFO: [RTGEN 206-500] Setting interface mode on port 'hls_video_block/VIDEO_IN_V_dest_V' to 'axis' (register, both mode).
INFO: [RTGEN 206-500] Setting interface mode on port 'hls_video_block/VIDEO_OUT_V_data_V' to 'axis' (register, both mode).
INFO: [RTGEN 206-500] Setting interface mode on port 'hls_video_block/VIDEO_OUT_V_keep_V' to 'axis' (register, both mode).
INFO: [RTGEN 206-500] Setting interface mode on port 'hls_video_block/VIDEO_OUT_V_strb_V' to 'axis' (register, both mode).
INFO: [RTGEN 206-500] Setting interface mode on port 'hls_video_block/VIDEO_OUT_V_user_V' to 'axis' (register, both mode).
INFO: [RTGEN 206-500] Setting interface mode on port 'hls_video_block/VIDEO_OUT_V_last_V' to 'axis' (register, both mode).
INFO: [RTGEN 206-500] Setting interface mode on port 'hls_video_block/VIDEO_OUT_V_id_V' to 'axis' (register, both mode).
INFO: [RTGEN 206-500] Setting interface mode on port 'hls_video_block/VIDEO_OUT_V_dest_V' to 'axis' (register, both mode).
INFO: [RTGEN 206-500] Setting interface mode on function 'hls_video_block' to 'ap_ctrl_hs'.
INFO: [SYN 201-210] Renamed object name 'start_for_passthrough_U0' to 'start_for_passthrbkb' due to the length limit 20
INFO: [SYN 201-210] Renamed object name 'start_for_Mat2AXIvideo_U0' to 'start_for_Mat2AXIcud' due to the length limit 20
INFO: [RTGEN 206-100] Finished creating RTL model for 'hls_video_block'.
Command         create_rtl_model done; 0.12 sec.
INFO: [HLS 200-111]  Elapsed time: 0.67 seconds; current allocated memory: 0.301 MB.
Execute         source /group/techsup/parkerh/hls_video_block/hls_video_block/solution1/.autopilot/db/hls_video_block.rtl_wrap.cfg.tcl 
Execute         gen_rtl hls_video_block -istop -style xilinx -tracefl mytrace -tracefmt vcd -traceopt all -f -lang sc -o /group/techsup/parkerh/hls_video_block/hls_video_block/solution1/syn/systemc/hls_video_block -synmodules AXIvideo2Mat passthrough Mat2AXIvideo hls_video_block 
Execute         gen_rtl hls_video_block -istop -style xilinx -f -lang vhdl -o /group/techsup/parkerh/hls_video_block/hls_video_block/solution1/syn/vhdl/hls_video_block 
Execute         gen_rtl hls_video_block -istop -style xilinx -f -lang vlog -o /group/techsup/parkerh/hls_video_block/hls_video_block/solution1/syn/verilog/hls_video_block 
Execute         export_constraint_db -o /group/techsup/parkerh/hls_video_block/hls_video_block/solution1/.autopilot/db/hls_video_block.constraint.tcl -f -tool general 
Execute         report -model hls_video_block -o /group/techsup/parkerh/hls_video_block/hls_video_block/solution1/.autopilot/db/hls_video_block.design.xml -verbose -f -dv 
Command         report done; 0.13 sec.
Execute         report -model hls_video_block -o /group/techsup/parkerh/hls_video_block/hls_video_block/solution1/.autopilot/db/hls_video_block.sdaccel.xml -verbose -f -sdaccel 
Execute         gen_tb_info hls_video_block -o /group/techsup/parkerh/hls_video_block/hls_video_block/solution1/.autopilot/db/hls_video_block -p /group/techsup/parkerh/hls_video_block/hls_video_block/solution1/.autopilot/db 
Execute         report -model hls_video_block -o /group/techsup/parkerh/hls_video_block/hls_video_block/solution1/syn/report/hls_video_block_csynth.rpt -f 
Execute         report -model hls_video_block -o /group/techsup/parkerh/hls_video_block/hls_video_block/solution1/syn/report/hls_video_block_csynth.xml -f -x 
Execute         report -model hls_video_block -o /group/techsup/parkerh/hls_video_block/hls_video_block/solution1/.autopilot/db/hls_video_block.verbose.rpt -verbose -f 
Execute         db_write -model hls_video_block -o /group/techsup/parkerh/hls_video_block/hls_video_block/solution1/.autopilot/db/hls_video_block.adb -f 
Execute         sc_get_clocks hls_video_block 
Execute         sc_get_portdomain hls_video_block 
INFO-FLOW: Model list for RTL component generation: AXIvideo2Mat passthrough Mat2AXIvideo hls_video_block
INFO-FLOW: Handling components in module [AXIvideo2Mat] ... 
Execute         source /group/techsup/parkerh/hls_video_block/hls_video_block/solution1/.autopilot/db/AXIvideo2Mat.compgen.tcl 
INFO-FLOW: Handling components in module [passthrough] ... 
Execute         source /group/techsup/parkerh/hls_video_block/hls_video_block/solution1/.autopilot/db/passthrough.compgen.tcl 
INFO-FLOW: Handling components in module [Mat2AXIvideo] ... 
Execute         source /group/techsup/parkerh/hls_video_block/hls_video_block/solution1/.autopilot/db/Mat2AXIvideo.compgen.tcl 
INFO-FLOW: Handling components in module [hls_video_block] ... 
Execute         source /group/techsup/parkerh/hls_video_block/hls_video_block/solution1/.autopilot/db/hls_video_block.compgen.tcl 
INFO-FLOW: Found component fifo_w8_d2_A.
INFO-FLOW: Append model fifo_w8_d2_A
INFO-FLOW: Found component fifo_w8_d2_A.
INFO-FLOW: Append model fifo_w8_d2_A
INFO-FLOW: Found component fifo_w8_d2_A.
INFO-FLOW: Append model fifo_w8_d2_A
INFO-FLOW: Found component fifo_w8_d2_A.
INFO-FLOW: Append model fifo_w8_d2_A
INFO-FLOW: Found component fifo_w8_d2_A.
INFO-FLOW: Append model fifo_w8_d2_A
INFO-FLOW: Found component fifo_w8_d2_A.
INFO-FLOW: Append model fifo_w8_d2_A
INFO-FLOW: Found component start_for_passthrbkb.
INFO-FLOW: Append model start_for_passthrbkb
INFO-FLOW: Found component start_for_Mat2AXIcud.
INFO-FLOW: Append model start_for_Mat2AXIcud
INFO-FLOW: Append model AXIvideo2Mat
INFO-FLOW: Append model passthrough
INFO-FLOW: Append model Mat2AXIvideo
INFO-FLOW: Append model hls_video_block
INFO-FLOW: Generating RTL model list ...
INFO-FLOW: All models in this session: fifo_w8_d2_A fifo_w8_d2_A fifo_w8_d2_A fifo_w8_d2_A fifo_w8_d2_A fifo_w8_d2_A start_for_passthrbkb start_for_Mat2AXIcud AXIvideo2Mat passthrough Mat2AXIvideo hls_video_block
INFO-FLOW: To file: write model fifo_w8_d2_A
INFO-FLOW: To file: write model fifo_w8_d2_A
INFO-FLOW: To file: write model fifo_w8_d2_A
INFO-FLOW: To file: write model fifo_w8_d2_A
INFO-FLOW: To file: write model fifo_w8_d2_A
INFO-FLOW: To file: write model fifo_w8_d2_A
INFO-FLOW: To file: write model start_for_passthrbkb
INFO-FLOW: To file: write model start_for_Mat2AXIcud
INFO-FLOW: To file: write model AXIvideo2Mat
INFO-FLOW: To file: write model passthrough
INFO-FLOW: To file: write model Mat2AXIvideo
INFO-FLOW: To file: write model hls_video_block
INFO-FLOW: Finished generating RTL model list.


INFO-FLOW: RTL Generation done.
INFO-FLOW: CAS Generation done.
INFO-FLOW: CBC Generation done.
Execute         get_config_sdx -target 
Execute         source /group/techsup/parkerh/hls_video_block/hls_video_block/solution1/.autopilot/db/global.setting.tcl 
Execute         source /proj/gsd/vivado/Vivado/2018.2/common/technology/generic/autopilot/common.gen 
Execute           source /proj/gsd/vivado/Vivado/2018.2/common/technology/generic/autopilot/APCoreGen.gen 
Execute         source /proj/gsd/vivado/Vivado/2018.2/common/technology/generic/autopilot/op.gen 
Execute         source /proj/gsd/vivado/Vivado/2018.2/common/technology/generic/autopilot/op_simcore.gen 
Execute         source /proj/gsd/vivado/Vivado/2018.2/common/technology/generic/autopilot/interface.gen 
Execute         source /group/techsup/parkerh/hls_video_block/hls_video_block/solution1/.autopilot/db/global.setting.tcl 
Execute         source /proj/gsd/vivado/Vivado/2018.2/common/technology/xilinx/zynquplus/zynquplus.gen 
Execute           source /proj/gsd/vivado/Vivado/2018.2/common/technology/xilinx/common/virtex.gen 
Execute             source /proj/gsd/vivado/Vivado/2018.2/common/technology/xilinx/common/xilinx.gen 
Execute               source /proj/gsd/vivado/Vivado/2018.2/common/technology/xilinx/interface/plb46.gen 
Execute               source /proj/gsd/vivado/Vivado/2018.2/common/technology/xilinx/interface/fsl.gen 
Execute               source /proj/gsd/vivado/Vivado/2018.2/common/technology/xilinx/interface/axi4.gen 
Execute               source /proj/gsd/vivado/Vivado/2018.2/common/technology/xilinx/interface/nativeAXI4.gen 
Execute                 source /proj/gsd/vivado/Vivado/2018.2/common/technology/xilinx/interface/saxilite.gen 
Execute                 source /proj/gsd/vivado/Vivado/2018.2/common/technology/xilinx/interface/maxi.gen 
Execute               source /proj/gsd/vivado/Vivado/2018.2/common/technology/xilinx/scripts/xilinxcoregen.gen 
Execute               source /proj/gsd/vivado/Vivado/2018.2/common/technology/xilinx/interface/XilEDKCoreGen.gen 
Execute               source /proj/gsd/vivado/Vivado/2018.2/common/technology/xilinx/ip/dds_compiler.gen 
Execute               source /proj/gsd/vivado/Vivado/2018.2/common/technology/xilinx/ip/util.gen 
Execute               source /proj/gsd/vivado/Vivado/2018.2/common/technology/xilinx/ip/xfft.gen 
Execute               source /proj/gsd/vivado/Vivado/2018.2/common/technology/xilinx/ip/xfir.gen 
Command             ap_source done; 0.14 sec.
Execute             source /proj/gsd/vivado/Vivado/2018.2/common/technology/xilinx/common/dsp48.gen 
Command           ap_source done; 0.15 sec.
Command         ap_source done; 0.15 sec.
Execute         source /proj/gsd/vivado/Vivado/2018.2/common/technology/xilinx/zynquplus/zynquplus_fpv7.gen 
Execute           source /proj/gsd/vivado/Vivado/2018.2/common/technology/xilinx/common/xilinx_fpv6.gen 
Execute         source /group/techsup/parkerh/hls_video_block/hls_video_block/solution1/.autopilot/db/global.setting.tcl 
Execute         source /group/techsup/parkerh/hls_video_block/hls_video_block/solution1/.autopilot/db/global.setting.tcl 
Execute         source /group/techsup/parkerh/hls_video_block/hls_video_block/solution1/.autopilot/db/global.setting.tcl 
Execute         source /group/techsup/parkerh/hls_video_block/hls_video_block/solution1/.autopilot/db/AXIvideo2Mat.compgen.tcl 
Execute         source /group/techsup/parkerh/hls_video_block/hls_video_block/solution1/.autopilot/db/passthrough.compgen.tcl 
Execute         source /group/techsup/parkerh/hls_video_block/hls_video_block/solution1/.autopilot/db/Mat2AXIvideo.compgen.tcl 
Execute         source /group/techsup/parkerh/hls_video_block/hls_video_block/solution1/.autopilot/db/hls_video_block.compgen.tcl 
INFO: [RTMG 210-285] Implementing FIFO 'input_mat_data_strea_U(fifo_w8_d2_A)' using Shift Registers.
INFO: [RTMG 210-285] Implementing FIFO 'input_mat_data_strea_5_U(fifo_w8_d2_A)' using Shift Registers.
INFO: [RTMG 210-285] Implementing FIFO 'input_mat_data_strea_6_U(fifo_w8_d2_A)' using Shift Registers.
INFO: [RTMG 210-285] Implementing FIFO 'output_mat_data_stre_U(fifo_w8_d2_A)' using Shift Registers.
INFO: [RTMG 210-285] Implementing FIFO 'output_mat_data_stre_5_U(fifo_w8_d2_A)' using Shift Registers.
INFO: [RTMG 210-285] Implementing FIFO 'output_mat_data_stre_6_U(fifo_w8_d2_A)' using Shift Registers.
INFO: [RTMG 210-285] Implementing FIFO 'start_for_passthrbkb_U(start_for_passthrbkb)' using Shift Registers.
INFO: [RTMG 210-285] Implementing FIFO 'start_for_Mat2AXIcud_U(start_for_Mat2AXIcud)' using Shift Registers.
Command         ap_source done; 0.23 sec.
Execute         get_config_sdx -target 
Execute         source /group/techsup/parkerh/hls_video_block/hls_video_block/solution1/.autopilot/db/global.setting.tcl 
Execute         source /proj/gsd/vivado/Vivado/2018.2/common/technology/generic/autopilot/common.gen 
Execute           source /proj/gsd/vivado/Vivado/2018.2/common/technology/generic/autopilot/APCoreGen.gen 
Execute         source /proj/gsd/vivado/Vivado/2018.2/common/technology/generic/autopilot/op.gen 
Execute         source /proj/gsd/vivado/Vivado/2018.2/common/technology/generic/autopilot/op_simcore.gen 
Execute         source /proj/gsd/vivado/Vivado/2018.2/common/technology/generic/autopilot/interface.gen 
Execute         source /group/techsup/parkerh/hls_video_block/hls_video_block/solution1/.autopilot/db/global.setting.tcl 
Execute         source /proj/gsd/vivado/Vivado/2018.2/common/technology/xilinx/zynquplus/zynquplus.gen 
Execute           source /proj/gsd/vivado/Vivado/2018.2/common/technology/xilinx/common/virtex.gen 
Execute             source /proj/gsd/vivado/Vivado/2018.2/common/technology/xilinx/common/xilinx.gen 
Execute               source /proj/gsd/vivado/Vivado/2018.2/common/technology/xilinx/interface/plb46.gen 
Execute               source /proj/gsd/vivado/Vivado/2018.2/common/technology/xilinx/interface/fsl.gen 
Execute               source /proj/gsd/vivado/Vivado/2018.2/common/technology/xilinx/interface/axi4.gen 
Execute               source /proj/gsd/vivado/Vivado/2018.2/common/technology/xilinx/interface/nativeAXI4.gen 
Execute                 source /proj/gsd/vivado/Vivado/2018.2/common/technology/xilinx/interface/saxilite.gen 
Execute                 source /proj/gsd/vivado/Vivado/2018.2/common/technology/xilinx/interface/maxi.gen 
Execute               source /proj/gsd/vivado/Vivado/2018.2/common/technology/xilinx/scripts/xilinxcoregen.gen 
Execute               source /proj/gsd/vivado/Vivado/2018.2/common/technology/xilinx/interface/XilEDKCoreGen.gen 
Execute               source /proj/gsd/vivado/Vivado/2018.2/common/technology/xilinx/ip/dds_compiler.gen 
Execute               source /proj/gsd/vivado/Vivado/2018.2/common/technology/xilinx/ip/util.gen 
Execute               source /proj/gsd/vivado/Vivado/2018.2/common/technology/xilinx/ip/xfft.gen 
Execute               source /proj/gsd/vivado/Vivado/2018.2/common/technology/xilinx/ip/xfir.gen 
Command             ap_source done; 0.14 sec.
Execute             source /proj/gsd/vivado/Vivado/2018.2/common/technology/xilinx/common/dsp48.gen 
Command           ap_source done; 0.14 sec.
Command         ap_source done; 0.14 sec.
Execute         source /proj/gsd/vivado/Vivado/2018.2/common/technology/xilinx/zynquplus/zynquplus_fpv7.gen 
Execute           source /proj/gsd/vivado/Vivado/2018.2/common/technology/xilinx/common/xilinx_fpv6.gen 
Execute         source /group/techsup/parkerh/hls_video_block/hls_video_block/solution1/.autopilot/db/hls_video_block.rtl_wrap.cfg.tcl 
Execute         source /group/techsup/parkerh/hls_video_block/hls_video_block/solution1/.autopilot/db/hls_video_block.rtl_wrap.cfg.tcl 
Execute         source /group/techsup/parkerh/hls_video_block/hls_video_block/solution1/.autopilot/db/hls_video_block.rtl_wrap.cfg.tcl 
Execute         source /group/techsup/parkerh/hls_video_block/hls_video_block/solution1/.autopilot/db/hls_video_block.tbgen.tcl 
Execute         source /group/techsup/parkerh/hls_video_block/hls_video_block/solution1/.autopilot/db/hls_video_block.tbgen.tcl 
Execute         source /group/techsup/parkerh/hls_video_block/hls_video_block/solution1/.autopilot/db/global.setting.tcl 
Execute         source /group/techsup/parkerh/hls_video_block/hls_video_block/solution1/.autopilot/db/AXIvideo2Mat.compgen.tcl 
Execute         source /group/techsup/parkerh/hls_video_block/hls_video_block/solution1/.autopilot/db/passthrough.compgen.tcl 
Execute         source /group/techsup/parkerh/hls_video_block/hls_video_block/solution1/.autopilot/db/Mat2AXIvideo.compgen.tcl 
Execute         source /group/techsup/parkerh/hls_video_block/hls_video_block/solution1/.autopilot/db/hls_video_block.compgen.tcl 
Execute         source /group/techsup/parkerh/hls_video_block/hls_video_block/solution1/.autopilot/db/global.setting.tcl 
Execute         source /group/techsup/parkerh/hls_video_block/hls_video_block/solution1/.autopilot/db/AXIvideo2Mat.compgen.tcl 
Execute         source /group/techsup/parkerh/hls_video_block/hls_video_block/solution1/.autopilot/db/passthrough.compgen.tcl 
Execute         source /group/techsup/parkerh/hls_video_block/hls_video_block/solution1/.autopilot/db/Mat2AXIvideo.compgen.tcl 
Execute         source /group/techsup/parkerh/hls_video_block/hls_video_block/solution1/.autopilot/db/hls_video_block.compgen.tcl 
Execute         source /group/techsup/parkerh/hls_video_block/hls_video_block/solution1/.autopilot/db/global.setting.tcl 
Execute         source /group/techsup/parkerh/hls_video_block/hls_video_block/solution1/.autopilot/db/AXIvideo2Mat.compgen.tcl 
Execute         source /group/techsup/parkerh/hls_video_block/hls_video_block/solution1/.autopilot/db/passthrough.compgen.tcl 
Execute         source /group/techsup/parkerh/hls_video_block/hls_video_block/solution1/.autopilot/db/Mat2AXIvideo.compgen.tcl 
Execute         source /group/techsup/parkerh/hls_video_block/hls_video_block/solution1/.autopilot/db/hls_video_block.compgen.tcl 
Execute         source /group/techsup/parkerh/hls_video_block/hls_video_block/solution1/.autopilot/db/global.setting.tcl 
Execute         source /group/techsup/parkerh/hls_video_block/hls_video_block/solution1/.autopilot/db/hls_video_block.constraint.tcl 
Execute         source /group/techsup/parkerh/hls_video_block/hls_video_block/solution1/.autopilot/db/hls_video_block.tbgen.tcl 
Execute         source /group/techsup/parkerh/hls_video_block/hls_video_block/solution1/.autopilot/db/global.setting.tcl 
Execute         source /group/techsup/parkerh/hls_video_block/hls_video_block/solution1/.autopilot/db/global.setting.tcl 
Execute         source /group/techsup/parkerh/hls_video_block/hls_video_block/solution1/.autopilot/db/global.setting.tcl 
Execute         source /group/techsup/parkerh/hls_video_block/hls_video_block/solution1/.autopilot/db/hls_video_block.tbgen.tcl 
Execute         source /group/techsup/parkerh/hls_video_block/hls_video_block/solution1/.autopilot/db/hls_video_block.tbgen.tcl 
Execute         source /group/techsup/parkerh/hls_video_block/hls_video_block/solution1/.autopilot/db/hls_video_block.tbgen.tcl 
Execute         source /group/techsup/parkerh/hls_video_block/hls_video_block/solution1/.autopilot/db/hls_video_block.tbgen.tcl 
Execute         source /group/techsup/parkerh/hls_video_block/hls_video_block/solution1/.autopilot/db/hls_video_block.tbgen.tcl 
Execute         source /group/techsup/parkerh/hls_video_block/hls_video_block/solution1/.autopilot/db/hls_video_block.tbgen.tcl 
Execute         source /group/techsup/parkerh/hls_video_block/hls_video_block/solution1/.autopilot/db/hls_video_block.tbgen.tcl 
Execute         source /group/techsup/parkerh/hls_video_block/hls_video_block/solution1/.autopilot/db/hls_video_block.tbgen.tcl 
Execute         source /group/techsup/parkerh/hls_video_block/hls_video_block/solution1/.autopilot/db/global.setting.tcl 
Execute         source /group/techsup/parkerh/hls_video_block/hls_video_block/solution1/.autopilot/db/hls_video_block.constraint.tcl 
Execute         sc_get_clocks hls_video_block 
Execute         source /group/techsup/parkerh/hls_video_block/hls_video_block/solution1/.autopilot/db/global.setting.tcl 
Execute         get_config_sdx -target 
Execute         get_config_sdx -profile 
Execute         ::config_rtl 
INFO: [HLS 200-111] Finished generating all RTL models Time (s): cpu = 00:01:06 ; elapsed = 00:01:15 . Memory (MB): peak = 645.449 ; gain = 193.000 ; free physical = 89972 ; free virtual = 176635
INFO: [SYSC 207-301] Generating SystemC RTL for hls_video_block.
INFO: [VHDL 208-304] Generating VHDL RTL for hls_video_block.
INFO: [VLOG 209-307] Generating Verilog RTL for hls_video_block.
Command       autosyn done; 6.07 sec.
Command     csynth_design done; 72.65 sec.
Execute     export_design -rtl verilog -format ip_catalog -vendor parker-xilinx 
Execute       source /group/techsup/parkerh/hls_video_block/hls_video_block/solution1/.autopilot/db/global.setting.tcl 
Execute       source /proj/gsd/vivado/Vivado/2018.2/common/technology/generic/autopilot/common.gen 
Execute         source /proj/gsd/vivado/Vivado/2018.2/common/technology/generic/autopilot/APCoreGen.gen 
Execute       source /proj/gsd/vivado/Vivado/2018.2/common/technology/generic/autopilot/op.gen 
Execute       source /proj/gsd/vivado/Vivado/2018.2/common/technology/generic/autopilot/op_simcore.gen 
Execute       source /proj/gsd/vivado/Vivado/2018.2/common/technology/generic/autopilot/interface.gen 
Execute       source /group/techsup/parkerh/hls_video_block/hls_video_block/solution1/.autopilot/db/global.setting.tcl 
Execute       source /proj/gsd/vivado/Vivado/2018.2/common/technology/xilinx/zynquplus/zynquplus.gen 
Execute         source /proj/gsd/vivado/Vivado/2018.2/common/technology/xilinx/common/virtex.gen 
Execute           source /proj/gsd/vivado/Vivado/2018.2/common/technology/xilinx/common/xilinx.gen 
Execute             source /proj/gsd/vivado/Vivado/2018.2/common/technology/xilinx/interface/plb46.gen 
Execute             source /proj/gsd/vivado/Vivado/2018.2/common/technology/xilinx/interface/fsl.gen 
Execute             source /proj/gsd/vivado/Vivado/2018.2/common/technology/xilinx/interface/axi4.gen 
Execute             source /proj/gsd/vivado/Vivado/2018.2/common/technology/xilinx/interface/nativeAXI4.gen 
Execute               source /proj/gsd/vivado/Vivado/2018.2/common/technology/xilinx/interface/saxilite.gen 
Execute               source /proj/gsd/vivado/Vivado/2018.2/common/technology/xilinx/interface/maxi.gen 
Execute             source /proj/gsd/vivado/Vivado/2018.2/common/technology/xilinx/scripts/xilinxcoregen.gen 
Execute             source /proj/gsd/vivado/Vivado/2018.2/common/technology/xilinx/interface/XilEDKCoreGen.gen 
Execute             source /proj/gsd/vivado/Vivado/2018.2/common/technology/xilinx/ip/dds_compiler.gen 
Execute             source /proj/gsd/vivado/Vivado/2018.2/common/technology/xilinx/ip/util.gen 
Execute             source /proj/gsd/vivado/Vivado/2018.2/common/technology/xilinx/ip/xfft.gen 
Execute             source /proj/gsd/vivado/Vivado/2018.2/common/technology/xilinx/ip/xfir.gen 
Command           ap_source done; 0.14 sec.
Execute           source /proj/gsd/vivado/Vivado/2018.2/common/technology/xilinx/common/dsp48.gen 
Command         ap_source done; 0.14 sec.
Command       ap_source done; 0.14 sec.
Execute       source /proj/gsd/vivado/Vivado/2018.2/common/technology/xilinx/zynquplus/zynquplus_fpv7.gen 
Execute         source /proj/gsd/vivado/Vivado/2018.2/common/technology/xilinx/common/xilinx_fpv6.gen 
Execute       source /group/techsup/parkerh/hls_video_block/hls_video_block/solution1/.autopilot/db/global.setting.tcl 
INFO: [IMPL 213-8] Exporting RTL as a Vivado IP.
Execute       source /group/techsup/parkerh/hls_video_block/hls_video_block/solution1/.autopilot/db/global.setting.tcl 
Execute       get_config_sdx -target 
Execute       source /group/techsup/parkerh/hls_video_block/hls_video_block/solution1/.autopilot/db/global.setting.tcl 
Execute       source /proj/gsd/vivado/Vivado/2018.2/common/technology/generic/autopilot/common.gen 
Execute         source /proj/gsd/vivado/Vivado/2018.2/common/technology/generic/autopilot/APCoreGen.gen 
Execute       source /proj/gsd/vivado/Vivado/2018.2/common/technology/generic/autopilot/op.gen 
Execute       source /proj/gsd/vivado/Vivado/2018.2/common/technology/generic/autopilot/op_simcore.gen 
Execute       source /proj/gsd/vivado/Vivado/2018.2/common/technology/generic/autopilot/interface.gen 
Execute       source /group/techsup/parkerh/hls_video_block/hls_video_block/solution1/.autopilot/db/global.setting.tcl 
Execute       source /proj/gsd/vivado/Vivado/2018.2/common/technology/xilinx/zynquplus/zynquplus.gen 
Execute         source /proj/gsd/vivado/Vivado/2018.2/common/technology/xilinx/common/virtex.gen 
Execute           source /proj/gsd/vivado/Vivado/2018.2/common/technology/xilinx/common/xilinx.gen 
Execute             source /proj/gsd/vivado/Vivado/2018.2/common/technology/xilinx/interface/plb46.gen 
Execute             source /proj/gsd/vivado/Vivado/2018.2/common/technology/xilinx/interface/fsl.gen 
Execute             source /proj/gsd/vivado/Vivado/2018.2/common/technology/xilinx/interface/axi4.gen 
Execute             source /proj/gsd/vivado/Vivado/2018.2/common/technology/xilinx/interface/nativeAXI4.gen 
Execute               source /proj/gsd/vivado/Vivado/2018.2/common/technology/xilinx/interface/saxilite.gen 
Execute               source /proj/gsd/vivado/Vivado/2018.2/common/technology/xilinx/interface/maxi.gen 
Execute             source /proj/gsd/vivado/Vivado/2018.2/common/technology/xilinx/scripts/xilinxcoregen.gen 
Execute             source /proj/gsd/vivado/Vivado/2018.2/common/technology/xilinx/interface/XilEDKCoreGen.gen 
Execute             source /proj/gsd/vivado/Vivado/2018.2/common/technology/xilinx/ip/dds_compiler.gen 
Execute             source /proj/gsd/vivado/Vivado/2018.2/common/technology/xilinx/ip/util.gen 
Execute             source /proj/gsd/vivado/Vivado/2018.2/common/technology/xilinx/ip/xfft.gen 
Execute             source /proj/gsd/vivado/Vivado/2018.2/common/technology/xilinx/ip/xfir.gen 
Command           ap_source done; 0.13 sec.
Execute           source /proj/gsd/vivado/Vivado/2018.2/common/technology/xilinx/common/dsp48.gen 
Command         ap_source done; 0.13 sec.
Command       ap_source done; 0.13 sec.
Execute       source /proj/gsd/vivado/Vivado/2018.2/common/technology/xilinx/zynquplus/zynquplus_fpv7.gen 
Execute         source /proj/gsd/vivado/Vivado/2018.2/common/technology/xilinx/common/xilinx_fpv6.gen 
Execute       source /group/techsup/parkerh/hls_video_block/hls_video_block/solution1/.autopilot/db/global.setting.tcl 
Execute       source /group/techsup/parkerh/hls_video_block/hls_video_block/solution1/.autopilot/db/AXIvideo2Mat.compgen.tcl 
Execute       source /group/techsup/parkerh/hls_video_block/hls_video_block/solution1/.autopilot/db/passthrough.compgen.tcl 
Execute       source /group/techsup/parkerh/hls_video_block/hls_video_block/solution1/.autopilot/db/Mat2AXIvideo.compgen.tcl 
Execute       source /group/techsup/parkerh/hls_video_block/hls_video_block/solution1/.autopilot/db/hls_video_block.compgen.tcl 
Execute       source /group/techsup/parkerh/hls_video_block/hls_video_block/solution1/.autopilot/db/global.setting.tcl 
Execute       source /group/techsup/parkerh/hls_video_block/hls_video_block/solution1/.autopilot/db/AXIvideo2Mat.compgen.tcl 
Execute       source /group/techsup/parkerh/hls_video_block/hls_video_block/solution1/.autopilot/db/passthrough.compgen.tcl 
Execute       source /group/techsup/parkerh/hls_video_block/hls_video_block/solution1/.autopilot/db/Mat2AXIvideo.compgen.tcl 
Execute       source /group/techsup/parkerh/hls_video_block/hls_video_block/solution1/.autopilot/db/hls_video_block.compgen.tcl 
Execute       source /group/techsup/parkerh/hls_video_block/hls_video_block/solution1/.autopilot/db/global.setting.tcl 
Execute       source /group/techsup/parkerh/hls_video_block/hls_video_block/solution1/.autopilot/db/AXIvideo2Mat.compgen.tcl 
Execute       source /group/techsup/parkerh/hls_video_block/hls_video_block/solution1/.autopilot/db/passthrough.compgen.tcl 
Execute       source /group/techsup/parkerh/hls_video_block/hls_video_block/solution1/.autopilot/db/Mat2AXIvideo.compgen.tcl 
Execute       source /group/techsup/parkerh/hls_video_block/hls_video_block/solution1/.autopilot/db/hls_video_block.compgen.tcl 
Execute       source /group/techsup/parkerh/hls_video_block/hls_video_block/solution1/.autopilot/db/global.setting.tcl 
Execute       source /group/techsup/parkerh/hls_video_block/hls_video_block/solution1/.autopilot/db/hls_video_block.constraint.tcl 
Execute       source /group/techsup/parkerh/hls_video_block/hls_video_block/solution1/.autopilot/db/hls_video_block.tbgen.tcl 
Execute       source /group/techsup/parkerh/hls_video_block/hls_video_block/solution1/.autopilot/db/global.setting.tcl 
Execute       source /group/techsup/parkerh/hls_video_block/hls_video_block/solution1/.autopilot/db/global.setting.tcl 
Execute       source /group/techsup/parkerh/hls_video_block/hls_video_block/solution1/.autopilot/db/global.setting.tcl 
Execute       source /group/techsup/parkerh/hls_video_block/hls_video_block/solution1/.autopilot/db/hls_video_block.tbgen.tcl 
Execute       source /group/techsup/parkerh/hls_video_block/hls_video_block/solution1/.autopilot/db/hls_video_block.tbgen.tcl 
Execute       source /group/techsup/parkerh/hls_video_block/hls_video_block/solution1/.autopilot/db/hls_video_block.tbgen.tcl 
Execute       source /group/techsup/parkerh/hls_video_block/hls_video_block/solution1/.autopilot/db/hls_video_block.tbgen.tcl 
Execute       source /group/techsup/parkerh/hls_video_block/hls_video_block/solution1/.autopilot/db/hls_video_block.tbgen.tcl 
Execute       source /group/techsup/parkerh/hls_video_block/hls_video_block/solution1/.autopilot/db/hls_video_block.tbgen.tcl 
Execute       source /group/techsup/parkerh/hls_video_block/hls_video_block/solution1/.autopilot/db/hls_video_block.tbgen.tcl 
Execute       source /group/techsup/parkerh/hls_video_block/hls_video_block/solution1/.autopilot/db/hls_video_block.tbgen.tcl 
Execute       source /group/techsup/parkerh/hls_video_block/hls_video_block/solution1/.autopilot/db/global.setting.tcl 
Execute       source /group/techsup/parkerh/hls_video_block/hls_video_block/solution1/.autopilot/db/hls_video_block.constraint.tcl 
Execute       sc_get_clocks hls_video_block 
Execute       source /group/techsup/parkerh/hls_video_block/hls_video_block/solution1/.autopilot/db/global.setting.tcl 
Execute       get_config_sdx -target 
Execute       get_config_sdx -profile 
Execute       ::config_rtl 
Execute       source /group/techsup/parkerh/hls_video_block/hls_video_block/solution1/.autopilot/db/hls_video_block.tbgen.tcl 
Execute       source /group/techsup/parkerh/hls_video_block/hls_video_block/solution1/.autopilot/db/hls_video_block.tbgen.tcl 
Execute       source /group/techsup/parkerh/hls_video_block/hls_video_block/solution1/.autopilot/db/hls_video_block.tbgen.tcl 
Execute       source /group/techsup/parkerh/hls_video_block/hls_video_block/solution1/.autopilot/db/hls_video_block.tbgen.tcl 
Execute       source /group/techsup/parkerh/hls_video_block/hls_video_block/solution1/.autopilot/db/hls_video_block.tbgen.tcl 
Execute       source /group/techsup/parkerh/hls_video_block/hls_video_block/solution1/.autopilot/db/hls_video_block.tbgen.tcl 
Execute       source /group/techsup/parkerh/hls_video_block/hls_video_block/solution1/.autopilot/db/hls_video_block.tbgen.tcl 
Execute       source /group/techsup/parkerh/hls_video_block/hls_video_block/solution1/.autopilot/db/hls_video_block.tbgen.tcl 
Execute       source /group/techsup/parkerh/hls_video_block/hls_video_block/solution1/.autopilot/db/global.setting.tcl 
Execute       source /group/techsup/parkerh/hls_video_block/hls_video_block/solution1/.autopilot/db/global.setting.tcl 
Execute       source /group/techsup/parkerh/hls_video_block/hls_video_block/solution1/.autopilot/db/hls_video_block.rtl_wrap.cfg.tcl 
Execute       source /group/techsup/parkerh/hls_video_block/hls_video_block/solution1/.autopilot/db/hls_video_block.rtl_wrap.cfg.tcl 
Execute       source /group/techsup/parkerh/hls_video_block/hls_video_block/solution1/.autopilot/db/hls_video_block.rtl_wrap.cfg.tcl 
Execute       source /group/techsup/parkerh/hls_video_block/hls_video_block/solution1/.autopilot/db/hls_video_block.tbgen.tcl 
Execute       source /group/techsup/parkerh/hls_video_block/hls_video_block/solution1/.autopilot/db/hls_video_block.tbgen.tcl 
Execute       source /group/techsup/parkerh/hls_video_block/hls_video_block/solution1/.autopilot/db/hls_video_block.tbgen.tcl 
Execute       source /group/techsup/parkerh/hls_video_block/hls_video_block/solution1/.autopilot/db/hls_video_block.rtl_wrap.cfg.tcl 
Execute       source /group/techsup/parkerh/hls_video_block/hls_video_block/solution1/.autopilot/db/hls_video_block.rtl_wrap.cfg.tcl 
Execute       source /group/techsup/parkerh/hls_video_block/hls_video_block/solution1/.autopilot/db/hls_video_block.rtl_wrap.cfg.tcl 
Execute       source /group/techsup/parkerh/hls_video_block/hls_video_block/solution1/.autopilot/db/hls_video_block.tbgen.tcl 
Execute       source /group/techsup/parkerh/hls_video_block/hls_video_block/solution1/.autopilot/db/hls_video_block.tbgen.tcl 
Execute       source /group/techsup/parkerh/hls_video_block/hls_video_block/solution1/.autopilot/db/hls_video_block.tbgen.tcl 
Execute       source /group/techsup/parkerh/hls_video_block/hls_video_block/solution1/.autopilot/db/global.setting.tcl 
Execute       source /group/techsup/parkerh/hls_video_block/hls_video_block/solution1/.autopilot/db/hls_video_block.constraint.tcl 
Execute       source /group/techsup/parkerh/hls_video_block/hls_video_block/solution1/.autopilot/db/global.setting.tcl 
Execute       source /group/techsup/parkerh/hls_video_block/hls_video_block/solution1/.autopilot/db/global.setting.tcl 
Execute       source /group/techsup/parkerh/hls_video_block/hls_video_block/solution1/.autopilot/db/hls_video_block.constraint.tcl 
Execute       source /group/techsup/parkerh/hls_video_block/hls_video_block/solution1/.autopilot/db/hls_video_block.tbgen.tcl 
Execute       source /group/techsup/parkerh/hls_video_block/hls_video_block/solution1/.autopilot/db/global.setting.tcl 
Execute       source /group/techsup/parkerh/hls_video_block/hls_video_block/solution1/.autopilot/db/hls_video_block.constraint.tcl 
Execute       source /group/techsup/parkerh/hls_video_block/hls_video_block/solution1/.autopilot/db/hls_video_block.tbgen.tcl 
Execute       source /group/techsup/parkerh/hls_video_block/hls_video_block/solution1/.autopilot/db/global.setting.tcl 
Execute       source /proj/gsd/vivado/Vivado/2018.2/common/technology/generic/autopilot/common.gen 
Execute         source /proj/gsd/vivado/Vivado/2018.2/common/technology/generic/autopilot/APCoreGen.gen 
Execute       source /proj/gsd/vivado/Vivado/2018.2/common/technology/generic/autopilot/op.gen 
Execute       source /proj/gsd/vivado/Vivado/2018.2/common/technology/generic/autopilot/op_simcore.gen 
Execute       source /proj/gsd/vivado/Vivado/2018.2/common/technology/generic/autopilot/interface.gen 
Execute       source /group/techsup/parkerh/hls_video_block/hls_video_block/solution1/.autopilot/db/global.setting.tcl 
Execute       source /proj/gsd/vivado/Vivado/2018.2/common/technology/xilinx/zynquplus/zynquplus.gen 
Execute         source /proj/gsd/vivado/Vivado/2018.2/common/technology/xilinx/common/virtex.gen 
Execute           source /proj/gsd/vivado/Vivado/2018.2/common/technology/xilinx/common/xilinx.gen 
Execute             source /proj/gsd/vivado/Vivado/2018.2/common/technology/xilinx/interface/plb46.gen 
Execute             source /proj/gsd/vivado/Vivado/2018.2/common/technology/xilinx/interface/fsl.gen 
Execute             source /proj/gsd/vivado/Vivado/2018.2/common/technology/xilinx/interface/axi4.gen 
Execute             source /proj/gsd/vivado/Vivado/2018.2/common/technology/xilinx/interface/nativeAXI4.gen 
Execute               source /proj/gsd/vivado/Vivado/2018.2/common/technology/xilinx/interface/saxilite.gen 
Execute               source /proj/gsd/vivado/Vivado/2018.2/common/technology/xilinx/interface/maxi.gen 
Execute             source /proj/gsd/vivado/Vivado/2018.2/common/technology/xilinx/scripts/xilinxcoregen.gen 
Execute             source /proj/gsd/vivado/Vivado/2018.2/common/technology/xilinx/interface/XilEDKCoreGen.gen 
Execute             source /proj/gsd/vivado/Vivado/2018.2/common/technology/xilinx/ip/dds_compiler.gen 
Execute             source /proj/gsd/vivado/Vivado/2018.2/common/technology/xilinx/ip/util.gen 
Execute             source /proj/gsd/vivado/Vivado/2018.2/common/technology/xilinx/ip/xfft.gen 
Execute             source /proj/gsd/vivado/Vivado/2018.2/common/technology/xilinx/ip/xfir.gen 
Command           ap_source done; 0.14 sec.
Execute           source /proj/gsd/vivado/Vivado/2018.2/common/technology/xilinx/common/dsp48.gen 
Command         ap_source done; 0.14 sec.
Command       ap_source done; 0.14 sec.
Execute       source /proj/gsd/vivado/Vivado/2018.2/common/technology/xilinx/zynquplus/zynquplus_fpv7.gen 
Execute         source /proj/gsd/vivado/Vivado/2018.2/common/technology/xilinx/common/xilinx_fpv6.gen 
Command     export_design done; 22.11 sec.
Execute     cleanup_all 
