

================================================================
== Vivado HLS Report for 'AXIvideo2Mat'
================================================================
* Date:           Fri Nov 30 10:25:32 2018

* Version:        2018.2 (Build 2258646 on Thu Jun 14 20:25:20 MDT 2018)
* Project:        hls_video_block
* Solution:       solution1
* Product family: zynquplus
* Target device:  xczu9eg-ffvb1156-2-i


================================================================
== Performance Estimates
================================================================
+ Timing (ns): 
    * Summary: 
    +--------+-------+----------+------------+
    |  Clock | Target| Estimated| Uncertainty|
    +--------+-------+----------+------------+
    |ap_clk  |  10.00|     2.494|        1.25|
    +--------+-------+----------+------------+

+ Latency (clock cycles): 
    * Summary: 
    +--------+--------+--------+--------+---------+
    |     Latency     |     Interval    | Pipeline|
    |   min  |   max  |   min  |   max  |   Type  |
    +--------+--------+--------+--------+---------+
    |  782643|  782643|  782643|  782643|   none  |
    +--------+--------+--------+--------+---------+

    + Detail: 
        * Instance: 
        N/A

        * Loop: 
        +-----------------------+--------+--------+----------+-----------+-----------+------+----------+
        |                       |     Latency     | Iteration|  Initiation Interval  | Trip |          |
        |       Loop Name       |   min  |   max  |  Latency |  achieved |   target  | Count| Pipelined|
        +-----------------------+--------+--------+----------+-----------+-----------+------+----------+
        |- loop_wait_for_start  |       0|       0|         1|          1|          1|     0|    yes   |
        |- loop_height          |  782640|  782640|      1087|          -|          -|   720|    no    |
        | + loop_width          |    1081|    1081|         2|          1|          1|  1080|    yes   |
        | + loop_wait_for_eol   |       1|       1|         2|          1|          1|     0|    yes   |
        +-----------------------+--------+--------+----------+-----------+-----------+------+----------+

============================================================
+ Verbose Summary: Synthesis Manager
============================================================
InlineROM: 1
ExposeGlobal: 0
============================================================
+ Verbose Summary: CDFG Model
============================================================
IsTopModel: 0
ResetActiveHigh: 1
IsCombinational: 2
IsDatapathOnly: 0
HasWiredReturn: 1
HasMFsm: 0
HasVarLatency: 1
IsPipeline: 0
IsRtlPipelined: 0
IsInstanceOverlapped: 0
IsDontTouch: 0
HasImplIP: 0
IsGatedGlobalClock: 0

+ Individual pipeline summary: 
  * Pipeline-0: initiation interval (II) = 1, depth = 1
  * Pipeline-1: initiation interval (II) = 1, depth = 2
  * Pipeline-2: initiation interval (II) = 1, depth = 2


============================================================
+ Verbose Summary: Schedule
============================================================
* Number of FSM states : 10
* Pipeline : 3
  Pipeline-0 : II = 1, D = 1, States = { 2 }
  Pipeline-1 : II = 1, D = 2, States = { 5 6 }
  Pipeline-2 : II = 1, D = 2, States = { 8 9 }
* Dataflow Pipeline: 0

* FSM state transitions: 
1 --> 
	2  / true
2 --> 
	3  / (tmp_user_V)
	2  / (!tmp_user_V)
3 --> 
	4  / true
4 --> 
	5  / (!exitcond2)
5 --> 
	6  / true
6 --> 
	7  / (exitcond)
	5  / (!exitcond)
7 --> 
	8  / true
8 --> 
	9  / true
9 --> 
	10  / (eol_2)
	8  / (!eol_2)
10 --> 
	4  / true

* FSM state operations: 

State 1 <SV = 0> <Delay = 0.00>
ST_1 : Operation 11 [1/1] (0.00ns)   --->   "call void (...)* @_ssdm_op_SpecInterface(i8* %img_data_stream_2_V, [8 x i8]* @ap_fifo_str, i32 0, i32 0, [1 x i8]* @p_str54, i32 0, i32 0, [1 x i8]* @p_str55, [1 x i8]* @p_str56, [1 x i8]* @p_str57, i32 2, i32 2, i32 16, i32 16, [1 x i8]* @p_str58, [1 x i8]* @p_str59)"   --->   Operation 11 'specinterface' <Predicate = true> <Delay = 0.00>
ST_1 : Operation 12 [1/1] (0.00ns)   --->   "call void (...)* @_ssdm_op_SpecInterface(i8* %img_data_stream_1_V, [8 x i8]* @ap_fifo_str, i32 0, i32 0, [1 x i8]* @p_str47, i32 0, i32 0, [1 x i8]* @p_str48, [1 x i8]* @p_str49, [1 x i8]* @p_str50, i32 2, i32 2, i32 16, i32 16, [1 x i8]* @p_str51, [1 x i8]* @p_str52)"   --->   Operation 12 'specinterface' <Predicate = true> <Delay = 0.00>
ST_1 : Operation 13 [1/1] (0.00ns)   --->   "call void (...)* @_ssdm_op_SpecInterface(i8* %img_data_stream_0_V, [8 x i8]* @ap_fifo_str, i32 0, i32 0, [1 x i8]* @p_str40, i32 0, i32 0, [1 x i8]* @p_str41, [1 x i8]* @p_str42, [1 x i8]* @p_str43, i32 2, i32 2, i32 16, i32 16, [1 x i8]* @p_str44, [1 x i8]* @p_str45)"   --->   Operation 13 'specinterface' <Predicate = true> <Delay = 0.00>
ST_1 : Operation 14 [1/1] (0.00ns)   --->   "call void (...)* @_ssdm_op_SpecInterface(i32* %AXI_video_strm_V_data_V, i4* %AXI_video_strm_V_keep_V, i4* %AXI_video_strm_V_strb_V, i1* %AXI_video_strm_V_user_V, i1* %AXI_video_strm_V_last_V, i1* %AXI_video_strm_V_id_V, i1* %AXI_video_strm_V_dest_V, [5 x i8]* @p_str, i32 1, i32 1, [5 x i8]* @p_str2, i32 0, i32 0, [9 x i8]* @p_str3, [1 x i8]* @p_str4, [1 x i8]* @p_str4, i32 0, i32 0, i32 0, i32 0, [1 x i8]* @p_str4, [1 x i8]* @p_str4) nounwind"   --->   Operation 14 'specinterface' <Predicate = true> <Delay = 0.00>
ST_1 : Operation 15 [1/1] (0.00ns)   --->   "br label %.preheader187" [/proj/gsd/vivado/Vivado/2018.2/common/technology/autopilot/hls/hls_video_io.h:63]   --->   Operation 15 'br' <Predicate = true> <Delay = 0.00>

State 2 <SV = 1> <Delay = 0.00>
ST_2 : Operation 16 [1/1] (0.00ns)   --->   "call void (...)* @_ssdm_op_SpecLoopName([20 x i8]* @p_str22) nounwind" [/proj/gsd/vivado/Vivado/2018.2/common/technology/autopilot/hls/hls_video_io.h:65]   --->   Operation 16 'specloopname' <Predicate = true> <Delay = 0.00>
ST_2 : Operation 17 [1/1] (0.00ns)   --->   "%tmp = call i32 (...)* @_ssdm_op_SpecRegionBegin([20 x i8]* @p_str22)" [/proj/gsd/vivado/Vivado/2018.2/common/technology/autopilot/hls/hls_video_io.h:65]   --->   Operation 17 'specregionbegin' 'tmp' <Predicate = true> <Delay = 0.00>
ST_2 : Operation 18 [1/1] (0.00ns)   --->   "call void (...)* @_ssdm_op_SpecPipeline(i32 1, i32 1, i32 1, i32 0, [1 x i8]* @p_str4) nounwind" [/proj/gsd/vivado/Vivado/2018.2/common/technology/autopilot/hls/hls_video_io.h:66]   --->   Operation 18 'specpipeline' <Predicate = true> <Delay = 0.00>
ST_2 : Operation 19 [1/1] (0.00ns)   --->   "call void (...)* @_ssdm_op_SpecLoopTripCount(i32 0, i32 0, i32 0, [1 x i8]* @p_str4) nounwind" [/proj/gsd/vivado/Vivado/2018.2/common/technology/autopilot/hls/hls_video_io.h:67]   --->   Operation 19 'speclooptripcount' <Predicate = true> <Delay = 0.00>
ST_2 : Operation 20 [1/1] (0.00ns)   --->   "%empty = call { i32, i4, i4, i1, i1, i1, i1 } @_ssdm_op_Read.axis.volatile.i32P.i4P.i4P.i1P.i1P.i1P.i1P(i32* %AXI_video_strm_V_data_V, i4* %AXI_video_strm_V_keep_V, i4* %AXI_video_strm_V_strb_V, i1* %AXI_video_strm_V_user_V, i1* %AXI_video_strm_V_last_V, i1* %AXI_video_strm_V_id_V, i1* %AXI_video_strm_V_dest_V)" [/proj/gsd/vivado/Vivado/2018.2/common/technology/autopilot/hls/hls_video_io.h:68]   --->   Operation 20 'read' 'empty' <Predicate = true> <Delay = 0.00> <Core = "AXI4Stream">   --->   Core 5 'AXI4Stream' <Latency = 0> <II = 1> <Delay = 1.00> <Adapter> <Opcode : >
ST_2 : Operation 21 [1/1] (0.00ns)   --->   "%tmp_data_V = extractvalue { i32, i4, i4, i1, i1, i1, i1 } %empty, 0" [/proj/gsd/vivado/Vivado/2018.2/common/technology/autopilot/hls/hls_video_io.h:68]   --->   Operation 21 'extractvalue' 'tmp_data_V' <Predicate = true> <Delay = 0.00>
ST_2 : Operation 22 [1/1] (0.00ns)   --->   "%tmp_user_V = extractvalue { i32, i4, i4, i1, i1, i1, i1 } %empty, 3" [/proj/gsd/vivado/Vivado/2018.2/common/technology/autopilot/hls/hls_video_io.h:68]   --->   Operation 22 'extractvalue' 'tmp_user_V' <Predicate = true> <Delay = 0.00>
ST_2 : Operation 23 [1/1] (0.00ns)   --->   "%tmp_last_V = extractvalue { i32, i4, i4, i1, i1, i1, i1 } %empty, 4" [/proj/gsd/vivado/Vivado/2018.2/common/technology/autopilot/hls/hls_video_io.h:68]   --->   Operation 23 'extractvalue' 'tmp_last_V' <Predicate = true> <Delay = 0.00>
ST_2 : Operation 24 [1/1] (0.00ns)   --->   "%empty_33 = call i32 (...)* @_ssdm_op_SpecRegionEnd([20 x i8]* @p_str22, i32 %tmp)" [/proj/gsd/vivado/Vivado/2018.2/common/technology/autopilot/hls/hls_video_io.h:70]   --->   Operation 24 'specregionend' 'empty_33' <Predicate = true> <Delay = 0.00>
ST_2 : Operation 25 [1/1] (0.00ns)   --->   "br i1 %tmp_user_V, label %.preheader186.preheader, label %.preheader187" [/proj/gsd/vivado/Vivado/2018.2/common/technology/autopilot/hls/hls_video_io.h:65]   --->   Operation 25 'br' <Predicate = true> <Delay = 0.00>

State 3 <SV = 2> <Delay = 0.65>
ST_3 : Operation 26 [1/1] (0.00ns)   --->   "%sof_1 = alloca i1"   --->   Operation 26 'alloca' 'sof_1' <Predicate = true> <Delay = 0.00>
ST_3 : Operation 27 [1/1] (0.65ns)   --->   "store i1 true, i1* %sof_1"   --->   Operation 27 'store' <Predicate = true> <Delay = 0.65>
ST_3 : Operation 28 [1/1] (0.65ns)   --->   "br label %.preheader186" [/proj/gsd/vivado/Vivado/2018.2/common/technology/autopilot/hls/hls_video_io.h:71]   --->   Operation 28 'br' <Predicate = true> <Delay = 0.65>

State 4 <SV = 3> <Delay = 1.19>
ST_4 : Operation 29 [1/1] (0.00ns)   --->   "%axi_last_V1 = phi i1 [ %axi_last_V_3, %6 ], [ %tmp_last_V, %.preheader186.preheader ]"   --->   Operation 29 'phi' 'axi_last_V1' <Predicate = true> <Delay = 0.00>
ST_4 : Operation 30 [1/1] (0.00ns)   --->   "%axi_data_V1 = phi i32 [ %axi_data_V_3, %6 ], [ %tmp_data_V, %.preheader186.preheader ]"   --->   Operation 30 'phi' 'axi_data_V1' <Predicate = true> <Delay = 0.00>
ST_4 : Operation 31 [1/1] (0.00ns)   --->   "%t_V = phi i10 [ %i_V, %6 ], [ 0, %.preheader186.preheader ]"   --->   Operation 31 'phi' 't_V' <Predicate = true> <Delay = 0.00>
ST_4 : Operation 32 [1/1] (0.91ns)   --->   "%exitcond2 = icmp eq i10 %t_V, -304" [/proj/gsd/vivado/Vivado/2018.2/common/technology/autopilot/hls/hls_video_io.h:71]   --->   Operation 32 'icmp' 'exitcond2' <Predicate = true> <Delay = 0.91> <Core = "Cmp">   --->   Core 25 'Cmp' <Latency = 0> <II = 1> <Delay = 0.94> <FuncUnit> <Opcode : 'icmp'> <InPorts = 2> <OutPorts = 1>
ST_4 : Operation 33 [1/1] (0.00ns)   --->   "call void (...)* @_ssdm_op_SpecLoopTripCount(i64 720, i64 720, i64 720)"   --->   Operation 33 'speclooptripcount' <Predicate = true> <Delay = 0.00>
ST_4 : Operation 34 [1/1] (0.78ns)   --->   "%i_V = add i10 %t_V, 1" [/proj/gsd/vivado/Vivado/2018.2/common/technology/autopilot/hls/hls_video_io.h:71]   --->   Operation 34 'add' 'i_V' <Predicate = true> <Delay = 0.78> <Core = "AddSub">   --->   Core 14 'AddSub' <Latency = 0> <II = 1> <Delay = 0.79> <FuncUnit> <Opcode : 'add' 'sub'> <InPorts = 2> <OutPorts = 1>
ST_4 : Operation 35 [1/1] (0.00ns)   --->   "br i1 %exitcond2, label %7, label %1" [/proj/gsd/vivado/Vivado/2018.2/common/technology/autopilot/hls/hls_video_io.h:71]   --->   Operation 35 'br' <Predicate = true> <Delay = 0.00>
ST_4 : Operation 36 [1/1] (0.00ns)   --->   "call void (...)* @_ssdm_op_SpecLoopName([12 x i8]* @p_str17) nounwind" [/proj/gsd/vivado/Vivado/2018.2/common/technology/autopilot/hls/hls_video_io.h:71]   --->   Operation 36 'specloopname' <Predicate = (!exitcond2)> <Delay = 0.00>
ST_4 : Operation 37 [1/1] (0.00ns)   --->   "%tmp_s = call i32 (...)* @_ssdm_op_SpecRegionBegin([12 x i8]* @p_str17)" [/proj/gsd/vivado/Vivado/2018.2/common/technology/autopilot/hls/hls_video_io.h:71]   --->   Operation 37 'specregionbegin' 'tmp_s' <Predicate = (!exitcond2)> <Delay = 0.00>
ST_4 : Operation 38 [1/1] (0.65ns)   --->   "br label %2" [/proj/gsd/vivado/Vivado/2018.2/common/technology/autopilot/hls/hls_video_io.h:73]   --->   Operation 38 'br' <Predicate = (!exitcond2)> <Delay = 0.65>
ST_4 : Operation 39 [1/1] (0.00ns)   --->   "ret void"   --->   Operation 39 'ret' <Predicate = (exitcond2)> <Delay = 0.00>

State 5 <SV = 4> <Delay = 1.23>
ST_5 : Operation 40 [1/1] (0.00ns)   --->   "%t_V_2 = phi i11 [ 0, %1 ], [ %j_V, %._crit_edge ]"   --->   Operation 40 'phi' 't_V_2' <Predicate = true> <Delay = 0.00>
ST_5 : Operation 41 [1/1] (0.00ns)   --->   "%eol = phi i1 [ false, %1 ], [ %axi_last_V_2, %._crit_edge ]" [/proj/gsd/vivado/Vivado/2018.2/common/technology/autopilot/hls/hls_video_io.h:81]   --->   Operation 41 'phi' 'eol' <Predicate = true> <Delay = 0.00>
ST_5 : Operation 42 [1/1] (0.94ns)   --->   "%exitcond = icmp eq i11 %t_V_2, -968" [/proj/gsd/vivado/Vivado/2018.2/common/technology/autopilot/hls/hls_video_io.h:73]   --->   Operation 42 'icmp' 'exitcond' <Predicate = true> <Delay = 0.94> <Core = "Cmp">   --->   Core 25 'Cmp' <Latency = 0> <II = 1> <Delay = 0.94> <FuncUnit> <Opcode : 'icmp'> <InPorts = 2> <OutPorts = 1>
ST_5 : Operation 43 [1/1] (0.79ns)   --->   "%j_V = add i11 %t_V_2, 1" [/proj/gsd/vivado/Vivado/2018.2/common/technology/autopilot/hls/hls_video_io.h:73]   --->   Operation 43 'add' 'j_V' <Predicate = true> <Delay = 0.79> <Core = "AddSub">   --->   Core 14 'AddSub' <Latency = 0> <II = 1> <Delay = 0.79> <FuncUnit> <Opcode : 'add' 'sub'> <InPorts = 2> <OutPorts = 1>
ST_5 : Operation 44 [1/1] (0.00ns)   --->   "%sof_1_load = load i1* %sof_1" [/proj/gsd/vivado/Vivado/2018.2/common/technology/autopilot/hls/hls_video_io.h:76]   --->   Operation 44 'load' 'sof_1_load' <Predicate = (!exitcond)> <Delay = 0.00>
ST_5 : Operation 45 [1/1] (0.28ns)   --->   "%brmerge = or i1 %sof_1_load, %eol" [/proj/gsd/vivado/Vivado/2018.2/common/technology/autopilot/hls/hls_video_io.h:76]   --->   Operation 45 'or' 'brmerge' <Predicate = (!exitcond)> <Delay = 0.28> <Core = "LogicGate">   --->   Core 27 'LogicGate' <Latency = 0> <II = 1> <Delay = 0.28> <FuncUnit> <Opcode : 'and' 'or' 'xor'> <InPorts = 2> <OutPorts = 1>
ST_5 : Operation 46 [2/2] (0.00ns)   --->   "%empty_34 = call { i32, i4, i4, i1, i1, i1, i1 } @_ssdm_op_Read.axis.volatile.i32P.i4P.i4P.i1P.i1P.i1P.i1P(i32* %AXI_video_strm_V_data_V, i4* %AXI_video_strm_V_keep_V, i4* %AXI_video_strm_V_strb_V, i1* %AXI_video_strm_V_user_V, i1* %AXI_video_strm_V_last_V, i1* %AXI_video_strm_V_id_V, i1* %AXI_video_strm_V_dest_V)" [/proj/gsd/vivado/Vivado/2018.2/common/technology/autopilot/hls/hls_video_io.h:81]   --->   Operation 46 'read' 'empty_34' <Predicate = (!exitcond & !brmerge)> <Delay = 0.00> <Core = "AXI4Stream">   --->   Core 5 'AXI4Stream' <Latency = 0> <II = 1> <Delay = 1.00> <Adapter> <Opcode : >
ST_5 : Operation 47 [1/1] (0.65ns)   --->   "store i1 false, i1* %sof_1"   --->   Operation 47 'store' <Predicate = (!exitcond)> <Delay = 0.65>

State 6 <SV = 5> <Delay = 2.49>
ST_6 : Operation 48 [1/1] (0.00ns)   --->   "%eol_1 = phi i1 [ %axi_last_V1, %1 ], [ %axi_last_V_2, %._crit_edge ]" [/proj/gsd/vivado/Vivado/2018.2/common/technology/autopilot/hls/hls_video_io.h:100]   --->   Operation 48 'phi' 'eol_1' <Predicate = true> <Delay = 0.00>
ST_6 : Operation 49 [1/1] (0.00ns)   --->   "%axi_data_V_1 = phi i32 [ %axi_data_V1, %1 ], [ %p_Val2_s, %._crit_edge ]"   --->   Operation 49 'phi' 'axi_data_V_1' <Predicate = true> <Delay = 0.00>
ST_6 : Operation 50 [1/1] (0.00ns)   --->   "call void (...)* @_ssdm_op_SpecLoopTripCount(i64 1080, i64 1080, i64 1080)"   --->   Operation 50 'speclooptripcount' <Predicate = true> <Delay = 0.00>
ST_6 : Operation 51 [1/1] (0.00ns)   --->   "br i1 %exitcond, label %.preheader.preheader, label %3" [/proj/gsd/vivado/Vivado/2018.2/common/technology/autopilot/hls/hls_video_io.h:73]   --->   Operation 51 'br' <Predicate = true> <Delay = 0.00>
ST_6 : Operation 52 [1/1] (0.00ns)   --->   "call void (...)* @_ssdm_op_SpecLoopName([11 x i8]* @p_str18) nounwind" [/proj/gsd/vivado/Vivado/2018.2/common/technology/autopilot/hls/hls_video_io.h:73]   --->   Operation 52 'specloopname' <Predicate = (!exitcond)> <Delay = 0.00>
ST_6 : Operation 53 [1/1] (0.00ns)   --->   "%tmp_1 = call i32 (...)* @_ssdm_op_SpecRegionBegin([11 x i8]* @p_str18)" [/proj/gsd/vivado/Vivado/2018.2/common/technology/autopilot/hls/hls_video_io.h:73]   --->   Operation 53 'specregionbegin' 'tmp_1' <Predicate = (!exitcond)> <Delay = 0.00>
ST_6 : Operation 54 [1/1] (0.00ns)   --->   "call void (...)* @_ssdm_op_SpecPipeline(i32 1, i32 1, i32 1, i32 0, [1 x i8]* @p_str4) nounwind" [/proj/gsd/vivado/Vivado/2018.2/common/technology/autopilot/hls/hls_video_io.h:75]   --->   Operation 54 'specpipeline' <Predicate = (!exitcond)> <Delay = 0.00>
ST_6 : Operation 55 [1/1] (0.65ns)   --->   "br i1 %brmerge, label %._crit_edge, label %4" [/proj/gsd/vivado/Vivado/2018.2/common/technology/autopilot/hls/hls_video_io.h:76]   --->   Operation 55 'br' <Predicate = (!exitcond)> <Delay = 0.65>
ST_6 : Operation 56 [1/2] (0.00ns)   --->   "%empty_34 = call { i32, i4, i4, i1, i1, i1, i1 } @_ssdm_op_Read.axis.volatile.i32P.i4P.i4P.i1P.i1P.i1P.i1P(i32* %AXI_video_strm_V_data_V, i4* %AXI_video_strm_V_keep_V, i4* %AXI_video_strm_V_strb_V, i1* %AXI_video_strm_V_user_V, i1* %AXI_video_strm_V_last_V, i1* %AXI_video_strm_V_id_V, i1* %AXI_video_strm_V_dest_V)" [/proj/gsd/vivado/Vivado/2018.2/common/technology/autopilot/hls/hls_video_io.h:81]   --->   Operation 56 'read' 'empty_34' <Predicate = (!exitcond & !brmerge)> <Delay = 0.00> <Core = "AXI4Stream">   --->   Core 5 'AXI4Stream' <Latency = 0> <II = 1> <Delay = 1.00> <Adapter> <Opcode : >
ST_6 : Operation 57 [1/1] (0.00ns)   --->   "%tmp_data_V_1 = extractvalue { i32, i4, i4, i1, i1, i1, i1 } %empty_34, 0" [/proj/gsd/vivado/Vivado/2018.2/common/technology/autopilot/hls/hls_video_io.h:81]   --->   Operation 57 'extractvalue' 'tmp_data_V_1' <Predicate = (!exitcond & !brmerge)> <Delay = 0.00>
ST_6 : Operation 58 [1/1] (0.00ns)   --->   "%tmp_last_V_1 = extractvalue { i32, i4, i4, i1, i1, i1, i1 } %empty_34, 4" [/proj/gsd/vivado/Vivado/2018.2/common/technology/autopilot/hls/hls_video_io.h:81]   --->   Operation 58 'extractvalue' 'tmp_last_V_1' <Predicate = (!exitcond & !brmerge)> <Delay = 0.00>
ST_6 : Operation 59 [1/1] (0.65ns)   --->   "br label %._crit_edge"   --->   Operation 59 'br' <Predicate = (!exitcond & !brmerge)> <Delay = 0.65>
ST_6 : Operation 60 [1/1] (0.00ns)   --->   "%axi_last_V_2 = phi i1 [ %tmp_last_V_1, %4 ], [ %eol_1, %3 ]"   --->   Operation 60 'phi' 'axi_last_V_2' <Predicate = (!exitcond)> <Delay = 0.00>
ST_6 : Operation 61 [1/1] (0.00ns)   --->   "%p_Val2_s = phi i32 [ %tmp_data_V_1, %4 ], [ %axi_data_V_1, %3 ]"   --->   Operation 61 'phi' 'p_Val2_s' <Predicate = (!exitcond)> <Delay = 0.00>
ST_6 : Operation 62 [1/1] (0.00ns)   --->   "%tmp_15 = trunc i32 %p_Val2_s to i8" [/proj/gsd/vivado/Vivado/2018.2/common/technology/autopilot/hls/hls_axi_io.h:49->/proj/gsd/vivado/Vivado/2018.2/common/technology/autopilot/hls/hls_axi_io.h:71->/proj/gsd/vivado/Vivado/2018.2/common/technology/autopilot/hls/hls_video_io.h:92]   --->   Operation 62 'trunc' 'tmp_15' <Predicate = (!exitcond)> <Delay = 0.00>
ST_6 : Operation 63 [1/1] (0.00ns)   --->   "%tmp_4 = call i8 @_ssdm_op_PartSelect.i8.i32.i32.i32(i32 %p_Val2_s, i32 8, i32 15)" [/proj/gsd/vivado/Vivado/2018.2/common/technology/autopilot/hls/hls_axi_io.h:49->/proj/gsd/vivado/Vivado/2018.2/common/technology/autopilot/hls/hls_axi_io.h:71->/proj/gsd/vivado/Vivado/2018.2/common/technology/autopilot/hls/hls_video_io.h:92]   --->   Operation 63 'partselect' 'tmp_4' <Predicate = (!exitcond)> <Delay = 0.00>
ST_6 : Operation 64 [1/1] (0.00ns)   --->   "%tmp_5 = call i8 @_ssdm_op_PartSelect.i8.i32.i32.i32(i32 %p_Val2_s, i32 16, i32 23)" [/proj/gsd/vivado/Vivado/2018.2/common/technology/autopilot/hls/hls_axi_io.h:49->/proj/gsd/vivado/Vivado/2018.2/common/technology/autopilot/hls/hls_axi_io.h:71->/proj/gsd/vivado/Vivado/2018.2/common/technology/autopilot/hls/hls_video_io.h:92]   --->   Operation 64 'partselect' 'tmp_5' <Predicate = (!exitcond)> <Delay = 0.00>
ST_6 : Operation 65 [1/1] (0.00ns)   --->   "%tmp_6 = call i32 (...)* @_ssdm_op_SpecRegionBegin([12 x i8]* @p_str8)" [/proj/gsd/vivado/Vivado/2018.2/common/technology/autopilot/hls/hls_video_core.h:641->/proj/gsd/vivado/Vivado/2018.2/common/technology/autopilot/hls/hls_video_core.h:662->/proj/gsd/vivado/Vivado/2018.2/common/technology/autopilot/hls/hls_video_io.h:94]   --->   Operation 65 'specregionbegin' 'tmp_6' <Predicate = (!exitcond)> <Delay = 0.00>
ST_6 : Operation 66 [1/1] (0.00ns)   --->   "call void (...)* @_ssdm_op_SpecProtocol(i32 0, [1 x i8]* @p_str4) nounwind" [/proj/gsd/vivado/Vivado/2018.2/common/technology/autopilot/hls/hls_video_core.h:645->/proj/gsd/vivado/Vivado/2018.2/common/technology/autopilot/hls/hls_video_core.h:662->/proj/gsd/vivado/Vivado/2018.2/common/technology/autopilot/hls/hls_video_io.h:94]   --->   Operation 66 'specprotocol' <Predicate = (!exitcond)> <Delay = 0.00>
ST_6 : Operation 67 [1/1] (1.83ns)   --->   "call void @_ssdm_op_Write.ap_fifo.volatile.i8P(i8* %img_data_stream_0_V, i8 %tmp_15)" [/proj/gsd/vivado/Vivado/2018.2/common/technology/autopilot/hls/hls_video_core.h:648->/proj/gsd/vivado/Vivado/2018.2/common/technology/autopilot/hls/hls_video_core.h:662->/proj/gsd/vivado/Vivado/2018.2/common/technology/autopilot/hls/hls_video_io.h:94]   --->   Operation 67 'write' <Predicate = (!exitcond)> <Delay = 1.83> <Core = "FIFO">   --->   Core 32 'FIFO' <Latency = 0> <II = 1> <Delay = 1.83> <Storage> <Opcode : 'read' 'write' 'nbread' 'nbwrite'> <Ports = 0> <Width = 8> <Depth = 2> <FIFO>
ST_6 : Operation 68 [1/1] (1.83ns)   --->   "call void @_ssdm_op_Write.ap_fifo.volatile.i8P(i8* %img_data_stream_1_V, i8 %tmp_4)" [/proj/gsd/vivado/Vivado/2018.2/common/technology/autopilot/hls/hls_video_core.h:648->/proj/gsd/vivado/Vivado/2018.2/common/technology/autopilot/hls/hls_video_core.h:662->/proj/gsd/vivado/Vivado/2018.2/common/technology/autopilot/hls/hls_video_io.h:94]   --->   Operation 68 'write' <Predicate = (!exitcond)> <Delay = 1.83> <Core = "FIFO">   --->   Core 32 'FIFO' <Latency = 0> <II = 1> <Delay = 1.83> <Storage> <Opcode : 'read' 'write' 'nbread' 'nbwrite'> <Ports = 0> <Width = 8> <Depth = 2> <FIFO>
ST_6 : Operation 69 [1/1] (1.83ns)   --->   "call void @_ssdm_op_Write.ap_fifo.volatile.i8P(i8* %img_data_stream_2_V, i8 %tmp_5)" [/proj/gsd/vivado/Vivado/2018.2/common/technology/autopilot/hls/hls_video_core.h:648->/proj/gsd/vivado/Vivado/2018.2/common/technology/autopilot/hls/hls_video_core.h:662->/proj/gsd/vivado/Vivado/2018.2/common/technology/autopilot/hls/hls_video_io.h:94]   --->   Operation 69 'write' <Predicate = (!exitcond)> <Delay = 1.83> <Core = "FIFO">   --->   Core 32 'FIFO' <Latency = 0> <II = 1> <Delay = 1.83> <Storage> <Opcode : 'read' 'write' 'nbread' 'nbwrite'> <Ports = 0> <Width = 8> <Depth = 2> <FIFO>
ST_6 : Operation 70 [1/1] (0.00ns)   --->   "%empty_35 = call i32 (...)* @_ssdm_op_SpecRegionEnd([12 x i8]* @p_str8, i32 %tmp_6)" [/proj/gsd/vivado/Vivado/2018.2/common/technology/autopilot/hls/hls_video_core.h:650->/proj/gsd/vivado/Vivado/2018.2/common/technology/autopilot/hls/hls_video_core.h:662->/proj/gsd/vivado/Vivado/2018.2/common/technology/autopilot/hls/hls_video_io.h:94]   --->   Operation 70 'specregionend' 'empty_35' <Predicate = (!exitcond)> <Delay = 0.00>
ST_6 : Operation 71 [1/1] (0.00ns)   --->   "%empty_36 = call i32 (...)* @_ssdm_op_SpecRegionEnd([11 x i8]* @p_str18, i32 %tmp_1)" [/proj/gsd/vivado/Vivado/2018.2/common/technology/autopilot/hls/hls_video_io.h:95]   --->   Operation 71 'specregionend' 'empty_36' <Predicate = (!exitcond)> <Delay = 0.00>
ST_6 : Operation 72 [1/1] (0.00ns)   --->   "br label %2" [/proj/gsd/vivado/Vivado/2018.2/common/technology/autopilot/hls/hls_video_io.h:73]   --->   Operation 72 'br' <Predicate = (!exitcond)> <Delay = 0.00>

State 7 <SV = 6> <Delay = 0.65>
ST_7 : Operation 73 [1/1] (0.65ns)   --->   "br label %.preheader" [/proj/gsd/vivado/Vivado/2018.2/common/technology/autopilot/hls/hls_video_io.h:96]   --->   Operation 73 'br' <Predicate = true> <Delay = 0.65>

State 8 <SV = 7> <Delay = 0.28>
ST_8 : Operation 74 [1/1] (0.00ns)   --->   "%eol_2 = phi i1 [ %tmp_last_V_2, %5 ], [ %eol, %.preheader.preheader ]"   --->   Operation 74 'phi' 'eol_2' <Predicate = true> <Delay = 0.00>
ST_8 : Operation 75 [2/2] (0.00ns)   --->   "%empty_37 = call { i32, i4, i4, i1, i1, i1, i1 } @_ssdm_op_Read.axis.volatile.i32P.i4P.i4P.i1P.i1P.i1P.i1P(i32* %AXI_video_strm_V_data_V, i4* %AXI_video_strm_V_keep_V, i4* %AXI_video_strm_V_strb_V, i1* %AXI_video_strm_V_user_V, i1* %AXI_video_strm_V_last_V, i1* %AXI_video_strm_V_id_V, i1* %AXI_video_strm_V_dest_V)" [/proj/gsd/vivado/Vivado/2018.2/common/technology/autopilot/hls/hls_video_io.h:100]   --->   Operation 75 'read' 'empty_37' <Predicate = (!eol_2)> <Delay = 0.00> <Core = "AXI4Stream">   --->   Core 5 'AXI4Stream' <Latency = 0> <II = 1> <Delay = 1.00> <Adapter> <Opcode : >

State 9 <SV = 8> <Delay = 0.00>
ST_9 : Operation 76 [1/1] (0.00ns)   --->   "%axi_last_V_3 = phi i1 [ %tmp_last_V_2, %5 ], [ %eol_1, %.preheader.preheader ]"   --->   Operation 76 'phi' 'axi_last_V_3' <Predicate = true> <Delay = 0.00>
ST_9 : Operation 77 [1/1] (0.00ns)   --->   "%axi_data_V_3 = phi i32 [ %tmp_data_V_2, %5 ], [ %axi_data_V_1, %.preheader.preheader ]"   --->   Operation 77 'phi' 'axi_data_V_3' <Predicate = true> <Delay = 0.00>
ST_9 : Operation 78 [1/1] (0.00ns)   --->   "br i1 %eol_2, label %6, label %5" [/proj/gsd/vivado/Vivado/2018.2/common/technology/autopilot/hls/hls_video_io.h:96]   --->   Operation 78 'br' <Predicate = true> <Delay = 0.00>
ST_9 : Operation 79 [1/1] (0.00ns)   --->   "call void (...)* @_ssdm_op_SpecLoopName([18 x i8]* @p_str23) nounwind" [/proj/gsd/vivado/Vivado/2018.2/common/technology/autopilot/hls/hls_video_io.h:96]   --->   Operation 79 'specloopname' <Predicate = (!eol_2)> <Delay = 0.00>
ST_9 : Operation 80 [1/1] (0.00ns)   --->   "%tmp_2 = call i32 (...)* @_ssdm_op_SpecRegionBegin([18 x i8]* @p_str23)" [/proj/gsd/vivado/Vivado/2018.2/common/technology/autopilot/hls/hls_video_io.h:96]   --->   Operation 80 'specregionbegin' 'tmp_2' <Predicate = (!eol_2)> <Delay = 0.00>
ST_9 : Operation 81 [1/1] (0.00ns)   --->   "call void (...)* @_ssdm_op_SpecPipeline(i32 1, i32 1, i32 1, i32 0, [1 x i8]* @p_str4) nounwind" [/proj/gsd/vivado/Vivado/2018.2/common/technology/autopilot/hls/hls_video_io.h:97]   --->   Operation 81 'specpipeline' <Predicate = (!eol_2)> <Delay = 0.00>
ST_9 : Operation 82 [1/1] (0.00ns)   --->   "call void (...)* @_ssdm_op_SpecLoopTripCount(i32 0, i32 0, i32 0, [1 x i8]* @p_str4) nounwind" [/proj/gsd/vivado/Vivado/2018.2/common/technology/autopilot/hls/hls_video_io.h:98]   --->   Operation 82 'speclooptripcount' <Predicate = (!eol_2)> <Delay = 0.00>
ST_9 : Operation 83 [1/2] (0.00ns)   --->   "%empty_37 = call { i32, i4, i4, i1, i1, i1, i1 } @_ssdm_op_Read.axis.volatile.i32P.i4P.i4P.i1P.i1P.i1P.i1P(i32* %AXI_video_strm_V_data_V, i4* %AXI_video_strm_V_keep_V, i4* %AXI_video_strm_V_strb_V, i1* %AXI_video_strm_V_user_V, i1* %AXI_video_strm_V_last_V, i1* %AXI_video_strm_V_id_V, i1* %AXI_video_strm_V_dest_V)" [/proj/gsd/vivado/Vivado/2018.2/common/technology/autopilot/hls/hls_video_io.h:100]   --->   Operation 83 'read' 'empty_37' <Predicate = (!eol_2)> <Delay = 0.00> <Core = "AXI4Stream">   --->   Core 5 'AXI4Stream' <Latency = 0> <II = 1> <Delay = 1.00> <Adapter> <Opcode : >
ST_9 : Operation 84 [1/1] (0.00ns)   --->   "%tmp_data_V_2 = extractvalue { i32, i4, i4, i1, i1, i1, i1 } %empty_37, 0" [/proj/gsd/vivado/Vivado/2018.2/common/technology/autopilot/hls/hls_video_io.h:100]   --->   Operation 84 'extractvalue' 'tmp_data_V_2' <Predicate = (!eol_2)> <Delay = 0.00>
ST_9 : Operation 85 [1/1] (0.00ns)   --->   "%tmp_last_V_2 = extractvalue { i32, i4, i4, i1, i1, i1, i1 } %empty_37, 4" [/proj/gsd/vivado/Vivado/2018.2/common/technology/autopilot/hls/hls_video_io.h:100]   --->   Operation 85 'extractvalue' 'tmp_last_V_2' <Predicate = (!eol_2)> <Delay = 0.00>
ST_9 : Operation 86 [1/1] (0.00ns)   --->   "%empty_38 = call i32 (...)* @_ssdm_op_SpecRegionEnd([18 x i8]* @p_str23, i32 %tmp_2)" [/proj/gsd/vivado/Vivado/2018.2/common/technology/autopilot/hls/hls_video_io.h:103]   --->   Operation 86 'specregionend' 'empty_38' <Predicate = (!eol_2)> <Delay = 0.00>
ST_9 : Operation 87 [1/1] (0.00ns)   --->   "br label %.preheader" [/proj/gsd/vivado/Vivado/2018.2/common/technology/autopilot/hls/hls_video_io.h:103]   --->   Operation 87 'br' <Predicate = (!eol_2)> <Delay = 0.00>

State 10 <SV = 9> <Delay = 0.00>
ST_10 : Operation 88 [1/1] (0.00ns)   --->   "%empty_39 = call i32 (...)* @_ssdm_op_SpecRegionEnd([12 x i8]* @p_str17, i32 %tmp_s)" [/proj/gsd/vivado/Vivado/2018.2/common/technology/autopilot/hls/hls_video_io.h:104]   --->   Operation 88 'specregionend' 'empty_39' <Predicate = true> <Delay = 0.00>
ST_10 : Operation 89 [1/1] (0.00ns)   --->   "br label %.preheader186" [/proj/gsd/vivado/Vivado/2018.2/common/technology/autopilot/hls/hls_video_io.h:71]   --->   Operation 89 'br' <Predicate = true> <Delay = 0.00>


============================================================
+ Verbose Summary: Binding
============================================================
STG Binding: 
---------------- STG Properties BEGIN ----------------
- Is combinational: 0
- Is one-state seq: 0
- Is datapath-only: 0
- Is pipelined: 0
- Is top level: 0
Port [ Return ] is wired: 1; IO mode=ap_ctrl_hs:ce=0
Port [ AXI_video_strm_V_data_V]:  wired=1; compound=1; hidden=0; nouse=0; global=0; static=0; extern=0; dir=0; type=0; pingpong=0; private_global=0; IO mode=axis:ce=0
Port [ AXI_video_strm_V_keep_V]:  wired=1; compound=1; hidden=0; nouse=0; global=0; static=0; extern=0; dir=0; type=0; pingpong=0; private_global=0; IO mode=axis:ce=0
Port [ AXI_video_strm_V_strb_V]:  wired=1; compound=1; hidden=0; nouse=0; global=0; static=0; extern=0; dir=0; type=0; pingpong=0; private_global=0; IO mode=axis:ce=0
Port [ AXI_video_strm_V_user_V]:  wired=1; compound=1; hidden=0; nouse=0; global=0; static=0; extern=0; dir=0; type=0; pingpong=0; private_global=0; IO mode=axis:ce=0
Port [ AXI_video_strm_V_last_V]:  wired=1; compound=1; hidden=0; nouse=0; global=0; static=0; extern=0; dir=0; type=0; pingpong=0; private_global=0; IO mode=axis:ce=0
Port [ AXI_video_strm_V_id_V]:  wired=1; compound=1; hidden=0; nouse=0; global=0; static=0; extern=0; dir=0; type=0; pingpong=0; private_global=0; IO mode=axis:ce=0
Port [ AXI_video_strm_V_dest_V]:  wired=1; compound=1; hidden=0; nouse=0; global=0; static=0; extern=0; dir=0; type=0; pingpong=0; private_global=0; IO mode=axis:ce=0
Port [ img_data_stream_0_V]:  wired=1; compound=1; hidden=0; nouse=0; global=0; static=0; extern=0; dir=1; type=3; pingpong=0; private_global=0; IO mode=ap_fifo:ce=0
Port [ img_data_stream_1_V]:  wired=1; compound=1; hidden=0; nouse=0; global=0; static=0; extern=0; dir=1; type=3; pingpong=0; private_global=0; IO mode=ap_fifo:ce=0
Port [ img_data_stream_2_V]:  wired=1; compound=1; hidden=0; nouse=0; global=0; static=0; extern=0; dir=1; type=3; pingpong=0; private_global=0; IO mode=ap_fifo:ce=0
---------------- STG Properties END ------------------

---------------- Datapath Model BEGIN ----------------

<LifeTime>
<method=bitvector/>
StgValue_11  (specinterface    ) [ 00000000000]
StgValue_12  (specinterface    ) [ 00000000000]
StgValue_13  (specinterface    ) [ 00000000000]
StgValue_14  (specinterface    ) [ 00000000000]
StgValue_15  (br               ) [ 00000000000]
StgValue_16  (specloopname     ) [ 00000000000]
tmp          (specregionbegin  ) [ 00000000000]
StgValue_18  (specpipeline     ) [ 00000000000]
StgValue_19  (speclooptripcount) [ 00000000000]
empty        (read             ) [ 00000000000]
tmp_data_V   (extractvalue     ) [ 00011111111]
tmp_user_V   (extractvalue     ) [ 00100000000]
tmp_last_V   (extractvalue     ) [ 00011111111]
empty_33     (specregionend    ) [ 00000000000]
StgValue_25  (br               ) [ 00000000000]
sof_1        (alloca           ) [ 00011111111]
StgValue_27  (store            ) [ 00000000000]
StgValue_28  (br               ) [ 00011111111]
axi_last_V1  (phi              ) [ 00001110000]
axi_data_V1  (phi              ) [ 00001110000]
t_V          (phi              ) [ 00001000000]
exitcond2    (icmp             ) [ 00001111111]
StgValue_33  (speclooptripcount) [ 00000000000]
i_V          (add              ) [ 00011111111]
StgValue_35  (br               ) [ 00000000000]
StgValue_36  (specloopname     ) [ 00000000000]
tmp_s        (specregionbegin  ) [ 00000111111]
StgValue_38  (br               ) [ 00001111111]
StgValue_39  (ret              ) [ 00000000000]
t_V_2        (phi              ) [ 00000100000]
eol          (phi              ) [ 00000101110]
exitcond     (icmp             ) [ 00001111111]
j_V          (add              ) [ 00001111111]
sof_1_load   (load             ) [ 00000000000]
brmerge      (or               ) [ 00001111111]
StgValue_47  (store            ) [ 00000000000]
eol_1        (phi              ) [ 00000111110]
axi_data_V_1 (phi              ) [ 00000111110]
StgValue_50  (speclooptripcount) [ 00000000000]
StgValue_51  (br               ) [ 00000000000]
StgValue_52  (specloopname     ) [ 00000000000]
tmp_1        (specregionbegin  ) [ 00000000000]
StgValue_54  (specpipeline     ) [ 00000000000]
StgValue_55  (br               ) [ 00000000000]
empty_34     (read             ) [ 00000000000]
tmp_data_V_1 (extractvalue     ) [ 00000000000]
tmp_last_V_1 (extractvalue     ) [ 00000000000]
StgValue_59  (br               ) [ 00000000000]
axi_last_V_2 (phi              ) [ 00001111111]
p_Val2_s     (phi              ) [ 00001111111]
tmp_15       (trunc            ) [ 00000000000]
tmp_4        (partselect       ) [ 00000000000]
tmp_5        (partselect       ) [ 00000000000]
tmp_6        (specregionbegin  ) [ 00000000000]
StgValue_66  (specprotocol     ) [ 00000000000]
StgValue_67  (write            ) [ 00000000000]
StgValue_68  (write            ) [ 00000000000]
StgValue_69  (write            ) [ 00000000000]
empty_35     (specregionend    ) [ 00000000000]
empty_36     (specregionend    ) [ 00000000000]
StgValue_72  (br               ) [ 00001111111]
StgValue_73  (br               ) [ 00001111111]
eol_2        (phi              ) [ 00000000110]
axi_last_V_3 (phi              ) [ 00011000111]
axi_data_V_3 (phi              ) [ 00011000111]
StgValue_78  (br               ) [ 00000000000]
StgValue_79  (specloopname     ) [ 00000000000]
tmp_2        (specregionbegin  ) [ 00000000000]
StgValue_81  (specpipeline     ) [ 00000000000]
StgValue_82  (speclooptripcount) [ 00000000000]
empty_37     (read             ) [ 00000000000]
tmp_data_V_2 (extractvalue     ) [ 00001111111]
tmp_last_V_2 (extractvalue     ) [ 00001111111]
empty_38     (specregionend    ) [ 00000000000]
StgValue_87  (br               ) [ 00001111111]
empty_39     (specregionend    ) [ 00000000000]
StgValue_89  (br               ) [ 00011111111]
</LifeTime>

<model>

<comp_list>
<comp id="0" class="1000" name="AXI_video_strm_V_data_V">
<pin_list>
<pin id="1" dir="1" index="0" bw="1" slack="0"/>
</pin_list>
<bind>
<StgValue><ssdm name="AXI_video_strm_V_data_V"/></StgValue>
</bind>
</comp>

<comp id="2" class="1000" name="AXI_video_strm_V_keep_V">
<pin_list>
<pin id="3" dir="1" index="0" bw="1" slack="0"/>
</pin_list>
<bind>
<StgValue><ssdm name="AXI_video_strm_V_keep_V"/></StgValue>
</bind>
</comp>

<comp id="4" class="1000" name="AXI_video_strm_V_strb_V">
<pin_list>
<pin id="5" dir="1" index="0" bw="1" slack="0"/>
</pin_list>
<bind>
<StgValue><ssdm name="AXI_video_strm_V_strb_V"/></StgValue>
</bind>
</comp>

<comp id="6" class="1000" name="AXI_video_strm_V_user_V">
<pin_list>
<pin id="7" dir="1" index="0" bw="1" slack="0"/>
</pin_list>
<bind>
<StgValue><ssdm name="AXI_video_strm_V_user_V"/></StgValue>
</bind>
</comp>

<comp id="8" class="1000" name="AXI_video_strm_V_last_V">
<pin_list>
<pin id="9" dir="1" index="0" bw="1" slack="0"/>
</pin_list>
<bind>
<StgValue><ssdm name="AXI_video_strm_V_last_V"/></StgValue>
</bind>
</comp>

<comp id="10" class="1000" name="AXI_video_strm_V_id_V">
<pin_list>
<pin id="11" dir="1" index="0" bw="1" slack="0"/>
</pin_list>
<bind>
<StgValue><ssdm name="AXI_video_strm_V_id_V"/></StgValue>
</bind>
</comp>

<comp id="12" class="1000" name="AXI_video_strm_V_dest_V">
<pin_list>
<pin id="13" dir="1" index="0" bw="1" slack="0"/>
</pin_list>
<bind>
<StgValue><ssdm name="AXI_video_strm_V_dest_V"/></StgValue>
</bind>
</comp>

<comp id="14" class="1000" name="img_data_stream_0_V">
<pin_list>
<pin id="15" dir="1" index="0" bw="1" slack="0"/>
</pin_list>
<bind>
<StgValue><ssdm name="img_data_stream_0_V"/></StgValue>
</bind>
</comp>

<comp id="16" class="1000" name="img_data_stream_1_V">
<pin_list>
<pin id="17" dir="1" index="0" bw="1" slack="0"/>
</pin_list>
<bind>
<StgValue><ssdm name="img_data_stream_1_V"/></StgValue>
</bind>
</comp>

<comp id="18" class="1000" name="img_data_stream_2_V">
<pin_list>
<pin id="19" dir="1" index="0" bw="1" slack="0"/>
</pin_list>
<bind>
<StgValue><ssdm name="img_data_stream_2_V"/></StgValue>
</bind>
</comp>

<comp id="20" class="1001" name="const_20">
<pin_list>
<pin id="21" dir="1" index="0" bw="1" slack="2147483647"/>
</pin_list>
<bind>
<StgValue><ssdm name="_ssdm_op_SpecInterface"/></StgValue>
</bind>
</comp>

<comp id="22" class="1001" name="const_22">
<pin_list>
<pin id="23" dir="1" index="0" bw="1" slack="2147483647"/>
</pin_list>
<bind>
<StgValue><ssdm name="ap_fifo_str"/></StgValue>
</bind>
</comp>

<comp id="24" class="1001" name="const_24">
<pin_list>
<pin id="25" dir="1" index="0" bw="1" slack="2147483647"/>
</pin_list>
<bind>
<StgValue><ssdm name=""/></StgValue>
</bind>
</comp>

<comp id="26" class="1001" name="const_26">
<pin_list>
<pin id="27" dir="1" index="0" bw="1" slack="2147483647"/>
</pin_list>
<bind>
<StgValue><ssdm name="p_str54"/></StgValue>
</bind>
</comp>

<comp id="28" class="1001" name="const_28">
<pin_list>
<pin id="29" dir="1" index="0" bw="1" slack="2147483647"/>
</pin_list>
<bind>
<StgValue><ssdm name="p_str55"/></StgValue>
</bind>
</comp>

<comp id="30" class="1001" name="const_30">
<pin_list>
<pin id="31" dir="1" index="0" bw="1" slack="2147483647"/>
</pin_list>
<bind>
<StgValue><ssdm name="p_str56"/></StgValue>
</bind>
</comp>

<comp id="32" class="1001" name="const_32">
<pin_list>
<pin id="33" dir="1" index="0" bw="1" slack="2147483647"/>
</pin_list>
<bind>
<StgValue><ssdm name="p_str57"/></StgValue>
</bind>
</comp>

<comp id="34" class="1001" name="const_34">
<pin_list>
<pin id="35" dir="1" index="0" bw="1" slack="2147483647"/>
</pin_list>
<bind>
<StgValue><ssdm name=""/></StgValue>
</bind>
</comp>

<comp id="36" class="1001" name="const_36">
<pin_list>
<pin id="37" dir="1" index="0" bw="1" slack="0"/>
</pin_list>
<bind>
<StgValue><ssdm name=""/></StgValue>
</bind>
</comp>

<comp id="38" class="1001" name="const_38">
<pin_list>
<pin id="39" dir="1" index="0" bw="1" slack="2147483647"/>
</pin_list>
<bind>
<StgValue><ssdm name="p_str58"/></StgValue>
</bind>
</comp>

<comp id="40" class="1001" name="const_40">
<pin_list>
<pin id="41" dir="1" index="0" bw="1" slack="2147483647"/>
</pin_list>
<bind>
<StgValue><ssdm name="p_str59"/></StgValue>
</bind>
</comp>

<comp id="42" class="1001" name="const_42">
<pin_list>
<pin id="43" dir="1" index="0" bw="1" slack="2147483647"/>
</pin_list>
<bind>
<StgValue><ssdm name="p_str47"/></StgValue>
</bind>
</comp>

<comp id="44" class="1001" name="const_44">
<pin_list>
<pin id="45" dir="1" index="0" bw="1" slack="2147483647"/>
</pin_list>
<bind>
<StgValue><ssdm name="p_str48"/></StgValue>
</bind>
</comp>

<comp id="46" class="1001" name="const_46">
<pin_list>
<pin id="47" dir="1" index="0" bw="1" slack="2147483647"/>
</pin_list>
<bind>
<StgValue><ssdm name="p_str49"/></StgValue>
</bind>
</comp>

<comp id="48" class="1001" name="const_48">
<pin_list>
<pin id="49" dir="1" index="0" bw="1" slack="2147483647"/>
</pin_list>
<bind>
<StgValue><ssdm name="p_str50"/></StgValue>
</bind>
</comp>

<comp id="50" class="1001" name="const_50">
<pin_list>
<pin id="51" dir="1" index="0" bw="1" slack="2147483647"/>
</pin_list>
<bind>
<StgValue><ssdm name="p_str51"/></StgValue>
</bind>
</comp>

<comp id="52" class="1001" name="const_52">
<pin_list>
<pin id="53" dir="1" index="0" bw="1" slack="2147483647"/>
</pin_list>
<bind>
<StgValue><ssdm name="p_str52"/></StgValue>
</bind>
</comp>

<comp id="54" class="1001" name="const_54">
<pin_list>
<pin id="55" dir="1" index="0" bw="1" slack="2147483647"/>
</pin_list>
<bind>
<StgValue><ssdm name="p_str40"/></StgValue>
</bind>
</comp>

<comp id="56" class="1001" name="const_56">
<pin_list>
<pin id="57" dir="1" index="0" bw="1" slack="2147483647"/>
</pin_list>
<bind>
<StgValue><ssdm name="p_str41"/></StgValue>
</bind>
</comp>

<comp id="58" class="1001" name="const_58">
<pin_list>
<pin id="59" dir="1" index="0" bw="1" slack="2147483647"/>
</pin_list>
<bind>
<StgValue><ssdm name="p_str42"/></StgValue>
</bind>
</comp>

<comp id="60" class="1001" name="const_60">
<pin_list>
<pin id="61" dir="1" index="0" bw="1" slack="2147483647"/>
</pin_list>
<bind>
<StgValue><ssdm name="p_str43"/></StgValue>
</bind>
</comp>

<comp id="62" class="1001" name="const_62">
<pin_list>
<pin id="63" dir="1" index="0" bw="1" slack="2147483647"/>
</pin_list>
<bind>
<StgValue><ssdm name="p_str44"/></StgValue>
</bind>
</comp>

<comp id="64" class="1001" name="const_64">
<pin_list>
<pin id="65" dir="1" index="0" bw="1" slack="2147483647"/>
</pin_list>
<bind>
<StgValue><ssdm name="p_str45"/></StgValue>
</bind>
</comp>

<comp id="66" class="1001" name="const_66">
<pin_list>
<pin id="67" dir="1" index="0" bw="1" slack="2147483647"/>
</pin_list>
<bind>
<StgValue><ssdm name="p_str"/></StgValue>
</bind>
</comp>

<comp id="68" class="1001" name="const_68">
<pin_list>
<pin id="69" dir="1" index="0" bw="1" slack="0"/>
</pin_list>
<bind>
<StgValue><ssdm name=""/></StgValue>
</bind>
</comp>

<comp id="70" class="1001" name="const_70">
<pin_list>
<pin id="71" dir="1" index="0" bw="1" slack="2147483647"/>
</pin_list>
<bind>
<StgValue><ssdm name="p_str2"/></StgValue>
</bind>
</comp>

<comp id="72" class="1001" name="const_72">
<pin_list>
<pin id="73" dir="1" index="0" bw="1" slack="2147483647"/>
</pin_list>
<bind>
<StgValue><ssdm name="p_str3"/></StgValue>
</bind>
</comp>

<comp id="74" class="1001" name="const_74">
<pin_list>
<pin id="75" dir="1" index="0" bw="1" slack="2147483647"/>
</pin_list>
<bind>
<StgValue><ssdm name="p_str4"/></StgValue>
</bind>
</comp>

<comp id="76" class="1001" name="const_76">
<pin_list>
<pin id="77" dir="1" index="0" bw="1" slack="2147483647"/>
</pin_list>
<bind>
<StgValue><ssdm name="_ssdm_op_SpecLoopName"/></StgValue>
</bind>
</comp>

<comp id="78" class="1001" name="const_78">
<pin_list>
<pin id="79" dir="1" index="0" bw="1" slack="2147483647"/>
</pin_list>
<bind>
<StgValue><ssdm name="p_str22"/></StgValue>
</bind>
</comp>

<comp id="80" class="1001" name="const_80">
<pin_list>
<pin id="81" dir="1" index="0" bw="1" slack="2147483647"/>
</pin_list>
<bind>
<StgValue><ssdm name="_ssdm_op_SpecRegionBegin"/></StgValue>
</bind>
</comp>

<comp id="82" class="1001" name="const_82">
<pin_list>
<pin id="83" dir="1" index="0" bw="1" slack="2147483647"/>
</pin_list>
<bind>
<StgValue><ssdm name="_ssdm_op_SpecPipeline"/></StgValue>
</bind>
</comp>

<comp id="84" class="1001" name="const_84">
<pin_list>
<pin id="85" dir="1" index="0" bw="1" slack="2147483647"/>
</pin_list>
<bind>
<StgValue><ssdm name="_ssdm_op_SpecLoopTripCount"/></StgValue>
</bind>
</comp>

<comp id="86" class="1001" name="const_86">
<pin_list>
<pin id="87" dir="1" index="0" bw="1" slack="0"/>
</pin_list>
<bind>
<StgValue><ssdm name="_ssdm_op_Read.axis.volatile.i32P.i4P.i4P.i1P.i1P.i1P.i1P"/></StgValue>
</bind>
</comp>

<comp id="88" class="1001" name="const_88">
<pin_list>
<pin id="89" dir="1" index="0" bw="1" slack="2147483647"/>
</pin_list>
<bind>
<StgValue><ssdm name="_ssdm_op_SpecRegionEnd"/></StgValue>
</bind>
</comp>

<comp id="90" class="1001" name="const_90">
<pin_list>
<pin id="91" dir="1" index="0" bw="1" slack="0"/>
</pin_list>
<bind>
<StgValue><ssdm name=""/></StgValue>
</bind>
</comp>

<comp id="92" class="1001" name="const_92">
<pin_list>
<pin id="93" dir="1" index="0" bw="1" slack="1"/>
</pin_list>
<bind>
<StgValue><ssdm name=""/></StgValue>
</bind>
</comp>

<comp id="94" class="1001" name="const_94">
<pin_list>
<pin id="95" dir="1" index="0" bw="1" slack="0"/>
</pin_list>
<bind>
<StgValue><ssdm name=""/></StgValue>
</bind>
</comp>

<comp id="96" class="1001" name="const_96">
<pin_list>
<pin id="97" dir="1" index="0" bw="1" slack="2147483647"/>
</pin_list>
<bind>
<StgValue><ssdm name=""/></StgValue>
</bind>
</comp>

<comp id="98" class="1001" name="const_98">
<pin_list>
<pin id="99" dir="1" index="0" bw="1" slack="0"/>
</pin_list>
<bind>
<StgValue><ssdm name=""/></StgValue>
</bind>
</comp>

<comp id="100" class="1001" name="const_100">
<pin_list>
<pin id="101" dir="1" index="0" bw="1" slack="2147483647"/>
</pin_list>
<bind>
<StgValue><ssdm name="p_str17"/></StgValue>
</bind>
</comp>

<comp id="102" class="1001" name="const_102">
<pin_list>
<pin id="103" dir="1" index="0" bw="1" slack="1"/>
</pin_list>
<bind>
<StgValue><ssdm name=""/></StgValue>
</bind>
</comp>

<comp id="104" class="1001" name="const_104">
<pin_list>
<pin id="105" dir="1" index="0" bw="1" slack="0"/>
</pin_list>
<bind>
<StgValue><ssdm name=""/></StgValue>
</bind>
</comp>

<comp id="106" class="1001" name="const_106">
<pin_list>
<pin id="107" dir="1" index="0" bw="1" slack="0"/>
</pin_list>
<bind>
<StgValue><ssdm name=""/></StgValue>
</bind>
</comp>

<comp id="108" class="1001" name="const_108">
<pin_list>
<pin id="109" dir="1" index="0" bw="1" slack="0"/>
</pin_list>
<bind>
<StgValue><ssdm name=""/></StgValue>
</bind>
</comp>

<comp id="110" class="1001" name="const_110">
<pin_list>
<pin id="111" dir="1" index="0" bw="1" slack="2147483647"/>
</pin_list>
<bind>
<StgValue><ssdm name=""/></StgValue>
</bind>
</comp>

<comp id="112" class="1001" name="const_112">
<pin_list>
<pin id="113" dir="1" index="0" bw="1" slack="2147483647"/>
</pin_list>
<bind>
<StgValue><ssdm name="p_str18"/></StgValue>
</bind>
</comp>

<comp id="114" class="1001" name="const_114">
<pin_list>
<pin id="115" dir="1" index="0" bw="1" slack="0"/>
</pin_list>
<bind>
<StgValue><ssdm name="_ssdm_op_PartSelect.i8.i32.i32.i32"/></StgValue>
</bind>
</comp>

<comp id="116" class="1001" name="const_116">
<pin_list>
<pin id="117" dir="1" index="0" bw="1" slack="0"/>
</pin_list>
<bind>
<StgValue><ssdm name=""/></StgValue>
</bind>
</comp>

<comp id="118" class="1001" name="const_118">
<pin_list>
<pin id="119" dir="1" index="0" bw="1" slack="0"/>
</pin_list>
<bind>
<StgValue><ssdm name=""/></StgValue>
</bind>
</comp>

<comp id="120" class="1001" name="const_120">
<pin_list>
<pin id="121" dir="1" index="0" bw="1" slack="0"/>
</pin_list>
<bind>
<StgValue><ssdm name=""/></StgValue>
</bind>
</comp>

<comp id="122" class="1001" name="const_122">
<pin_list>
<pin id="123" dir="1" index="0" bw="1" slack="2147483647"/>
</pin_list>
<bind>
<StgValue><ssdm name="p_str8"/></StgValue>
</bind>
</comp>

<comp id="124" class="1001" name="const_124">
<pin_list>
<pin id="125" dir="1" index="0" bw="1" slack="2147483647"/>
</pin_list>
<bind>
<StgValue><ssdm name="_ssdm_op_SpecProtocol"/></StgValue>
</bind>
</comp>

<comp id="126" class="1001" name="const_126">
<pin_list>
<pin id="127" dir="1" index="0" bw="1" slack="0"/>
</pin_list>
<bind>
<StgValue><ssdm name="_ssdm_op_Write.ap_fifo.volatile.i8P"/></StgValue>
</bind>
</comp>

<comp id="128" class="1001" name="const_128">
<pin_list>
<pin id="129" dir="1" index="0" bw="1" slack="2147483647"/>
</pin_list>
<bind>
<StgValue><ssdm name="p_str23"/></StgValue>
</bind>
</comp>

<comp id="130" class="1004" name="sof_1_fu_130">
<pin_list>
<pin id="131" dir="0" index="0" bw="1" slack="0"/>
<pin id="132" dir="1" index="1" bw="1" slack="0"/>
</pin_list>
<bind>
<opcode="alloca(26) " fcode="alloca"/>
<opset="sof_1/3 "/>
</bind>
</comp>

<comp id="134" class="1004" name="grp_read_fu_134">
<pin_list>
<pin id="135" dir="0" index="0" bw="44" slack="0"/>
<pin id="136" dir="0" index="1" bw="32" slack="0"/>
<pin id="137" dir="0" index="2" bw="4" slack="0"/>
<pin id="138" dir="0" index="3" bw="4" slack="0"/>
<pin id="139" dir="0" index="4" bw="1" slack="0"/>
<pin id="140" dir="0" index="5" bw="1" slack="0"/>
<pin id="141" dir="0" index="6" bw="1" slack="0"/>
<pin id="142" dir="0" index="7" bw="1" slack="0"/>
<pin id="143" dir="1" index="8" bw="44" slack="0"/>
</pin_list>
<bind>
<opcode="read(1150) " fcode="read"/>
<opset="empty/2 empty_34/5 empty_37/8 "/>
</bind>
</comp>

<comp id="152" class="1004" name="StgValue_67_write_fu_152">
<pin_list>
<pin id="153" dir="0" index="0" bw="0" slack="0"/>
<pin id="154" dir="0" index="1" bw="8" slack="0"/>
<pin id="155" dir="0" index="2" bw="8" slack="0"/>
<pin id="156" dir="1" index="3" bw="0" slack="2147483647"/>
</pin_list>
<bind>
<opcode="write(1151) " fcode="write"/>
<opset="StgValue_67/6 "/>
</bind>
</comp>

<comp id="159" class="1004" name="StgValue_68_write_fu_159">
<pin_list>
<pin id="160" dir="0" index="0" bw="0" slack="0"/>
<pin id="161" dir="0" index="1" bw="8" slack="0"/>
<pin id="162" dir="0" index="2" bw="8" slack="0"/>
<pin id="163" dir="1" index="3" bw="0" slack="2147483647"/>
</pin_list>
<bind>
<opcode="write(1151) " fcode="write"/>
<opset="StgValue_68/6 "/>
</bind>
</comp>

<comp id="166" class="1004" name="StgValue_69_write_fu_166">
<pin_list>
<pin id="167" dir="0" index="0" bw="0" slack="0"/>
<pin id="168" dir="0" index="1" bw="8" slack="0"/>
<pin id="169" dir="0" index="2" bw="8" slack="0"/>
<pin id="170" dir="1" index="3" bw="0" slack="2147483647"/>
</pin_list>
<bind>
<opcode="write(1151) " fcode="write"/>
<opset="StgValue_69/6 "/>
</bind>
</comp>

<comp id="173" class="1005" name="axi_last_V1_reg_173">
<pin_list>
<pin id="174" dir="0" index="0" bw="1" slack="2"/>
<pin id="175" dir="1" index="1" bw="1" slack="2"/>
</pin_list>
<bind>
<opset="axi_last_V1 (phireg) "/>
</bind>
</comp>

<comp id="176" class="1004" name="axi_last_V1_phi_fu_176">
<pin_list>
<pin id="177" dir="0" index="0" bw="1" slack="1"/>
<pin id="178" dir="0" index="1" bw="0" slack="2147483647"/>
<pin id="179" dir="0" index="2" bw="1" slack="2"/>
<pin id="180" dir="0" index="3" bw="0" slack="2147483647"/>
<pin id="181" dir="1" index="4" bw="1" slack="2"/>
</pin_list>
<bind>
<opcode="phi(47) " fcode="phi"/>
<opset="axi_last_V1/4 "/>
</bind>
</comp>

<comp id="183" class="1005" name="axi_data_V1_reg_183">
<pin_list>
<pin id="184" dir="0" index="0" bw="32" slack="2"/>
<pin id="185" dir="1" index="1" bw="32" slack="2"/>
</pin_list>
<bind>
<opset="axi_data_V1 (phireg) "/>
</bind>
</comp>

<comp id="186" class="1004" name="axi_data_V1_phi_fu_186">
<pin_list>
<pin id="187" dir="0" index="0" bw="32" slack="1"/>
<pin id="188" dir="0" index="1" bw="0" slack="2147483647"/>
<pin id="189" dir="0" index="2" bw="32" slack="2"/>
<pin id="190" dir="0" index="3" bw="0" slack="2147483647"/>
<pin id="191" dir="1" index="4" bw="32" slack="2"/>
</pin_list>
<bind>
<opcode="phi(47) " fcode="phi"/>
<opset="axi_data_V1/4 "/>
</bind>
</comp>

<comp id="193" class="1005" name="t_V_reg_193">
<pin_list>
<pin id="194" dir="0" index="0" bw="10" slack="1"/>
<pin id="195" dir="1" index="1" bw="10" slack="1"/>
</pin_list>
<bind>
<opset="t_V (phireg) "/>
</bind>
</comp>

<comp id="197" class="1004" name="t_V_phi_fu_197">
<pin_list>
<pin id="198" dir="0" index="0" bw="10" slack="0"/>
<pin id="199" dir="0" index="1" bw="0" slack="2147483647"/>
<pin id="200" dir="0" index="2" bw="1" slack="1"/>
<pin id="201" dir="0" index="3" bw="0" slack="2147483647"/>
<pin id="202" dir="1" index="4" bw="10" slack="0"/>
</pin_list>
<bind>
<opcode="phi(47) " fcode="phi"/>
<opset="t_V/4 "/>
</bind>
</comp>

<comp id="204" class="1005" name="t_V_2_reg_204">
<pin_list>
<pin id="205" dir="0" index="0" bw="11" slack="1"/>
<pin id="206" dir="1" index="1" bw="11" slack="1"/>
</pin_list>
<bind>
<opset="t_V_2 (phireg) "/>
</bind>
</comp>

<comp id="208" class="1004" name="t_V_2_phi_fu_208">
<pin_list>
<pin id="209" dir="0" index="0" bw="1" slack="1"/>
<pin id="210" dir="0" index="1" bw="0" slack="2147483647"/>
<pin id="211" dir="0" index="2" bw="11" slack="0"/>
<pin id="212" dir="0" index="3" bw="0" slack="2147483647"/>
<pin id="213" dir="1" index="4" bw="11" slack="0"/>
</pin_list>
<bind>
<opcode="phi(47) " fcode="phi"/>
<opset="t_V_2/5 "/>
</bind>
</comp>

<comp id="215" class="1005" name="eol_reg_215">
<pin_list>
<pin id="216" dir="0" index="0" bw="1" slack="1"/>
<pin id="217" dir="1" index="1" bw="1" slack="1"/>
</pin_list>
<bind>
<opset="eol (phireg) "/>
</bind>
</comp>

<comp id="219" class="1004" name="eol_phi_fu_219">
<pin_list>
<pin id="220" dir="0" index="0" bw="1" slack="1"/>
<pin id="221" dir="0" index="1" bw="0" slack="2147483647"/>
<pin id="222" dir="0" index="2" bw="1" slack="1"/>
<pin id="223" dir="0" index="3" bw="0" slack="2147483647"/>
<pin id="224" dir="1" index="4" bw="1" slack="0"/>
</pin_list>
<bind>
<opcode="phi(47) " fcode="phi"/>
<opset="eol/5 "/>
</bind>
</comp>

<comp id="227" class="1005" name="eol_1_reg_227">
<pin_list>
<pin id="228" dir="0" index="0" bw="1" slack="3"/>
<pin id="229" dir="1" index="1" bw="1" slack="3"/>
</pin_list>
<bind>
<opset="eol_1 (phireg) "/>
</bind>
</comp>

<comp id="230" class="1004" name="eol_1_phi_fu_230">
<pin_list>
<pin id="231" dir="0" index="0" bw="1" slack="2"/>
<pin id="232" dir="0" index="1" bw="0" slack="2147483647"/>
<pin id="233" dir="0" index="2" bw="1" slack="0"/>
<pin id="234" dir="0" index="3" bw="0" slack="2147483647"/>
<pin id="235" dir="1" index="4" bw="1" slack="0"/>
</pin_list>
<bind>
<opcode="phi(47) " fcode="phi"/>
<opset="eol_1/6 "/>
</bind>
</comp>

<comp id="238" class="1005" name="axi_data_V_1_reg_238">
<pin_list>
<pin id="239" dir="0" index="0" bw="32" slack="3"/>
<pin id="240" dir="1" index="1" bw="32" slack="3"/>
</pin_list>
<bind>
<opset="axi_data_V_1 (phireg) "/>
</bind>
</comp>

<comp id="241" class="1004" name="axi_data_V_1_phi_fu_241">
<pin_list>
<pin id="242" dir="0" index="0" bw="32" slack="2"/>
<pin id="243" dir="0" index="1" bw="0" slack="2147483647"/>
<pin id="244" dir="0" index="2" bw="32" slack="0"/>
<pin id="245" dir="0" index="3" bw="0" slack="2147483647"/>
<pin id="246" dir="1" index="4" bw="32" slack="0"/>
</pin_list>
<bind>
<opcode="phi(47) " fcode="phi"/>
<opset="axi_data_V_1/6 "/>
</bind>
</comp>

<comp id="249" class="1005" name="axi_last_V_2_reg_249">
<pin_list>
<pin id="250" dir="0" index="0" bw="1" slack="0"/>
<pin id="251" dir="1" index="1" bw="1" slack="0"/>
</pin_list>
<bind>
<opset="axi_last_V_2 (phireg) "/>
</bind>
</comp>

<comp id="254" class="1004" name="axi_last_V_2_phi_fu_254">
<pin_list>
<pin id="255" dir="0" index="0" bw="1" slack="0"/>
<pin id="256" dir="0" index="1" bw="0" slack="2147483647"/>
<pin id="257" dir="0" index="2" bw="1" slack="0"/>
<pin id="258" dir="0" index="3" bw="0" slack="2147483647"/>
<pin id="259" dir="1" index="4" bw="1" slack="0"/>
</pin_list>
<bind>
<opcode="phi(47) " fcode="phi"/>
<opset="axi_last_V_2/6 "/>
</bind>
</comp>

<comp id="262" class="1005" name="p_Val2_s_reg_262">
<pin_list>
<pin id="263" dir="0" index="0" bw="32" slack="0"/>
<pin id="264" dir="1" index="1" bw="32" slack="0"/>
</pin_list>
<bind>
<opset="p_Val2_s (phireg) "/>
</bind>
</comp>

<comp id="266" class="1004" name="p_Val2_s_phi_fu_266">
<pin_list>
<pin id="267" dir="0" index="0" bw="32" slack="0"/>
<pin id="268" dir="0" index="1" bw="0" slack="2147483647"/>
<pin id="269" dir="0" index="2" bw="32" slack="0"/>
<pin id="270" dir="0" index="3" bw="0" slack="2147483647"/>
<pin id="271" dir="1" index="4" bw="32" slack="0"/>
</pin_list>
<bind>
<opcode="phi(47) " fcode="phi"/>
<opset="p_Val2_s/6 "/>
</bind>
</comp>

<comp id="274" class="1005" name="eol_2_reg_274">
<pin_list>
<pin id="275" dir="0" index="0" bw="1" slack="1"/>
<pin id="276" dir="1" index="1" bw="1" slack="2147483647"/>
</pin_list>
<bind>
<opset="eol_2 (phireg) "/>
</bind>
</comp>

<comp id="277" class="1004" name="eol_2_phi_fu_277">
<pin_list>
<pin id="278" dir="0" index="0" bw="1" slack="1"/>
<pin id="279" dir="0" index="1" bw="0" slack="2147483647"/>
<pin id="280" dir="0" index="2" bw="1" slack="3"/>
<pin id="281" dir="0" index="3" bw="0" slack="2147483647"/>
<pin id="282" dir="1" index="4" bw="1" slack="1"/>
</pin_list>
<bind>
<opcode="phi(47) " fcode="phi"/>
<opset="eol_2/8 "/>
</bind>
</comp>

<comp id="285" class="1005" name="axi_last_V_3_reg_285">
<pin_list>
<pin id="286" dir="0" index="0" bw="1" slack="1"/>
<pin id="287" dir="1" index="1" bw="1" slack="1"/>
</pin_list>
<bind>
<opset="axi_last_V_3 (phireg) "/>
</bind>
</comp>

<comp id="289" class="1004" name="axi_last_V_3_phi_fu_289">
<pin_list>
<pin id="290" dir="0" index="0" bw="1" slack="0"/>
<pin id="291" dir="0" index="1" bw="0" slack="2147483647"/>
<pin id="292" dir="0" index="2" bw="1" slack="3"/>
<pin id="293" dir="0" index="3" bw="0" slack="2147483647"/>
<pin id="294" dir="1" index="4" bw="1" slack="1"/>
</pin_list>
<bind>
<opcode="phi(47) " fcode="phi"/>
<opset="axi_last_V_3/9 "/>
</bind>
</comp>

<comp id="297" class="1005" name="axi_data_V_3_reg_297">
<pin_list>
<pin id="298" dir="0" index="0" bw="32" slack="1"/>
<pin id="299" dir="1" index="1" bw="32" slack="1"/>
</pin_list>
<bind>
<opset="axi_data_V_3 (phireg) "/>
</bind>
</comp>

<comp id="301" class="1004" name="axi_data_V_3_phi_fu_301">
<pin_list>
<pin id="302" dir="0" index="0" bw="32" slack="0"/>
<pin id="303" dir="0" index="1" bw="0" slack="2147483647"/>
<pin id="304" dir="0" index="2" bw="32" slack="3"/>
<pin id="305" dir="0" index="3" bw="0" slack="2147483647"/>
<pin id="306" dir="1" index="4" bw="32" slack="1"/>
</pin_list>
<bind>
<opcode="phi(47) " fcode="phi"/>
<opset="axi_data_V_3/9 "/>
</bind>
</comp>

<comp id="309" class="1004" name="grp_fu_309">
<pin_list>
<pin id="310" dir="0" index="0" bw="44" slack="0"/>
<pin id="311" dir="1" index="1" bw="32" slack="0"/>
</pin_list>
<bind>
<opcode="extractvalue(56) " fcode="extractvalue"/>
<opset="tmp_data_V/2 tmp_data_V_1/6 tmp_data_V_2/9 "/>
</bind>
</comp>

<comp id="314" class="1004" name="grp_fu_314">
<pin_list>
<pin id="315" dir="0" index="0" bw="44" slack="0"/>
<pin id="316" dir="1" index="1" bw="1" slack="0"/>
</pin_list>
<bind>
<opcode="extractvalue(56) " fcode="extractvalue"/>
<opset="tmp_last_V/2 tmp_last_V_1/6 tmp_last_V_2/9 "/>
</bind>
</comp>

<comp id="319" class="1004" name="tmp_user_V_fu_319">
<pin_list>
<pin id="320" dir="0" index="0" bw="44" slack="0"/>
<pin id="321" dir="1" index="1" bw="1" slack="2147483647"/>
</pin_list>
<bind>
<opcode="extractvalue(56) " fcode="extractvalue"/>
<opset="tmp_user_V/2 "/>
</bind>
</comp>

<comp id="323" class="1004" name="StgValue_27_store_fu_323">
<pin_list>
<pin id="324" dir="0" index="0" bw="1" slack="0"/>
<pin id="325" dir="0" index="1" bw="1" slack="0"/>
<pin id="326" dir="1" index="2" bw="0" slack="2147483647"/>
</pin_list>
<bind>
<opcode="store(28) " fcode="store"/>
<opset="StgValue_27/3 "/>
</bind>
</comp>

<comp id="328" class="1004" name="exitcond2_fu_328">
<pin_list>
<pin id="329" dir="0" index="0" bw="10" slack="0"/>
<pin id="330" dir="0" index="1" bw="10" slack="0"/>
<pin id="331" dir="1" index="2" bw="1" slack="1"/>
</pin_list>
<bind>
<opcode="icmp(45) " fcode="icmp"/>
<opset="exitcond2/4 "/>
</bind>
</comp>

<comp id="334" class="1004" name="i_V_fu_334">
<pin_list>
<pin id="335" dir="0" index="0" bw="10" slack="0"/>
<pin id="336" dir="0" index="1" bw="1" slack="0"/>
<pin id="337" dir="1" index="2" bw="10" slack="0"/>
</pin_list>
<bind>
<opcode="add(8) " fcode="add"/>
<opset="i_V/4 "/>
</bind>
</comp>

<comp id="340" class="1004" name="exitcond_fu_340">
<pin_list>
<pin id="341" dir="0" index="0" bw="11" slack="0"/>
<pin id="342" dir="0" index="1" bw="11" slack="0"/>
<pin id="343" dir="1" index="2" bw="1" slack="1"/>
</pin_list>
<bind>
<opcode="icmp(45) " fcode="icmp"/>
<opset="exitcond/5 "/>
</bind>
</comp>

<comp id="346" class="1004" name="j_V_fu_346">
<pin_list>
<pin id="347" dir="0" index="0" bw="11" slack="0"/>
<pin id="348" dir="0" index="1" bw="1" slack="0"/>
<pin id="349" dir="1" index="2" bw="11" slack="0"/>
</pin_list>
<bind>
<opcode="add(8) " fcode="add"/>
<opset="j_V/5 "/>
</bind>
</comp>

<comp id="352" class="1004" name="sof_1_load_load_fu_352">
<pin_list>
<pin id="353" dir="0" index="0" bw="1" slack="2"/>
<pin id="354" dir="1" index="1" bw="1" slack="0"/>
</pin_list>
<bind>
<opcode="load(27) " fcode="load"/>
<opset="sof_1_load/5 "/>
</bind>
</comp>

<comp id="355" class="1004" name="brmerge_fu_355">
<pin_list>
<pin id="356" dir="0" index="0" bw="1" slack="0"/>
<pin id="357" dir="0" index="1" bw="1" slack="0"/>
<pin id="358" dir="1" index="2" bw="1" slack="1"/>
</pin_list>
<bind>
<opcode="or(24) " fcode="or"/>
<opset="brmerge/5 "/>
</bind>
</comp>

<comp id="361" class="1004" name="StgValue_47_store_fu_361">
<pin_list>
<pin id="362" dir="0" index="0" bw="1" slack="0"/>
<pin id="363" dir="0" index="1" bw="1" slack="2"/>
<pin id="364" dir="1" index="2" bw="0" slack="2147483647"/>
</pin_list>
<bind>
<opcode="store(28) " fcode="store"/>
<opset="StgValue_47/5 "/>
</bind>
</comp>

<comp id="366" class="1004" name="tmp_15_fu_366">
<pin_list>
<pin id="367" dir="0" index="0" bw="32" slack="0"/>
<pin id="368" dir="1" index="1" bw="8" slack="0"/>
</pin_list>
<bind>
<opcode="trunc(33) " fcode="trunc"/>
<opset="tmp_15/6 "/>
</bind>
</comp>

<comp id="371" class="1004" name="tmp_4_fu_371">
<pin_list>
<pin id="372" dir="0" index="0" bw="8" slack="0"/>
<pin id="373" dir="0" index="1" bw="32" slack="0"/>
<pin id="374" dir="0" index="2" bw="5" slack="0"/>
<pin id="375" dir="0" index="3" bw="5" slack="0"/>
<pin id="376" dir="1" index="4" bw="8" slack="0"/>
</pin_list>
<bind>
<opcode="partselect(1002) " fcode="partselect"/>
<opset="tmp_4/6 "/>
</bind>
</comp>

<comp id="382" class="1004" name="tmp_5_fu_382">
<pin_list>
<pin id="383" dir="0" index="0" bw="8" slack="0"/>
<pin id="384" dir="0" index="1" bw="32" slack="0"/>
<pin id="385" dir="0" index="2" bw="6" slack="0"/>
<pin id="386" dir="0" index="3" bw="6" slack="0"/>
<pin id="387" dir="1" index="4" bw="8" slack="0"/>
</pin_list>
<bind>
<opcode="partselect(1002) " fcode="partselect"/>
<opset="tmp_5/6 "/>
</bind>
</comp>

<comp id="393" class="1005" name="tmp_data_V_reg_393">
<pin_list>
<pin id="394" dir="0" index="0" bw="32" slack="2"/>
<pin id="395" dir="1" index="1" bw="32" slack="2"/>
</pin_list>
<bind>
<opset="tmp_data_V "/>
</bind>
</comp>

<comp id="401" class="1005" name="tmp_last_V_reg_401">
<pin_list>
<pin id="402" dir="0" index="0" bw="1" slack="2"/>
<pin id="403" dir="1" index="1" bw="1" slack="2"/>
</pin_list>
<bind>
<opset="tmp_last_V "/>
</bind>
</comp>

<comp id="406" class="1005" name="sof_1_reg_406">
<pin_list>
<pin id="407" dir="0" index="0" bw="1" slack="0"/>
<pin id="408" dir="1" index="1" bw="1" slack="0"/>
</pin_list>
<bind>
<opset="sof_1 "/>
</bind>
</comp>

<comp id="413" class="1005" name="exitcond2_reg_413">
<pin_list>
<pin id="414" dir="0" index="0" bw="1" slack="1"/>
<pin id="415" dir="1" index="1" bw="1" slack="2147483647"/>
</pin_list>
<bind>
<opset="exitcond2 "/>
</bind>
</comp>

<comp id="417" class="1005" name="i_V_reg_417">
<pin_list>
<pin id="418" dir="0" index="0" bw="10" slack="0"/>
<pin id="419" dir="1" index="1" bw="10" slack="0"/>
</pin_list>
<bind>
<opset="i_V "/>
</bind>
</comp>

<comp id="422" class="1005" name="exitcond_reg_422">
<pin_list>
<pin id="423" dir="0" index="0" bw="1" slack="1"/>
<pin id="424" dir="1" index="1" bw="1" slack="2147483647"/>
</pin_list>
<bind>
<opset="exitcond "/>
</bind>
</comp>

<comp id="426" class="1005" name="j_V_reg_426">
<pin_list>
<pin id="427" dir="0" index="0" bw="11" slack="0"/>
<pin id="428" dir="1" index="1" bw="11" slack="0"/>
</pin_list>
<bind>
<opset="j_V "/>
</bind>
</comp>

<comp id="431" class="1005" name="brmerge_reg_431">
<pin_list>
<pin id="432" dir="0" index="0" bw="1" slack="1"/>
<pin id="433" dir="1" index="1" bw="1" slack="2147483647"/>
</pin_list>
<bind>
<opset="brmerge "/>
</bind>
</comp>

<comp id="435" class="1005" name="tmp_data_V_2_reg_435">
<pin_list>
<pin id="436" dir="0" index="0" bw="32" slack="0"/>
<pin id="437" dir="1" index="1" bw="32" slack="0"/>
</pin_list>
<bind>
<opset="tmp_data_V_2 "/>
</bind>
</comp>

<comp id="440" class="1005" name="tmp_last_V_2_reg_440">
<pin_list>
<pin id="441" dir="0" index="0" bw="1" slack="0"/>
<pin id="442" dir="1" index="1" bw="1" slack="0"/>
</pin_list>
<bind>
<opset="tmp_last_V_2 "/>
</bind>
</comp>

</comp_list>

<net_list>
<net id="133"><net_src comp="68" pin="0"/><net_sink comp="130" pin=0"/></net>

<net id="144"><net_src comp="86" pin="0"/><net_sink comp="134" pin=0"/></net>

<net id="145"><net_src comp="0" pin="0"/><net_sink comp="134" pin=1"/></net>

<net id="146"><net_src comp="2" pin="0"/><net_sink comp="134" pin=2"/></net>

<net id="147"><net_src comp="4" pin="0"/><net_sink comp="134" pin=3"/></net>

<net id="148"><net_src comp="6" pin="0"/><net_sink comp="134" pin=4"/></net>

<net id="149"><net_src comp="8" pin="0"/><net_sink comp="134" pin=5"/></net>

<net id="150"><net_src comp="10" pin="0"/><net_sink comp="134" pin=6"/></net>

<net id="151"><net_src comp="12" pin="0"/><net_sink comp="134" pin=7"/></net>

<net id="157"><net_src comp="126" pin="0"/><net_sink comp="152" pin=0"/></net>

<net id="158"><net_src comp="14" pin="0"/><net_sink comp="152" pin=1"/></net>

<net id="164"><net_src comp="126" pin="0"/><net_sink comp="159" pin=0"/></net>

<net id="165"><net_src comp="16" pin="0"/><net_sink comp="159" pin=1"/></net>

<net id="171"><net_src comp="126" pin="0"/><net_sink comp="166" pin=0"/></net>

<net id="172"><net_src comp="18" pin="0"/><net_sink comp="166" pin=1"/></net>

<net id="182"><net_src comp="176" pin="4"/><net_sink comp="173" pin=0"/></net>

<net id="192"><net_src comp="186" pin="4"/><net_sink comp="183" pin=0"/></net>

<net id="196"><net_src comp="92" pin="0"/><net_sink comp="193" pin=0"/></net>

<net id="203"><net_src comp="193" pin="1"/><net_sink comp="197" pin=2"/></net>

<net id="207"><net_src comp="102" pin="0"/><net_sink comp="204" pin=0"/></net>

<net id="214"><net_src comp="204" pin="1"/><net_sink comp="208" pin=0"/></net>

<net id="218"><net_src comp="104" pin="0"/><net_sink comp="215" pin=0"/></net>

<net id="225"><net_src comp="215" pin="1"/><net_sink comp="219" pin=0"/></net>

<net id="226"><net_src comp="219" pin="4"/><net_sink comp="215" pin=0"/></net>

<net id="236"><net_src comp="173" pin="1"/><net_sink comp="230" pin=0"/></net>

<net id="237"><net_src comp="230" pin="4"/><net_sink comp="227" pin=0"/></net>

<net id="247"><net_src comp="183" pin="1"/><net_sink comp="241" pin=0"/></net>

<net id="248"><net_src comp="241" pin="4"/><net_sink comp="238" pin=0"/></net>

<net id="252"><net_src comp="249" pin="1"/><net_sink comp="219" pin=2"/></net>

<net id="253"><net_src comp="249" pin="1"/><net_sink comp="230" pin=2"/></net>

<net id="260"><net_src comp="230" pin="4"/><net_sink comp="254" pin=2"/></net>

<net id="261"><net_src comp="254" pin="4"/><net_sink comp="249" pin=0"/></net>

<net id="265"><net_src comp="262" pin="1"/><net_sink comp="241" pin=2"/></net>

<net id="272"><net_src comp="241" pin="4"/><net_sink comp="266" pin=2"/></net>

<net id="273"><net_src comp="266" pin="4"/><net_sink comp="262" pin=0"/></net>

<net id="283"><net_src comp="215" pin="1"/><net_sink comp="277" pin=2"/></net>

<net id="284"><net_src comp="277" pin="4"/><net_sink comp="274" pin=0"/></net>

<net id="288"><net_src comp="285" pin="1"/><net_sink comp="176" pin=0"/></net>

<net id="295"><net_src comp="227" pin="1"/><net_sink comp="289" pin=2"/></net>

<net id="296"><net_src comp="289" pin="4"/><net_sink comp="285" pin=0"/></net>

<net id="300"><net_src comp="297" pin="1"/><net_sink comp="186" pin=0"/></net>

<net id="307"><net_src comp="238" pin="1"/><net_sink comp="301" pin=2"/></net>

<net id="308"><net_src comp="301" pin="4"/><net_sink comp="297" pin=0"/></net>

<net id="312"><net_src comp="134" pin="8"/><net_sink comp="309" pin=0"/></net>

<net id="313"><net_src comp="309" pin="1"/><net_sink comp="266" pin=0"/></net>

<net id="317"><net_src comp="134" pin="8"/><net_sink comp="314" pin=0"/></net>

<net id="318"><net_src comp="314" pin="1"/><net_sink comp="254" pin=0"/></net>

<net id="322"><net_src comp="134" pin="8"/><net_sink comp="319" pin=0"/></net>

<net id="327"><net_src comp="90" pin="0"/><net_sink comp="323" pin=0"/></net>

<net id="332"><net_src comp="197" pin="4"/><net_sink comp="328" pin=0"/></net>

<net id="333"><net_src comp="94" pin="0"/><net_sink comp="328" pin=1"/></net>

<net id="338"><net_src comp="197" pin="4"/><net_sink comp="334" pin=0"/></net>

<net id="339"><net_src comp="98" pin="0"/><net_sink comp="334" pin=1"/></net>

<net id="344"><net_src comp="208" pin="4"/><net_sink comp="340" pin=0"/></net>

<net id="345"><net_src comp="106" pin="0"/><net_sink comp="340" pin=1"/></net>

<net id="350"><net_src comp="208" pin="4"/><net_sink comp="346" pin=0"/></net>

<net id="351"><net_src comp="108" pin="0"/><net_sink comp="346" pin=1"/></net>

<net id="359"><net_src comp="352" pin="1"/><net_sink comp="355" pin=0"/></net>

<net id="360"><net_src comp="219" pin="4"/><net_sink comp="355" pin=1"/></net>

<net id="365"><net_src comp="104" pin="0"/><net_sink comp="361" pin=0"/></net>

<net id="369"><net_src comp="266" pin="4"/><net_sink comp="366" pin=0"/></net>

<net id="370"><net_src comp="366" pin="1"/><net_sink comp="152" pin=2"/></net>

<net id="377"><net_src comp="114" pin="0"/><net_sink comp="371" pin=0"/></net>

<net id="378"><net_src comp="266" pin="4"/><net_sink comp="371" pin=1"/></net>

<net id="379"><net_src comp="116" pin="0"/><net_sink comp="371" pin=2"/></net>

<net id="380"><net_src comp="118" pin="0"/><net_sink comp="371" pin=3"/></net>

<net id="381"><net_src comp="371" pin="4"/><net_sink comp="159" pin=2"/></net>

<net id="388"><net_src comp="114" pin="0"/><net_sink comp="382" pin=0"/></net>

<net id="389"><net_src comp="266" pin="4"/><net_sink comp="382" pin=1"/></net>

<net id="390"><net_src comp="36" pin="0"/><net_sink comp="382" pin=2"/></net>

<net id="391"><net_src comp="120" pin="0"/><net_sink comp="382" pin=3"/></net>

<net id="392"><net_src comp="382" pin="4"/><net_sink comp="166" pin=2"/></net>

<net id="396"><net_src comp="309" pin="1"/><net_sink comp="393" pin=0"/></net>

<net id="397"><net_src comp="393" pin="1"/><net_sink comp="186" pin=2"/></net>

<net id="404"><net_src comp="314" pin="1"/><net_sink comp="401" pin=0"/></net>

<net id="405"><net_src comp="401" pin="1"/><net_sink comp="176" pin=2"/></net>

<net id="409"><net_src comp="130" pin="1"/><net_sink comp="406" pin=0"/></net>

<net id="410"><net_src comp="406" pin="1"/><net_sink comp="323" pin=1"/></net>

<net id="411"><net_src comp="406" pin="1"/><net_sink comp="352" pin=0"/></net>

<net id="412"><net_src comp="406" pin="1"/><net_sink comp="361" pin=1"/></net>

<net id="416"><net_src comp="328" pin="2"/><net_sink comp="413" pin=0"/></net>

<net id="420"><net_src comp="334" pin="2"/><net_sink comp="417" pin=0"/></net>

<net id="421"><net_src comp="417" pin="1"/><net_sink comp="197" pin=0"/></net>

<net id="425"><net_src comp="340" pin="2"/><net_sink comp="422" pin=0"/></net>

<net id="429"><net_src comp="346" pin="2"/><net_sink comp="426" pin=0"/></net>

<net id="430"><net_src comp="426" pin="1"/><net_sink comp="208" pin=2"/></net>

<net id="434"><net_src comp="355" pin="2"/><net_sink comp="431" pin=0"/></net>

<net id="438"><net_src comp="309" pin="1"/><net_sink comp="435" pin=0"/></net>

<net id="439"><net_src comp="435" pin="1"/><net_sink comp="301" pin=0"/></net>

<net id="443"><net_src comp="314" pin="1"/><net_sink comp="440" pin=0"/></net>

<net id="444"><net_src comp="440" pin="1"/><net_sink comp="277" pin=0"/></net>

<net id="445"><net_src comp="440" pin="1"/><net_sink comp="289" pin=0"/></net>

</net_list>

</model> 
---------------- Datapath Model END ------------------

* FSMD analyzer results:
  - Output states:
	Port: img_data_stream_0_V | {6 }
	Port: img_data_stream_1_V | {6 }
	Port: img_data_stream_2_V | {6 }
 - Input state : 
	Port: AXIvideo2Mat : AXI_video_strm_V_data_V | {2 5 8 }
	Port: AXIvideo2Mat : AXI_video_strm_V_keep_V | {2 5 8 }
	Port: AXIvideo2Mat : AXI_video_strm_V_strb_V | {2 5 8 }
	Port: AXIvideo2Mat : AXI_video_strm_V_user_V | {2 5 8 }
	Port: AXIvideo2Mat : AXI_video_strm_V_last_V | {2 5 8 }
	Port: AXIvideo2Mat : AXI_video_strm_V_id_V | {2 5 8 }
	Port: AXIvideo2Mat : AXI_video_strm_V_dest_V | {2 5 8 }
  - Chain level:
	State 1
	State 2
		empty_33 : 1
		StgValue_25 : 1
	State 3
		StgValue_27 : 1
	State 4
		exitcond2 : 1
		i_V : 1
		StgValue_35 : 2
	State 5
		exitcond : 1
		j_V : 1
		brmerge : 1
	State 6
		axi_last_V_2 : 1
		p_Val2_s : 1
		tmp_15 : 2
		tmp_4 : 2
		tmp_5 : 2
		StgValue_67 : 3
		StgValue_68 : 3
		StgValue_69 : 3
		empty_35 : 1
		empty_36 : 1
	State 7
	State 8
	State 9
		empty_38 : 1
	State 10


============================================================
+ Verbose Summary: Datapath Resource usage 
============================================================

* Functional unit list:
|----------|--------------------------|---------|---------|
| Operation|      Functional Unit     |    FF   |   LUT   |
|----------|--------------------------|---------|---------|
|    add   |        i_V_fu_334        |    0    |    17   |
|          |        j_V_fu_346        |    0    |    18   |
|----------|--------------------------|---------|---------|
|   icmp   |     exitcond2_fu_328     |    0    |    13   |
|          |      exitcond_fu_340     |    0    |    13   |
|----------|--------------------------|---------|---------|
|    or    |      brmerge_fu_355      |    0    |    2    |
|----------|--------------------------|---------|---------|
|   read   |      grp_read_fu_134     |    0    |    0    |
|----------|--------------------------|---------|---------|
|          | StgValue_67_write_fu_152 |    0    |    0    |
|   write  | StgValue_68_write_fu_159 |    0    |    0    |
|          | StgValue_69_write_fu_166 |    0    |    0    |
|----------|--------------------------|---------|---------|
|          |        grp_fu_309        |    0    |    0    |
|extractvalue|        grp_fu_314        |    0    |    0    |
|          |     tmp_user_V_fu_319    |    0    |    0    |
|----------|--------------------------|---------|---------|
|   trunc  |       tmp_15_fu_366      |    0    |    0    |
|----------|--------------------------|---------|---------|
|partselect|       tmp_4_fu_371       |    0    |    0    |
|          |       tmp_5_fu_382       |    0    |    0    |
|----------|--------------------------|---------|---------|
|   Total  |                          |    0    |    63   |
|----------|--------------------------|---------|---------|

Memories:
N/A

* Register list:
+--------------------+--------+
|                    |   FF   |
+--------------------+--------+
| axi_data_V1_reg_183|   32   |
|axi_data_V_1_reg_238|   32   |
|axi_data_V_3_reg_297|   32   |
| axi_last_V1_reg_173|    1   |
|axi_last_V_2_reg_249|    1   |
|axi_last_V_3_reg_285|    1   |
|   brmerge_reg_431  |    1   |
|    eol_1_reg_227   |    1   |
|    eol_2_reg_274   |    1   |
|     eol_reg_215    |    1   |
|  exitcond2_reg_413 |    1   |
|  exitcond_reg_422  |    1   |
|     i_V_reg_417    |   10   |
|     j_V_reg_426    |   11   |
|  p_Val2_s_reg_262  |   32   |
|    sof_1_reg_406   |    1   |
|    t_V_2_reg_204   |   11   |
|     t_V_reg_193    |   10   |
|tmp_data_V_2_reg_435|   32   |
| tmp_data_V_reg_393 |   32   |
|tmp_last_V_2_reg_440|    1   |
| tmp_last_V_reg_401 |    1   |
+--------------------+--------+
|        Total       |   246  |
+--------------------+--------+

* Multiplexer (MUX) list: 
|-------------|------|------|------|--------||---------||---------|
|     Comp    |  Pin | Size |  BW  | S x BW ||  Delay  ||   LUT   |
|-------------|------|------|------|--------||---------||---------|
| eol_reg_215 |  p0  |   2  |   1  |    2   ||    9    |
|-------------|------|------|------|--------||---------||---------|
|    Total    |      |      |      |    2   ||  0.656  ||    9    |
|-------------|------|------|------|--------||---------||---------|



* Summary:
+-----------+--------+--------+--------+
|           |  Delay |   FF   |   LUT  |
+-----------+--------+--------+--------+
|  Function |    -   |    0   |   63   |
|   Memory  |    -   |    -   |    -   |
|Multiplexer|    0   |    -   |    9   |
|  Register |    -   |   246  |    -   |
+-----------+--------+--------+--------+
|   Total   |    0   |   246  |   72   |
+-----------+--------+--------+--------+
