

================================================================
== Vivado HLS Report for 'gry2rgb'
================================================================
* Date:           Fri May 24 15:46:28 2019

* Version:        2018.3 (Build 2405991 on Thu Dec 06 23:56:15 MST 2018)
* Project:        hls_video_block
* Solution:       solution1
* Product family: zynquplus
* Target device:  xczu9eg-ffvb1156-2-i


================================================================
== Performance Estimates
================================================================
+ Timing (ns): 
    * Summary: 
    +--------+-------+----------+------------+
    |  Clock | Target| Estimated| Uncertainty|
    +--------+-------+----------+------------+
    |ap_clk  |  10.00|     3.855|        1.25|
    +--------+-------+----------+------------+

+ Latency (clock cycles): 
    * Summary: 
    +--------+--------+--------+--------+---------+
    |     Latency     |     Interval    | Pipeline|
    |   min  |   max  |   min  |   max  |   Type  |
    +--------+--------+--------+--------+---------+
    |  921602|  921602|  921602|  921602|   none  |
    +--------+--------+--------+--------+---------+

    + Detail: 
        * Instance: 
        N/A

        * Loop: 
        +----------+--------+--------+----------+-----------+-----------+--------+----------+
        |          |     Latency     | Iteration|  Initiation Interval  |  Trip  |          |
        | Loop Name|   min  |   max  |  Latency |  achieved |   target  |  Count | Pipelined|
        +----------+--------+--------+----------+-----------+-----------+--------+----------+
        |- Loop 1  |  921600|  921600|         2|          1|          1|  921600|    yes   |
        +----------+--------+--------+----------+-----------+-----------+--------+----------+



================================================================
== Utilization Estimates
================================================================
* Summary: 
+-----------------+---------+-------+--------+--------+-----+
|       Name      | BRAM_18K| DSP48E|   FF   |   LUT  | URAM|
+-----------------+---------+-------+--------+--------+-----+
|DSP              |        -|      -|       -|       -|    -|
|Expression       |        -|      -|       0|      59|    -|
|FIFO             |        -|      -|       -|       -|    -|
|Instance         |        -|      -|       -|       -|    -|
|Memory           |        -|      -|       -|       -|    -|
|Multiplexer      |        -|      -|       -|      81|    -|
|Register         |        -|      -|      28|       -|    -|
+-----------------+---------+-------+--------+--------+-----+
|Total            |        0|      0|      28|     140|    0|
+-----------------+---------+-------+--------+--------+-----+
|Available        |     1824|   2520|  548160|  274080|    0|
+-----------------+---------+-------+--------+--------+-----+
|Utilization (%)  |        0|      0|   ~0   |   ~0   |    0|
+-----------------+---------+-------+--------+--------+-----+

+ Detail: 
    * Instance: 
    N/A

    * DSP48: 
    N/A

    * Memory: 
    N/A

    * FIFO: 
    N/A

    * Expression: 
    +----------------------------------+----------+-------+---+----+------------+------------+
    |           Variable Name          | Operation| DSP48E| FF| LUT| Bitwidth P0| Bitwidth P1|
    +----------------------------------+----------+-------+---+----+------------+------------+
    |indvar_flatten_next_fu_74_p2      |     +    |      0|  0|  27|          20|           1|
    |ap_block_pp0_stage0_01001         |    and   |      0|  0|   2|           1|           1|
    |exitcond_flatten_fu_68_p2         |   icmp   |      0|  0|  20|          20|          18|
    |ap_block_state1                   |    or    |      0|  0|   2|           1|           1|
    |ap_block_state3_pp0_stage0_iter1  |    or    |      0|  0|   2|           1|           1|
    |input_pixel_V_fu_80_p3            |  select  |      0|  0|   2|           1|           2|
    |ap_enable_pp0                     |    xor   |      0|  0|   2|           1|           2|
    |ap_enable_reg_pp0_iter1           |    xor   |      0|  0|   2|           2|           1|
    +----------------------------------+----------+-------+---+----+------------+------------+
    |Total                             |          |      0|  0|  59|          47|          27|
    +----------------------------------+----------+-------+---+----+------------+------------+

    * Multiplexer: 
    +-------------------------+----+-----------+-----+-----------+
    |           Name          | LUT| Input Size| Bits| Total Bits|
    +-------------------------+----+-----------+-----+-----------+
    |ap_NS_fsm                |  21|          4|    1|          4|
    |ap_done                  |   9|          2|    1|          2|
    |ap_enable_reg_pp0_iter1  |  15|          3|    1|          3|
    |indvar_flatten_reg_57    |   9|          2|   20|         40|
    |input_mat_data_V_blk_n   |   9|          2|    1|          2|
    |output_mat_data_V_blk_n  |   9|          2|    1|          2|
    |real_start               |   9|          2|    1|          2|
    +-------------------------+----+-----------+-----+-----------+
    |Total                    |  81|         17|   26|         55|
    +-------------------------+----+-----------+-----+-----------+

    * Register: 
    +-------------------------+----+----+-----+-----------+
    |           Name          | FF | LUT| Bits| Const Bits|
    +-------------------------+----+----+-----+-----------+
    |ap_CS_fsm                |   3|   0|    3|          0|
    |ap_done_reg              |   1|   0|    1|          0|
    |ap_enable_reg_pp0_iter0  |   1|   0|    1|          0|
    |ap_enable_reg_pp0_iter1  |   1|   0|    1|          0|
    |exitcond_flatten_reg_99  |   1|   0|    1|          0|
    |indvar_flatten_reg_57    |  20|   0|   20|          0|
    |start_once_reg           |   1|   0|    1|          0|
    +-------------------------+----+----+-----+-----------+
    |Total                    |  28|   0|   28|          0|
    +-------------------------+----+----+-----+-----------+



================================================================
== Interface
================================================================
* Summary: 
+--------------------------+-----+-----+------------+-------------------+--------------+
|         RTL Ports        | Dir | Bits|  Protocol  |   Source Object   |    C Type    |
+--------------------------+-----+-----+------------+-------------------+--------------+
|ap_clk                    |  in |    1| ap_ctrl_hs |      gry2rgb      | return value |
|ap_rst                    |  in |    1| ap_ctrl_hs |      gry2rgb      | return value |
|ap_start                  |  in |    1| ap_ctrl_hs |      gry2rgb      | return value |
|start_full_n              |  in |    1| ap_ctrl_hs |      gry2rgb      | return value |
|ap_done                   | out |    1| ap_ctrl_hs |      gry2rgb      | return value |
|ap_continue               |  in |    1| ap_ctrl_hs |      gry2rgb      | return value |
|ap_idle                   | out |    1| ap_ctrl_hs |      gry2rgb      | return value |
|ap_ready                  | out |    1| ap_ctrl_hs |      gry2rgb      | return value |
|start_out                 | out |    1| ap_ctrl_hs |      gry2rgb      | return value |
|start_write               | out |    1| ap_ctrl_hs |      gry2rgb      | return value |
|input_mat_data_V_dout     |  in |    1|   ap_fifo  |  input_mat_data_V |    pointer   |
|input_mat_data_V_empty_n  |  in |    1|   ap_fifo  |  input_mat_data_V |    pointer   |
|input_mat_data_V_read     | out |    1|   ap_fifo  |  input_mat_data_V |    pointer   |
|output_mat_data_V_din     | out |   17|   ap_fifo  | output_mat_data_V |    pointer   |
|output_mat_data_V_full_n  |  in |    1|   ap_fifo  | output_mat_data_V |    pointer   |
|output_mat_data_V_write   | out |    1|   ap_fifo  | output_mat_data_V |    pointer   |
+--------------------------+-----+-----+------------+-------------------+--------------+

============================================================
+ Verbose Summary: Synthesis Manager
============================================================
InlineROM: 1
ExposeGlobal: 0
============================================================
+ Verbose Summary: CDFG Model
============================================================
IsTopModel: 0
ResetActiveHigh: 1
IsCombinational: 2
IsDatapathOnly: 0
HasWiredReturn: 1
HasMFsm: 0
HasVarLatency: 1
IsPipeline: 0
IsRtlPipelined: 0
IsInstanceOverlapped: 0
IsDontTouch: 0
HasImplIP: 0
IsGatedGlobalClock: 0

+ Individual pipeline summary: 
  * Pipeline-0: initiation interval (II) = 1, depth = 2


============================================================
+ Verbose Summary: Schedule
============================================================
* Number of FSM states : 4
* Pipeline : 1
  Pipeline-0 : II = 1, D = 2, States = { 2 3 }
* Dataflow Pipeline: 0

* FSM state transitions: 
1 --> 
	2  / true
2 --> 
	4  / (exitcond_flatten)
	3  / (!exitcond_flatten)
3 --> 
	2  / true
4 --> 

* FSM state operations: 

State 1 <SV = 0> <Delay = 0.65>
ST_1 : Operation 5 [1/1] (0.00ns)   --->   "call void (...)* @_ssdm_op_SpecInterface(i17* %output_mat_data_V, [8 x i8]* @ap_fifo_str, i32 0, i32 0, [1 x i8]* @p_str, i32 0, i32 0, [1 x i8]* @p_str, [1 x i8]* @p_str, [1 x i8]* @p_str, i32 2, i32 2, i32 16, i32 16, [1 x i8]* @p_str, [1 x i8]* @p_str)"   --->   Operation 5 'specinterface' <Predicate = true> <Delay = 0.00>
ST_1 : Operation 6 [1/1] (0.00ns)   --->   "call void (...)* @_ssdm_op_SpecInterface(i1* %input_mat_data_V, [8 x i8]* @ap_fifo_str, i32 0, i32 0, [1 x i8]* @p_str, i32 0, i32 0, [1 x i8]* @p_str, [1 x i8]* @p_str, [1 x i8]* @p_str, i32 2, i32 2, i32 16, i32 16, [1 x i8]* @p_str, [1 x i8]* @p_str)"   --->   Operation 6 'specinterface' <Predicate = true> <Delay = 0.00>
ST_1 : Operation 7 [1/1] (0.65ns)   --->   "br label %.preheader" [hls_video_block.cpp:145]   --->   Operation 7 'br' <Predicate = true> <Delay = 0.65>

State 2 <SV = 1> <Delay = 1.07>
ST_2 : Operation 8 [1/1] (0.00ns)   --->   "%indvar_flatten = phi i20 [ 0, %0 ], [ %indvar_flatten_next, %.preheader.preheader ]"   --->   Operation 8 'phi' 'indvar_flatten' <Predicate = true> <Delay = 0.00>
ST_2 : Operation 9 [1/1] (1.07ns)   --->   "%exitcond_flatten = icmp eq i20 %indvar_flatten, -126976"   --->   Operation 9 'icmp' 'exitcond_flatten' <Predicate = true> <Delay = 1.07> <Core = "Cmp">   --->   Core 25 'Cmp' <Latency = 0> <II = 1> <Delay = 1.07> <FuncUnit> <Opcode : 'icmp'> <InPorts = 2> <OutPorts = 1>
ST_2 : Operation 10 [1/1] (0.89ns)   --->   "%indvar_flatten_next = add i20 %indvar_flatten, 1"   --->   Operation 10 'add' 'indvar_flatten_next' <Predicate = true> <Delay = 0.89> <Core = "AddSub">   --->   Core 14 'AddSub' <Latency = 0> <II = 1> <Delay = 0.89> <FuncUnit> <Opcode : 'add' 'sub'> <InPorts = 2> <OutPorts = 1>
ST_2 : Operation 11 [1/1] (0.00ns)   --->   "br i1 %exitcond_flatten, label %1, label %.preheader.preheader"   --->   Operation 11 'br' <Predicate = true> <Delay = 0.00>

State 3 <SV = 2> <Delay = 3.85>
ST_3 : Operation 12 [1/1] (0.00ns)   --->   "%tmp_4 = call i32 (...)* @_ssdm_op_SpecRegionBegin([12 x i8]* @p_str10)" [hls_video_block.cpp:146]   --->   Operation 12 'specregionbegin' 'tmp_4' <Predicate = (!exitcond_flatten)> <Delay = 0.00>
ST_3 : Operation 13 [1/1] (0.00ns)   --->   "call void (...)* @_ssdm_op_SpecPipeline(i32 1, i32 1, i32 1, i32 0, [1 x i8]* @p_str1) nounwind" [hls_video_block.cpp:147]   --->   Operation 13 'specpipeline' <Predicate = (!exitcond_flatten)> <Delay = 0.00>
ST_3 : Operation 14 [1/1] (1.83ns)   --->   "%input_mat_data_V_rea = call i1 @_ssdm_op_Read.ap_fifo.volatile.i1P(i1* %input_mat_data_V)"   --->   Operation 14 'read' 'input_mat_data_V_rea' <Predicate = (!exitcond_flatten)> <Delay = 1.83> <Core = "FIFO_SRL">   --->   Core 36 'FIFO_SRL' <Latency = 0> <II = 1> <Delay = 1.83> <Storage> <Opcode : 'read' 'write' 'nbread' 'nbwrite'> <Ports = 0> <Width = 17> <Depth = 0> <FIFO>
ST_3 : Operation 15 [1/1] (0.17ns)   --->   "%input_pixel_V = select i1 %input_mat_data_V_rea, i8 -1, i8 0"   --->   Operation 15 'select' 'input_pixel_V' <Predicate = (!exitcond_flatten)> <Delay = 0.17> <Core = "Sel">   --->   Core 26 'Sel' <Latency = 0> <II = 1> <Delay = 0.17> <FuncUnit> <Opcode : 'select'> <InPorts = 3> <OutPorts = 1>
ST_3 : Operation 16 [1/1] (0.00ns)   --->   "%tmp = call i17 @_ssdm_op_BitConcatenate.i17.i1.i8.i8(i1 %input_mat_data_V_rea, i8 %input_pixel_V, i8 %input_pixel_V)"   --->   Operation 16 'bitconcatenate' 'tmp' <Predicate = (!exitcond_flatten)> <Delay = 0.00>
ST_3 : Operation 17 [1/1] (1.83ns)   --->   "call void @_ssdm_op_Write.ap_fifo.volatile.i17P(i17* %output_mat_data_V, i17 %tmp)" [hls_video_block.cpp:152]   --->   Operation 17 'write' <Predicate = (!exitcond_flatten)> <Delay = 1.83> <Core = "FIFO_SRL">   --->   Core 36 'FIFO_SRL' <Latency = 0> <II = 1> <Delay = 1.83> <Storage> <Opcode : 'read' 'write' 'nbread' 'nbwrite'> <Ports = 0> <Width = 17> <Depth = 0> <FIFO>
ST_3 : Operation 18 [1/1] (0.00ns)   --->   "%empty = call i32 (...)* @_ssdm_op_SpecRegionEnd([12 x i8]* @p_str10, i32 %tmp_4)" [hls_video_block.cpp:153]   --->   Operation 18 'specregionend' 'empty' <Predicate = (!exitcond_flatten)> <Delay = 0.00>
ST_3 : Operation 19 [1/1] (0.00ns)   --->   "br label %.preheader" [hls_video_block.cpp:146]   --->   Operation 19 'br' <Predicate = (!exitcond_flatten)> <Delay = 0.00>

State 4 <SV = 2> <Delay = 0.00>
ST_4 : Operation 20 [1/1] (0.00ns)   --->   "ret void" [hls_video_block.cpp:155]   --->   Operation 20 'ret' <Predicate = true> <Delay = 0.00>


============================================================
+ Verbose Summary: Binding
============================================================
STG Binding: 
---------------- STG Properties BEGIN ----------------
- Is combinational: 0
- Is one-state seq: 0
- Is datapath-only: 0
- Is pipelined: 0
- Is top level: 0
Port [ Return ] is wired: 1; IO mode=ap_ctrl_hs:ce=0
Port [ input_mat_data_V]:  wired=1; compound=1; hidden=0; nouse=0; global=0; static=0; extern=0; dir=0; type=3; pingpong=0; private_global=0; IO mode=ap_fifo:ce=0
Port [ output_mat_data_V]:  wired=1; compound=1; hidden=0; nouse=0; global=0; static=0; extern=0; dir=1; type=3; pingpong=0; private_global=0; IO mode=ap_fifo:ce=0
---------------- STG Properties END ------------------

---------------- Datapath Model BEGIN ----------------

<LifeTime>
<method=bitvector/>
StgValue_5           (specinterface  ) [ 00000]
StgValue_6           (specinterface  ) [ 00000]
StgValue_7           (br             ) [ 01110]
indvar_flatten       (phi            ) [ 00100]
exitcond_flatten     (icmp           ) [ 00110]
indvar_flatten_next  (add            ) [ 01110]
StgValue_11          (br             ) [ 00000]
tmp_4                (specregionbegin) [ 00000]
StgValue_13          (specpipeline   ) [ 00000]
input_mat_data_V_rea (read           ) [ 00000]
input_pixel_V        (select         ) [ 00000]
tmp                  (bitconcatenate ) [ 00000]
StgValue_17          (write          ) [ 00000]
empty                (specregionend  ) [ 00000]
StgValue_19          (br             ) [ 01110]
StgValue_20          (ret            ) [ 00000]
</LifeTime>

<model>

<comp_list>
<comp id="0" class="1000" name="input_mat_data_V">
<pin_list>
<pin id="1" dir="1" index="0" bw="1" slack="0"/>
</pin_list>
<bind>
<StgValue><ssdm name="input_mat_data_V"/></StgValue>
</bind>
</comp>

<comp id="2" class="1000" name="output_mat_data_V">
<pin_list>
<pin id="3" dir="1" index="0" bw="1" slack="0"/>
</pin_list>
<bind>
<StgValue><ssdm name="output_mat_data_V"/></StgValue>
</bind>
</comp>

<comp id="4" class="1001" name="const_4">
<pin_list>
<pin id="5" dir="1" index="0" bw="1" slack="2147483647"/>
</pin_list>
<bind>
<StgValue><ssdm name="_ssdm_op_SpecInterface"/></StgValue>
</bind>
</comp>

<comp id="6" class="1001" name="const_6">
<pin_list>
<pin id="7" dir="1" index="0" bw="1" slack="2147483647"/>
</pin_list>
<bind>
<StgValue><ssdm name="ap_fifo_str"/></StgValue>
</bind>
</comp>

<comp id="8" class="1001" name="const_8">
<pin_list>
<pin id="9" dir="1" index="0" bw="1" slack="2147483647"/>
</pin_list>
<bind>
<StgValue><ssdm name=""/></StgValue>
</bind>
</comp>

<comp id="10" class="1001" name="const_10">
<pin_list>
<pin id="11" dir="1" index="0" bw="1" slack="2147483647"/>
</pin_list>
<bind>
<StgValue><ssdm name="p_str"/></StgValue>
</bind>
</comp>

<comp id="12" class="1001" name="const_12">
<pin_list>
<pin id="13" dir="1" index="0" bw="1" slack="2147483647"/>
</pin_list>
<bind>
<StgValue><ssdm name=""/></StgValue>
</bind>
</comp>

<comp id="14" class="1001" name="const_14">
<pin_list>
<pin id="15" dir="1" index="0" bw="1" slack="2147483647"/>
</pin_list>
<bind>
<StgValue><ssdm name=""/></StgValue>
</bind>
</comp>

<comp id="16" class="1001" name="const_16">
<pin_list>
<pin id="17" dir="1" index="0" bw="1" slack="1"/>
</pin_list>
<bind>
<StgValue><ssdm name=""/></StgValue>
</bind>
</comp>

<comp id="18" class="1001" name="const_18">
<pin_list>
<pin id="19" dir="1" index="0" bw="1" slack="0"/>
</pin_list>
<bind>
<StgValue><ssdm name=""/></StgValue>
</bind>
</comp>

<comp id="20" class="1001" name="const_20">
<pin_list>
<pin id="21" dir="1" index="0" bw="1" slack="0"/>
</pin_list>
<bind>
<StgValue><ssdm name=""/></StgValue>
</bind>
</comp>

<comp id="22" class="1001" name="const_22">
<pin_list>
<pin id="23" dir="1" index="0" bw="1" slack="2147483647"/>
</pin_list>
<bind>
<StgValue><ssdm name="_ssdm_op_SpecRegionBegin"/></StgValue>
</bind>
</comp>

<comp id="24" class="1001" name="const_24">
<pin_list>
<pin id="25" dir="1" index="0" bw="1" slack="2147483647"/>
</pin_list>
<bind>
<StgValue><ssdm name="p_str10"/></StgValue>
</bind>
</comp>

<comp id="26" class="1001" name="const_26">
<pin_list>
<pin id="27" dir="1" index="0" bw="1" slack="2147483647"/>
</pin_list>
<bind>
<StgValue><ssdm name="_ssdm_op_SpecPipeline"/></StgValue>
</bind>
</comp>

<comp id="28" class="1001" name="const_28">
<pin_list>
<pin id="29" dir="1" index="0" bw="1" slack="2147483647"/>
</pin_list>
<bind>
<StgValue><ssdm name=""/></StgValue>
</bind>
</comp>

<comp id="30" class="1001" name="const_30">
<pin_list>
<pin id="31" dir="1" index="0" bw="1" slack="2147483647"/>
</pin_list>
<bind>
<StgValue><ssdm name="p_str1"/></StgValue>
</bind>
</comp>

<comp id="32" class="1001" name="const_32">
<pin_list>
<pin id="33" dir="1" index="0" bw="1" slack="0"/>
</pin_list>
<bind>
<StgValue><ssdm name="_ssdm_op_Read.ap_fifo.volatile.i1P"/></StgValue>
</bind>
</comp>

<comp id="34" class="1001" name="const_34">
<pin_list>
<pin id="35" dir="1" index="0" bw="1" slack="0"/>
</pin_list>
<bind>
<StgValue><ssdm name=""/></StgValue>
</bind>
</comp>

<comp id="36" class="1001" name="const_36">
<pin_list>
<pin id="37" dir="1" index="0" bw="1" slack="0"/>
</pin_list>
<bind>
<StgValue><ssdm name=""/></StgValue>
</bind>
</comp>

<comp id="38" class="1001" name="const_38">
<pin_list>
<pin id="39" dir="1" index="0" bw="1" slack="0"/>
</pin_list>
<bind>
<StgValue><ssdm name="_ssdm_op_BitConcatenate.i17.i1.i8.i8"/></StgValue>
</bind>
</comp>

<comp id="40" class="1001" name="const_40">
<pin_list>
<pin id="41" dir="1" index="0" bw="1" slack="0"/>
</pin_list>
<bind>
<StgValue><ssdm name="_ssdm_op_Write.ap_fifo.volatile.i17P"/></StgValue>
</bind>
</comp>

<comp id="42" class="1001" name="const_42">
<pin_list>
<pin id="43" dir="1" index="0" bw="1" slack="2147483647"/>
</pin_list>
<bind>
<StgValue><ssdm name="_ssdm_op_SpecRegionEnd"/></StgValue>
</bind>
</comp>

<comp id="44" class="1004" name="input_mat_data_V_rea_read_fu_44">
<pin_list>
<pin id="45" dir="0" index="0" bw="1" slack="0"/>
<pin id="46" dir="0" index="1" bw="1" slack="0"/>
<pin id="47" dir="1" index="2" bw="1" slack="0"/>
</pin_list>
<bind>
<opcode="read(1150) " fcode="read"/>
<opset="input_mat_data_V_rea/3 "/>
</bind>
</comp>

<comp id="50" class="1004" name="StgValue_17_write_fu_50">
<pin_list>
<pin id="51" dir="0" index="0" bw="0" slack="0"/>
<pin id="52" dir="0" index="1" bw="17" slack="0"/>
<pin id="53" dir="0" index="2" bw="17" slack="0"/>
<pin id="54" dir="1" index="3" bw="0" slack="2147483647"/>
</pin_list>
<bind>
<opcode="write(1151) " fcode="write"/>
<opset="StgValue_17/3 "/>
</bind>
</comp>

<comp id="57" class="1005" name="indvar_flatten_reg_57">
<pin_list>
<pin id="58" dir="0" index="0" bw="20" slack="1"/>
<pin id="59" dir="1" index="1" bw="20" slack="1"/>
</pin_list>
<bind>
<opset="indvar_flatten (phireg) "/>
</bind>
</comp>

<comp id="61" class="1004" name="indvar_flatten_phi_fu_61">
<pin_list>
<pin id="62" dir="0" index="0" bw="1" slack="1"/>
<pin id="63" dir="0" index="1" bw="0" slack="2147483647"/>
<pin id="64" dir="0" index="2" bw="20" slack="0"/>
<pin id="65" dir="0" index="3" bw="0" slack="2147483647"/>
<pin id="66" dir="1" index="4" bw="20" slack="0"/>
</pin_list>
<bind>
<opcode="phi(47) " fcode="phi"/>
<opset="indvar_flatten/2 "/>
</bind>
</comp>

<comp id="68" class="1004" name="exitcond_flatten_fu_68">
<pin_list>
<pin id="69" dir="0" index="0" bw="20" slack="0"/>
<pin id="70" dir="0" index="1" bw="20" slack="0"/>
<pin id="71" dir="1" index="2" bw="1" slack="1"/>
</pin_list>
<bind>
<opcode="icmp(45) " fcode="icmp"/>
<opset="exitcond_flatten/2 "/>
</bind>
</comp>

<comp id="74" class="1004" name="indvar_flatten_next_fu_74">
<pin_list>
<pin id="75" dir="0" index="0" bw="20" slack="0"/>
<pin id="76" dir="0" index="1" bw="1" slack="0"/>
<pin id="77" dir="1" index="2" bw="20" slack="0"/>
</pin_list>
<bind>
<opcode="add(8) " fcode="add"/>
<opset="indvar_flatten_next/2 "/>
</bind>
</comp>

<comp id="80" class="1004" name="input_pixel_V_fu_80">
<pin_list>
<pin id="81" dir="0" index="0" bw="1" slack="0"/>
<pin id="82" dir="0" index="1" bw="8" slack="0"/>
<pin id="83" dir="0" index="2" bw="8" slack="0"/>
<pin id="84" dir="1" index="3" bw="8" slack="0"/>
</pin_list>
<bind>
<opcode="select(49) " fcode="select"/>
<opset="input_pixel_V/3 "/>
</bind>
</comp>

<comp id="88" class="1004" name="tmp_fu_88">
<pin_list>
<pin id="89" dir="0" index="0" bw="17" slack="0"/>
<pin id="90" dir="0" index="1" bw="1" slack="0"/>
<pin id="91" dir="0" index="2" bw="8" slack="0"/>
<pin id="92" dir="0" index="3" bw="8" slack="0"/>
<pin id="93" dir="1" index="4" bw="17" slack="0"/>
</pin_list>
<bind>
<opcode="bitconcatenate(1004) " fcode="bitconcatenate"/>
<opset="tmp/3 "/>
</bind>
</comp>

<comp id="99" class="1005" name="exitcond_flatten_reg_99">
<pin_list>
<pin id="100" dir="0" index="0" bw="1" slack="1"/>
<pin id="101" dir="1" index="1" bw="1" slack="2147483647"/>
</pin_list>
<bind>
<opset="exitcond_flatten "/>
</bind>
</comp>

<comp id="103" class="1005" name="indvar_flatten_next_reg_103">
<pin_list>
<pin id="104" dir="0" index="0" bw="20" slack="0"/>
<pin id="105" dir="1" index="1" bw="20" slack="0"/>
</pin_list>
<bind>
<opset="indvar_flatten_next "/>
</bind>
</comp>

</comp_list>

<net_list>
<net id="48"><net_src comp="32" pin="0"/><net_sink comp="44" pin=0"/></net>

<net id="49"><net_src comp="0" pin="0"/><net_sink comp="44" pin=1"/></net>

<net id="55"><net_src comp="40" pin="0"/><net_sink comp="50" pin=0"/></net>

<net id="56"><net_src comp="2" pin="0"/><net_sink comp="50" pin=1"/></net>

<net id="60"><net_src comp="16" pin="0"/><net_sink comp="57" pin=0"/></net>

<net id="67"><net_src comp="57" pin="1"/><net_sink comp="61" pin=0"/></net>

<net id="72"><net_src comp="61" pin="4"/><net_sink comp="68" pin=0"/></net>

<net id="73"><net_src comp="18" pin="0"/><net_sink comp="68" pin=1"/></net>

<net id="78"><net_src comp="61" pin="4"/><net_sink comp="74" pin=0"/></net>

<net id="79"><net_src comp="20" pin="0"/><net_sink comp="74" pin=1"/></net>

<net id="85"><net_src comp="44" pin="2"/><net_sink comp="80" pin=0"/></net>

<net id="86"><net_src comp="34" pin="0"/><net_sink comp="80" pin=1"/></net>

<net id="87"><net_src comp="36" pin="0"/><net_sink comp="80" pin=2"/></net>

<net id="94"><net_src comp="38" pin="0"/><net_sink comp="88" pin=0"/></net>

<net id="95"><net_src comp="44" pin="2"/><net_sink comp="88" pin=1"/></net>

<net id="96"><net_src comp="80" pin="3"/><net_sink comp="88" pin=2"/></net>

<net id="97"><net_src comp="80" pin="3"/><net_sink comp="88" pin=3"/></net>

<net id="98"><net_src comp="88" pin="4"/><net_sink comp="50" pin=2"/></net>

<net id="102"><net_src comp="68" pin="2"/><net_sink comp="99" pin=0"/></net>

<net id="106"><net_src comp="74" pin="2"/><net_sink comp="103" pin=0"/></net>

<net id="107"><net_src comp="103" pin="1"/><net_sink comp="61" pin=2"/></net>

</net_list>

</model> 
---------------- Datapath Model END ------------------

* FSMD analyzer results:
  - Output states:
	Port: output_mat_data_V | {3 }
 - Input state : 
	Port: gry2rgb : input_mat_data_V | {3 }
  - Chain level:
	State 1
	State 2
		exitcond_flatten : 1
		indvar_flatten_next : 1
		StgValue_11 : 2
	State 3
		tmp : 1
		StgValue_17 : 2
		empty : 1
	State 4


============================================================
+ Verbose Summary: Datapath Resource usage 
============================================================

* Functional unit list:
|----------|---------------------------------|---------|---------|
| Operation|         Functional Unit         |    FF   |   LUT   |
|----------|---------------------------------|---------|---------|
|    add   |    indvar_flatten_next_fu_74    |    0    |    27   |
|----------|---------------------------------|---------|---------|
|   icmp   |      exitcond_flatten_fu_68     |    0    |    20   |
|----------|---------------------------------|---------|---------|
|  select  |       input_pixel_V_fu_80       |    0    |    8    |
|----------|---------------------------------|---------|---------|
|   read   | input_mat_data_V_rea_read_fu_44 |    0    |    0    |
|----------|---------------------------------|---------|---------|
|   write  |     StgValue_17_write_fu_50     |    0    |    0    |
|----------|---------------------------------|---------|---------|
|bitconcatenate|            tmp_fu_88            |    0    |    0    |
|----------|---------------------------------|---------|---------|
|   Total  |                                 |    0    |    55   |
|----------|---------------------------------|---------|---------|

Memories:
N/A

* Register list:
+---------------------------+--------+
|                           |   FF   |
+---------------------------+--------+
|  exitcond_flatten_reg_99  |    1   |
|indvar_flatten_next_reg_103|   20   |
|   indvar_flatten_reg_57   |   20   |
+---------------------------+--------+
|           Total           |   41   |
+---------------------------+--------+

* Multiplexer (MUX) list: 
|--------|------|------|------|--------|
|  Comp  |  Pin | Size |  BW  | S x BW |
|--------|------|------|------|--------|
|  Total |      |      |      |    0   |
|--------|------|------|------|--------|



* Summary:
+-----------+--------+--------+
|           |   FF   |   LUT  |
+-----------+--------+--------+
|  Function |    0   |   55   |
|   Memory  |    -   |    -   |
|Multiplexer|    -   |    -   |
|  Register |   41   |    -   |
+-----------+--------+--------+
|   Total   |   41   |   55   |
+-----------+--------+--------+
